[0.020s] Invoking command in '/home/vamshin24/turtlebot3_ws/build/gazebo_plugins': AMENT_PREFIX_PATH=/home/vamshin24/turtlebot3_ws/install/gazebo_ros:/home/vamshin24/turtlebot3_ws/install/gazebo_msgs:/home/vamshin24/turtlebot3_ws/install/gazebo_dev:${AMENT_PREFIX_PATH} CMAKE_PREFIX_PATH=/home/vamshin24/turtlebot3_ws/install/gazebo_ros:/home/vamshin24/turtlebot3_ws/install/gazebo_msgs:/home/vamshin24/turtlebot3_ws/install/gazebo_dev:/opt/ros/humble LD_LIBRARY_PATH=/home/vamshin24/turtlebot3_ws/install/gazebo_ros/lib:/home/vamshin24/turtlebot3_ws/install/gazebo_msgs/lib:${LD_LIBRARY_PATH} PYTHONPATH=/home/vamshin24/turtlebot3_ws/install/gazebo_ros/local/lib/python3.10/dist-packages:/home/vamshin24/turtlebot3_ws/install/gazebo_msgs/local/lib/python3.10/dist-packages:${PYTHONPATH} /usr/bin/cmake /home/vamshin24/turtlebot3_ws/src/gazebo_ros_pkgs/gazebo_plugins -DAMENT_CMAKE_SYMLINK_INSTALL=1 -DCMAKE_INSTALL_PREFIX=/home/vamshin24/turtlebot3_ws/install/gazebo_plugins
[0.097s] -- The C compiler identification is GNU 11.4.0
[0.128s] -- The CXX compiler identification is GNU 11.4.0
[0.135s] -- Detecting C compiler ABI info
[0.171s] -- Detecting C compiler ABI info - done
[0.174s] -- Check for working C compiler: /usr/bin/cc - skipped
[0.174s] -- Detecting C compile features
[0.175s] -- Detecting C compile features - done
[0.177s] -- Detecting CXX compiler ABI info
[0.212s] -- Detecting CXX compiler ABI info - done
[0.216s] -- Check for working CXX compiler: /usr/bin/c++ - skipped
[0.216s] -- Detecting CXX compile features
[0.216s] -- Detecting CXX compile features - done
[0.224s] -- Found ament_cmake: 1.3.11 (/opt/ros/humble/share/ament_cmake/cmake)
[0.302s] -- Found Python3: /usr/bin/python3 (found version "3.10.12") found components: Interpreter 
[0.345s] -- Override CMake install command with custom implementation using symlinks instead of copying resources
[0.368s] -- Found camera_info_manager: 3.1.11 (/opt/ros/humble/share/camera_info_manager/cmake)
[0.408s] -- Found rosidl_generator_c: 3.1.6 (/opt/ros/humble/share/rosidl_generator_c/cmake)
[0.412s] -- Found rosidl_adapter: 3.1.6 (/opt/ros/humble/share/rosidl_adapter/cmake)
[0.419s] -- Found rosidl_generator_cpp: 3.1.6 (/opt/ros/humble/share/rosidl_generator_cpp/cmake)
[0.429s] -- Using all available rosidl_typesupport_c: rosidl_typesupport_fastrtps_c;rosidl_typesupport_introspection_c
[0.443s] -- Using all available rosidl_typesupport_cpp: rosidl_typesupport_fastrtps_cpp;rosidl_typesupport_introspection_cpp
[0.483s] -- Found rmw_implementation_cmake: 6.1.2 (/opt/ros/humble/share/rmw_implementation_cmake/cmake)
[0.486s] -- Found rmw_fastrtps_cpp: 6.2.7 (/opt/ros/humble/share/rmw_fastrtps_cpp/cmake)
[0.536s] -- Found OpenSSL: /usr/lib/aarch64-linux-gnu/libcrypto.so (found version "3.0.2")  
[0.552s] -- Found FastRTPS: /opt/ros/humble/include  
[0.573s] -- Using RMW implementation 'rmw_fastrtps_cpp' as default
[0.581s] -- Looking for pthread.h
[0.614s] -- Looking for pthread.h - found
[0.614s] -- Performing Test CMAKE_HAVE_LIBC_PTHREAD
[0.645s] -- Performing Test CMAKE_HAVE_LIBC_PTHREAD - Success
[0.646s] -- Found Threads: TRUE  
[0.718s] -- Found gazebo_dev: 3.9.0 (/home/vamshin24/turtlebot3_ws/install/gazebo_dev/share/gazebo_dev/cmake)
[0.723s] -- Found PkgConfig: /usr/bin/pkg-config (found version "0.29.2") 
[0.723s] -- Checking for module 'bullet>=2.82'
[0.728s] --   Found bullet, version 3.05
[0.765s] -- Found Boost: /usr/lib/aarch64-linux-gnu/cmake/Boost-1.74.0/BoostConfig.cmake (found suitable version "1.74.0", minimum required is "1.40.0") found components: thread system filesystem program_options regex iostreams date_time 
[0.781s] -- Found Protobuf: /usr/lib/aarch64-linux-gnu/libprotobuf.so (found version "3.12.4") 
[0.785s] -- Looking for ignition-math6 -- found version 6.15.1
[0.791s] -- Searching for dependencies of ignition-math6
[0.792s] -- Looking for OGRE...
[0.793s] -- OGRE_PREFIX_WATCH changed.
[0.795s] -- Checking for module 'OGRE'
[0.799s] --   Found OGRE, version 1.9.0
[0.809s] -- Found Ogre Ghadamon (1.9.0)
[0.812s] -- Found OGRE: optimized;/usr/lib/aarch64-linux-gnu/libOgreMain.so;debug;/usr/lib/aarch64-linux-gnu/libOgreMain.so
[0.817s] -- Looking for OGRE_Paging...
[0.820s] -- Found OGRE_Paging: optimized;/usr/lib/aarch64-linux-gnu/libOgrePaging.so;debug;/usr/lib/aarch64-linux-gnu/libOgrePaging.so
[0.820s] -- Looking for OGRE_Terrain...
[0.822s] -- Found OGRE_Terrain: optimized;/usr/lib/aarch64-linux-gnu/libOgreTerrain.so;debug;/usr/lib/aarch64-linux-gnu/libOgreTerrain.so
[0.822s] -- Looking for OGRE_Property...
[0.825s] -- Found OGRE_Property: optimized;/usr/lib/aarch64-linux-gnu/libOgreProperty.so;debug;/usr/lib/aarch64-linux-gnu/libOgreProperty.so
[0.825s] -- Looking for OGRE_RTShaderSystem...
[0.828s] -- Found OGRE_RTShaderSystem: optimized;/usr/lib/aarch64-linux-gnu/libOgreRTShaderSystem.so;debug;/usr/lib/aarch64-linux-gnu/libOgreRTShaderSystem.so
[0.828s] -- Looking for OGRE_Volume...
[0.831s] -- Found OGRE_Volume: optimized;/usr/lib/aarch64-linux-gnu/libOgreVolume.so;debug;/usr/lib/aarch64-linux-gnu/libOgreVolume.so
[0.831s] -- Looking for OGRE_Overlay...
[0.834s] -- Found OGRE_Overlay: optimized;/usr/lib/aarch64-linux-gnu/libOgreOverlay.so;debug;/usr/lib/aarch64-linux-gnu/libOgreOverlay.so
[0.965s] -- Looking for ignition-math6 -- found version 6.15.1
[0.971s] -- Looking for ignition-transport8 -- found version 8.2.1
[0.972s] -- Searching for dependencies of ignition-transport8
[0.990s] -- Found Protobuf: /usr/lib/aarch64-linux-gnu/libprotobuf.so (found suitable version "3.12.4", minimum required is "3") 
[1.014s] -- Config-file not installed for ZeroMQ -- checking for pkg-config
[1.023s] -- Checking for module 'libzmq >= 4'
[1.037s] --   Found libzmq , version 4.3.4
[1.063s] -- Found ZeroMQ: TRUE (Required is at least version "4") 
[1.068s] -- Checking for module 'uuid'
[1.079s] --   Found uuid, version 2.37.2
[1.093s] -- Found UUID: TRUE  
[1.094s] -- Looking for ignition-msgs5 -- found version 5.8.1
[1.095s] -- Searching for dependencies of ignition-msgs5
[1.106s] -- Looking for ignition-math6 -- found version 6.15.1
[1.108s] -- Checking for module 'tinyxml2'
[1.114s] --   Found tinyxml2, version 9.0.0
[1.125s] -- Looking for ignition-msgs5 -- found version 5.8.1
[1.128s] -- Looking for ignition-common3 -- found version 3.14.0
[1.128s] -- Searching for dependencies of ignition-common3
[1.129s] -- Looking for dlfcn.h - found
[1.129s] -- Looking for libdl - found
[1.130s] -- Found DL: TRUE  
[1.136s] -- Found tinyobjloader: /usr/lib/aarch64-linux-gnu/cmake/tinyobjloader/tinyobjloader-config.cmake (found version "2.0.0") 
[1.136s] -- Searching for <ignition-common3> component [graphics]
[1.138s] -- Looking for ignition-common3-graphics -- found version 3.14.0
[1.138s] -- Searching for dependencies of ignition-common3-graphics
[1.138s] -- Looking for ignition-math6 -- found version 6.15.1
[1.140s] -- Looking for ignition-fuel_tools4 -- found version 4.4.0
[1.140s] -- Searching for dependencies of ignition-fuel_tools4
[1.172s] -- Found CURL: /usr/lib/aarch64-linux-gnu/libcurl.so (found version "7.81.0")  
[1.178s] -- Checking for module 'jsoncpp'
[1.183s] --   Found jsoncpp, version 1.9.5
[1.193s] -- Found JSONCPP: TRUE  
[1.196s] -- Checking for module 'libzip'
[1.201s] --   Found libzip, version 1.7.3
[1.211s] -- Found ZIP: TRUE  
[1.211s] -- Looking for ignition-common3 -- found version 3.14.0
[1.211s] -- Looking for ignition-math6 -- found version 6.15.1
[1.211s] -- Looking for ignition-msgs5 -- found version 5.8.1
[1.214s] -- Gazebo version: 11.15
[1.214s] -- Checking for module 'tbb'
[1.219s] --   Found tbb, version 2021.5.0
[1.230s] -- Found gazebo_msgs: 3.9.0 (/home/vamshin24/turtlebot3_ws/install/gazebo_msgs/share/gazebo_msgs/cmake)
[1.258s] -- Found gazebo_ros: 3.9.0 (/home/vamshin24/turtlebot3_ws/install/gazebo_ros/share/gazebo_ros/cmake)
[1.261s] -- Found image_transport: 3.1.11 (/opt/ros/humble/share/image_transport/cmake)
[1.288s] -- Found cv_bridge: 3.2.1 (/opt/ros/humble/share/cv_bridge/cmake)
[1.297s] -- Found nav_msgs: 4.8.0 (/opt/ros/humble/share/nav_msgs/cmake)
[1.311s] -- Found std_srvs: 4.8.0 (/opt/ros/humble/share/std_srvs/cmake)
[1.321s] -- Found tf2: 0.25.12 (/opt/ros/humble/share/tf2/cmake)
[1.324s] -- Found tf2_geometry_msgs: 0.25.12 (/opt/ros/humble/share/tf2_geometry_msgs/cmake)
[1.336s] -- Found eigen3_cmake_module: 0.1.1 (/opt/ros/humble/share/eigen3_cmake_module/cmake)
[1.337s] -- Found Eigen3: TRUE (found version "3.4.0") 
[1.337s] -- Ensuring Eigen3 include directory is part of orocos-kdl CMake target
[1.448s] -- Found ament_cmake_gtest: 1.3.11 (/opt/ros/humble/share/ament_cmake_gtest/cmake)
[1.458s] -- Found gtest sources under '/opt/ros/humble/src/gtest_vendor': C++ tests using 'Google Test' will be built
[1.548s] -- Found ament_lint_auto: 0.12.12 (/opt/ros/humble/share/ament_lint_auto/cmake)
[1.609s] -- Added test 'copyright' to check source files copyright and LICENSE
[1.612s] -- Added test 'cppcheck' to perform static code analysis on C / C++ code
[1.614s] -- Configured cppcheck include dirs: /home/vamshin24/turtlebot3_ws/src/gazebo_ros_pkgs/gazebo_plugins/include
[1.614s] -- Configured cppcheck exclude dirs and/or files: 
[1.614s] -- Added test 'flake8' to check Python code syntax and style conventions
[1.615s] -- Added test 'lint_cmake' to check CMake code style
[1.616s] -- Added test 'pep257' to check Python code against some of the docstring style conventions in PEP 257
[1.618s] -- Added test 'uncrustify' to check C / C++ code style
[1.618s] -- Configured uncrustify additional arguments: 
[1.619s] -- Added test 'xmllint' to check XML markup files
[1.621s] -- Configuring done
[1.881s] -- Generating done
[1.932s] -- Build files have been written to: /home/vamshin24/turtlebot3_ws/build/gazebo_plugins
[1.945s] Invoked command in '/home/vamshin24/turtlebot3_ws/build/gazebo_plugins' returned '0': AMENT_PREFIX_PATH=/home/vamshin24/turtlebot3_ws/install/gazebo_ros:/home/vamshin24/turtlebot3_ws/install/gazebo_msgs:/home/vamshin24/turtlebot3_ws/install/gazebo_dev:${AMENT_PREFIX_PATH} CMAKE_PREFIX_PATH=/home/vamshin24/turtlebot3_ws/install/gazebo_ros:/home/vamshin24/turtlebot3_ws/install/gazebo_msgs:/home/vamshin24/turtlebot3_ws/install/gazebo_dev:/opt/ros/humble LD_LIBRARY_PATH=/home/vamshin24/turtlebot3_ws/install/gazebo_ros/lib:/home/vamshin24/turtlebot3_ws/install/gazebo_msgs/lib:${LD_LIBRARY_PATH} PYTHONPATH=/home/vamshin24/turtlebot3_ws/install/gazebo_ros/local/lib/python3.10/dist-packages:/home/vamshin24/turtlebot3_ws/install/gazebo_msgs/local/lib/python3.10/dist-packages:${PYTHONPATH} /usr/bin/cmake /home/vamshin24/turtlebot3_ws/src/gazebo_ros_pkgs/gazebo_plugins -DAMENT_CMAKE_SYMLINK_INSTALL=1 -DCMAKE_INSTALL_PREFIX=/home/vamshin24/turtlebot3_ws/install/gazebo_plugins
[1.949s] Invoking command in '/home/vamshin24/turtlebot3_ws/build/gazebo_plugins': AMENT_PREFIX_PATH=/home/vamshin24/turtlebot3_ws/install/gazebo_ros:/home/vamshin24/turtlebot3_ws/install/gazebo_msgs:/home/vamshin24/turtlebot3_ws/install/gazebo_dev:${AMENT_PREFIX_PATH} CMAKE_PREFIX_PATH=/home/vamshin24/turtlebot3_ws/install/gazebo_ros:/home/vamshin24/turtlebot3_ws/install/gazebo_msgs:/home/vamshin24/turtlebot3_ws/install/gazebo_dev:/opt/ros/humble LD_LIBRARY_PATH=/home/vamshin24/turtlebot3_ws/install/gazebo_ros/lib:/home/vamshin24/turtlebot3_ws/install/gazebo_msgs/lib:${LD_LIBRARY_PATH} PYTHONPATH=/home/vamshin24/turtlebot3_ws/install/gazebo_ros/local/lib/python3.10/dist-packages:/home/vamshin24/turtlebot3_ws/install/gazebo_msgs/local/lib/python3.10/dist-packages:${PYTHONPATH} /usr/bin/cmake --build /home/vamshin24/turtlebot3_ws/build/gazebo_plugins -- -j4 -l4
[1.976s] [  3%] [32mBuilding CXX object CMakeFiles/gazebo_ros_diff_drive.dir/src/gazebo_ros_diff_drive.cpp.o[0m
[1.976s] [  4%] [32mBuilding CXX object CMakeFiles/gazebo_ros_template.dir/src/gazebo_ros_template.cpp.o[0m
[1.976s] [  4%] [32mBuilding CXX object CMakeFiles/gazebo_ros_force.dir/src/gazebo_ros_force.cpp.o[0m
[1.976s] [  3%] [32mBuilding CXX object CMakeFiles/gazebo_ros_joint_state_publisher.dir/src/gazebo_ros_joint_state_publisher.cpp.o[0m
[24.027s] [  5%] [32m[1mLinking CXX shared library libgazebo_ros_template.so[0m
[24.655s] [  5%] Built target gazebo_ros_template
[28.108s] [  6%] [32m[1mLinking CXX shared library libgazebo_ros_force.so[0m
[28.735s] [  6%] Built target gazebo_ros_force
[29.974s] [  8%] [32m[1mLinking CXX shared library libgazebo_ros_joint_state_publisher.so[0m
[30.223s] [  8%] Built target gazebo_ros_joint_state_publisher
[31.072s] [  9%] [32m[1mLinking CXX shared library libgazebo_ros_diff_drive.so[0m
[31.554s] [  9%] Built target gazebo_ros_diff_drive
[31.570s] [ 10%] [32mBuilding CXX object CMakeFiles/gazebo_ros_gps_sensor.dir/src/gazebo_ros_gps_sensor.cpp.o[0m
[37.900s] [ 11%] [32m[1mLinking CXX shared library libgazebo_ros_gps_sensor.so[0m
[38.100s] [ 11%] Built target gazebo_ros_gps_sensor
[38.111s] [ 12%] [32mBuilding CXX object CMakeFiles/gazebo_ros_ray_sensor.dir/src/gazebo_ros_ray_sensor.cpp.o[0m
[45.931s] [ 13%] [32m[1mLinking CXX shared library libgazebo_ros_ray_sensor.so[0m
[46.238s] [ 13%] Built target gazebo_ros_ray_sensor
[46.248s] [ 15%] [32mBuilding CXX object CMakeFiles/gazebo_ros_p3d.dir/src/gazebo_ros_p3d.cpp.o[0m
[51.972s] [ 16%] [32m[1mLinking CXX shared library libgazebo_ros_p3d.so[0m
[52.201s] [ 16%] Built target gazebo_ros_p3d
[52.210s] [ 17%] [32mBuilding CXX object CMakeFiles/gazebo_ros_tricycle_drive.dir/src/gazebo_ros_tricycle_drive.cpp.o[0m
[59.702s] [ 18%] [32m[1mLinking CXX shared library libgazebo_ros_tricycle_drive.so[0m
[60.128s] [ 18%] Built target gazebo_ros_tricycle_drive
[60.137s] [ 19%] [32mBuilding CXX object CMakeFiles/gazebo_ros_video.dir/src/gazebo_ros_video.cpp.o[0m
[73.335s] [ 20%] [32m[1mLinking CXX shared library libgazebo_ros_video.so[0m
[73.761s] [ 20%] Built target gazebo_ros_video
[73.770s] [ 22%] [32mBuilding CXX object CMakeFiles/gazebo_ros_ft_sensor.dir/src/gazebo_ros_ft_sensor.cpp.o[0m
[79.450s] [ 23%] [32m[1mLinking CXX shared library libgazebo_ros_ft_sensor.so[0m
[79.657s] [ 23%] Built target gazebo_ros_ft_sensor
[79.666s] [ 24%] [32mBuilding CXX object CMakeFiles/gazebo_ros_bumper.dir/src/gazebo_ros_bumper.cpp.o[0m
[84.677s] [ 25%] [32mBuilding CXX object CMakeFiles/gazebo_ros_harness.dir/src/gazebo_ros_harness.cpp.o[0m
[85.561s] [ 26%] [32m[1mLinking CXX shared library libgazebo_ros_bumper.so[0m
[85.686s] [ 27%] [32mBuilding CXX object CMakeFiles/gazebo_ros_imu_sensor.dir/src/gazebo_ros_imu_sensor.cpp.o[0m
[85.845s] [ 27%] Built target gazebo_ros_bumper
[85.856s] [ 29%] [32mBuilding CXX object CMakeFiles/multi_camera_plugin.dir/src/multi_camera_plugin.cpp.o[0m
[86.868s] [ 30%] [32mBuilding CXX object CMakeFiles/gazebo_ros_hand_of_god.dir/src/gazebo_ros_hand_of_god.cpp.o[0m
[101.808s] [ 31%] [32m[1mLinking CXX shared library libgazebo_ros_hand_of_god.so[0m
[102.389s] [ 31%] Built target gazebo_ros_hand_of_god
[104.047s] [ 32%] [32m[1mLinking CXX shared library libgazebo_ros_imu_sensor.so[0m
[104.278s] [ 32%] Built target gazebo_ros_imu_sensor
[108.236s] [ 33%] [32m[1mLinking CXX shared library libgazebo_ros_harness.so[0m
[108.795s] [ 33%] Built target gazebo_ros_harness
[112.221s] [ 34%] [32m[1mLinking CXX shared library libmulti_camera_plugin.so[0m
[112.316s] [ 34%] Built target multi_camera_plugin
[112.334s] [ 36%] [32mBuilding CXX object CMakeFiles/gazebo_ros_vacuum_gripper.dir/src/gazebo_ros_vacuum_gripper.cpp.o[0m
[118.437s] [ 37%] [32m[1mLinking CXX shared library libgazebo_ros_vacuum_gripper.so[0m
[118.669s] [ 37%] Built target gazebo_ros_vacuum_gripper
[118.678s] [ 38%] [32mBuilding CXX object CMakeFiles/gazebo_ros_joint_pose_trajectory.dir/src/gazebo_ros_joint_pose_trajectory.cpp.o[0m
[125.704s] [ 39%] [32m[1mLinking CXX shared library libgazebo_ros_joint_pose_trajectory.so[0m
[126.067s] [ 39%] Built target gazebo_ros_joint_pose_trajectory
[126.077s] [ 40%] [32mBuilding CXX object CMakeFiles/gazebo_ros_planar_move.dir/src/gazebo_ros_planar_move.cpp.o[0m
[133.220s] [ 41%] [32m[1mLinking CXX shared library libgazebo_ros_planar_move.so[0m
[133.628s] [ 41%] Built target gazebo_ros_planar_move
[133.637s] [ 43%] [32mBuilding CXX object CMakeFiles/gazebo_ros_projector.dir/src/gazebo_ros_projector.cpp.o[0m
[141.587s] [ 44%] [32m[1mLinking CXX shared library libgazebo_ros_projector.so[0m
[141.945s] [ 44%] Built target gazebo_ros_projector
[141.955s] [ 45%] [32mBuilding CXX object CMakeFiles/gazebo_ros_wheel_slip.dir/src/gazebo_ros_wheel_slip.cpp.o[0m
[149.976s] [ 46%] [32mBuilding CXX object gtest/CMakeFiles/gtest_main.dir/src/gtest_main.cc.o[0m
[150.247s] [ 47%] [32m[1mLinking CXX static library libgtest_main.a[0m
[150.263s] [ 47%] Built target gtest_main
[150.268s] [ 48%] [32mBuilding CXX object CMakeFiles/gazebo_ros_elevator.dir/src/gazebo_ros_elevator.cpp.o[0m
[150.272s] [ 50%] [32mBuilding CXX object CMakeFiles/gazebo_ros_ackermann_drive.dir/src/gazebo_ros_ackermann_drive.cpp.o[0m
[150.627s] [ 51%] [32m[1mLinking CXX shared library libgazebo_ros_wheel_slip.so[0m
[151.114s] [ 51%] Built target gazebo_ros_wheel_slip
[151.125s] [ 52%] [32mBuilding CXX object gtest/CMakeFiles/gtest.dir/src/gtest-all.cc.o[0m
[152.502s] [ 53%] [32m[1mLinking CXX static library libgtest.a[0m
[152.536s] [ 53%] Built target gtest
[152.546s] [ 54%] [32mBuilding CXX object CMakeFiles/gazebo_ros_camera.dir/src/gazebo_ros_camera.cpp.o[0m
[153.573s] [ 55%] [32mBuilding CXX object test/CMakeFiles/test_gazebo_ros_ackermann_drive.dir/test_gazebo_ros_ackermann_drive.cpp.o[0m
[159.705s] [ 56%] [32m[1mLinking CXX shared library libgazebo_ros_elevator.so[0m
[160.534s] [ 56%] Built target gazebo_ros_elevator
[212.514s] [ 58%] [32m[1mLinking CXX executable test_gazebo_ros_ackermann_drive[0m
[214.022s] [ 58%] Built target test_gazebo_ros_ackermann_drive
[222.955s] [ 59%] [32m[1mLinking CXX shared library libgazebo_ros_ackermann_drive.so[0m
[223.408s] [ 59%] Built target gazebo_ros_ackermann_drive
[232.629s] [ 60%] [32m[1mLinking CXX shared library libgazebo_ros_camera.so[0m
[233.156s] [ 60%] Built target gazebo_ros_camera
[233.172s] [ 61%] [32mBuilding CXX object test/CMakeFiles/test_gazebo_ros_elevator.dir/test_gazebo_ros_elevator.cpp.o[0m
[246.172s] [ 62%] [32m[1mLinking CXX executable test_gazebo_ros_elevator[0m
[246.920s] [ 62%] Built target test_gazebo_ros_elevator
[246.938s] [ 63%] [32mBuilding CXX object test/CMakeFiles/test_gazebo_ros_force.dir/test_gazebo_ros_force.cpp.o[0m
[259.973s] [ 65%] [32mBuilding CXX object test/CMakeFiles/test_gazebo_ros_ft_sensor.dir/test_gazebo_ros_ft_sensor.cpp.o[0m
[261.749s] [ 66%] [32m[1mLinking CXX executable test_gazebo_ros_force[0m
[261.983s] [ 67%] [32mBuilding CXX object test/CMakeFiles/test_gazebo_ros_diff_drive.dir/test_gazebo_ros_diff_drive.cpp.o[0m
[262.640s] [ 67%] Built target test_gazebo_ros_force
[263.653s] [ 68%] [32mBuilding CXX object test/CMakeFiles/test_gazebo_ros_hand_of_god.dir/test_gazebo_ros_hand_of_god.cpp.o[0m
[265.676s] [ 69%] [32mBuilding CXX object test/CMakeFiles/test_gazebo_ros_bumper.dir/test_gazebo_ros_bumper.cpp.o[0m
[490.418s] [01m[Kc++:[m[K [01;31m[Kfatal error: [m[KKilled signal terminated program cc1plus
[490.429s] compilation terminated.
[490.430s] gmake[2]: *** [test/CMakeFiles/test_gazebo_ros_bumper.dir/build.make:76: test/CMakeFiles/test_gazebo_ros_bumper.dir/test_gazebo_ros_bumper.cpp.o] Error 1
[490.431s] gmake[1]: *** [CMakeFiles/Makefile2:876: test/CMakeFiles/test_gazebo_ros_bumper.dir/all] Error 2
[490.431s] gmake[1]: *** Waiting for unfinished jobs....
[599.497s] [ 70%] [32m[1mLinking CXX executable test_gazebo_ros_hand_of_god[0m
[600.948s] [ 70%] Built target test_gazebo_ros_hand_of_god
[614.795s] [ 72%] [32m[1mLinking CXX executable test_gazebo_ros_diff_drive[0m
[615.566s] [ 73%] [32m[1mLinking CXX executable test_gazebo_ros_ft_sensor[0m
[616.307s] [ 73%] Built target test_gazebo_ros_diff_drive
[616.443s] [ 73%] Built target test_gazebo_ros_ft_sensor
[616.455s] gmake: *** [Makefile:146: all] Error 2
[616.509s] Invoked command in '/home/vamshin24/turtlebot3_ws/build/gazebo_plugins' returned '2': AMENT_PREFIX_PATH=/home/vamshin24/turtlebot3_ws/install/gazebo_ros:/home/vamshin24/turtlebot3_ws/install/gazebo_msgs:/home/vamshin24/turtlebot3_ws/install/gazebo_dev:${AMENT_PREFIX_PATH} CMAKE_PREFIX_PATH=/home/vamshin24/turtlebot3_ws/install/gazebo_ros:/home/vamshin24/turtlebot3_ws/install/gazebo_msgs:/home/vamshin24/turtlebot3_ws/install/gazebo_dev:/opt/ros/humble LD_LIBRARY_PATH=/home/vamshin24/turtlebot3_ws/install/gazebo_ros/lib:/home/vamshin24/turtlebot3_ws/install/gazebo_msgs/lib:${LD_LIBRARY_PATH} PYTHONPATH=/home/vamshin24/turtlebot3_ws/install/gazebo_ros/local/lib/python3.10/dist-packages:/home/vamshin24/turtlebot3_ws/install/gazebo_msgs/local/lib/python3.10/dist-packages:${PYTHONPATH} /usr/bin/cmake --build /home/vamshin24/turtlebot3_ws/build/gazebo_plugins -- -j4 -l4
