[0.007s] Invoking command in '/home/vamshin24/turtlebot3_ws/build/gazebo_plugins': AMENT_PREFIX_PATH=/home/vamshin24/turtlebot3_ws/install/gazebo_ros:/home/vamshin24/turtlebot3_ws/install/gazebo_msgs:/home/vamshin24/turtlebot3_ws/install/gazebo_dev:${AMENT_PREFIX_PATH} CMAKE_PREFIX_PATH=/home/vamshin24/turtlebot3_ws/install/gazebo_ros:/home/vamshin24/turtlebot3_ws/install/gazebo_msgs:/home/vamshin24/turtlebot3_ws/install/gazebo_dev:/opt/ros/humble LD_LIBRARY_PATH=/home/vamshin24/turtlebot3_ws/install/gazebo_ros/lib:/home/vamshin24/turtlebot3_ws/install/gazebo_msgs/lib:${LD_LIBRARY_PATH} PYTHONPATH=/home/vamshin24/turtlebot3_ws/install/gazebo_ros/local/lib/python3.10/dist-packages:/home/vamshin24/turtlebot3_ws/install/gazebo_msgs/local/lib/python3.10/dist-packages:${PYTHONPATH} /usr/bin/cmake --build /home/vamshin24/turtlebot3_ws/build/gazebo_plugins -- -j4 -l4
[0.057s] [  4%] Built target gazebo_ros_joint_state_publisher
[0.057s] [  4%] Built target gazebo_ros_template
[0.059s] [  6%] Built target gazebo_ros_force
[0.060s] [  9%] Built target gazebo_ros_diff_drive
[0.080s] [ 13%] Built target gazebo_ros_gps_sensor
[0.080s] [ 16%] Built target multi_camera_plugin
[0.080s] [ 13%] Built target gazebo_ros_imu_sensor
[0.086s] [ 18%] Built target gazebo_ros_ray_sensor
[0.103s] [ 20%] Built target gazebo_ros_p3d
[0.103s] [ 23%] Built target gazebo_ros_tricycle_drive
[0.107s] [ 25%] Built target gazebo_ros_ft_sensor
[0.108s] [ 27%] Built target gazebo_ros_video
[0.126s] [ 30%] Built target gazebo_ros_harness
[0.126s] [ 32%] Built target gazebo_ros_bumper
[0.131s] [ 34%] Built target gazebo_ros_hand_of_god
[0.140s] [ 37%] Built target gazebo_ros_ackermann_drive
[0.147s] [ 41%] Built target gazebo_ros_elevator
[0.147s] [ 41%] Built target gazebo_ros_vacuum_gripper
[0.154s] [ 44%] Built target gazebo_ros_joint_pose_trajectory
[0.161s] [ 46%] Built target gazebo_ros_planar_move
[0.165s] [ 48%] Built target gtest_main
[0.172s] [ 53%] Built target gazebo_ros_wheel_slip
[0.173s] [ 53%] Built target gazebo_ros_projector
[0.173s] [ 55%] Built target gtest
[0.183s] [ 56%] [32mBuilding CXX object test/CMakeFiles/test_gazebo_ros_bumper.dir/test_gazebo_ros_bumper.cpp.o[0m
[0.191s] [ 59%] Built target gazebo_ros_camera
[0.201s] [ 61%] Built target test_gazebo_ros_ackermann_drive
[0.208s] [ 63%] Built target test_gazebo_ros_diff_drive
[0.219s] [ 66%] Built target test_gazebo_ros_elevator
[0.228s] [ 68%] Built target test_gazebo_ros_force
[0.234s] [ 70%] Built target test_gazebo_ros_ft_sensor
[0.238s] [ 72%] [32mBuilding CXX object test/CMakeFiles/test_gazebo_ros_harness.dir/test_gazebo_ros_harness.cpp.o[0m
[0.245s] [ 73%] [32mBuilding CXX object test/CMakeFiles/test_gazebo_ros_imu_sensor.dir/test_gazebo_ros_imu_sensor.cpp.o[0m
[0.252s] [ 75%] Built target test_gazebo_ros_hand_of_god
[0.277s] [ 76%] [32mBuilding CXX object test/CMakeFiles/test_gazebo_ros_gps_sensor.dir/test_gazebo_ros_gps_sensor.cpp.o[0m
