[0.007s] Invoking command in '/home/vamshin24/turtlebot3_ws/build/gazebo_plugins': AMENT_PREFIX_PATH=/home/vamshin24/turtlebot3_ws/install/gazebo_ros:/home/vamshin24/turtlebot3_ws/install/gazebo_msgs:/home/vamshin24/turtlebot3_ws/install/gazebo_dev:${AMENT_PREFIX_PATH} CMAKE_PREFIX_PATH=/home/vamshin24/turtlebot3_ws/install/gazebo_ros:/home/vamshin24/turtlebot3_ws/install/gazebo_msgs:/home/vamshin24/turtlebot3_ws/install/gazebo_dev:/opt/ros/humble LD_LIBRARY_PATH=/home/vamshin24/turtlebot3_ws/install/gazebo_ros/lib:/home/vamshin24/turtlebot3_ws/install/gazebo_msgs/lib:${LD_LIBRARY_PATH} PYTHONPATH=/home/vamshin24/turtlebot3_ws/install/gazebo_ros/local/lib/python3.10/dist-packages:/home/vamshin24/turtlebot3_ws/install/gazebo_msgs/local/lib/python3.10/dist-packages:${PYTHONPATH} /usr/bin/cmake --build /home/vamshin24/turtlebot3_ws/build/gazebo_plugins -- -j6 -l6
[0.058s] [  4%] Built target gazebo_ros_force
[0.058s] [  4%] Built target gazebo_ros_joint_state_publisher
[0.058s] [  6%] Built target gazebo_ros_template
[0.060s] [  9%] Built target multi_camera_plugin
[0.064s] [ 11%] Built target gazebo_ros_diff_drive
[0.065s] [ 13%] Built target gazebo_ros_imu_sensor
[0.081s] [ 16%] Built target gazebo_ros_gps_sensor
[0.087s] [ 18%] Built target gazebo_ros_ray_sensor
[0.087s] [ 20%] Built target gazebo_ros_p3d
[0.088s] [ 23%] Built target gazebo_ros_ft_sensor
[0.088s] [ 25%] Built target gazebo_ros_tricycle_drive
[0.104s] [ 27%] Built target gazebo_ros_video
[0.110s] [ 30%] Built target gazebo_ros_elevator
[0.112s] [ 32%] Built target gazebo_ros_bumper
[0.112s] [ 34%] Built target gazebo_ros_harness
[0.114s] [ 37%] Built target gazebo_ros_hand_of_god
[0.115s] [ 39%] Built target gazebo_ros_ackermann_drive
[0.126s] [ 44%] Built target gtest_main
[0.127s] [ 44%] Built target gazebo_ros_vacuum_gripper
[0.135s] [ 46%] Built target gazebo_ros_planar_move
[0.135s] [ 48%] Built target gazebo_ros_joint_pose_trajectory
[0.137s] [ 51%] Built target gazebo_ros_projector
[0.138s] [ 53%] Built target gazebo_ros_wheel_slip
[0.140s] [ 55%] Built target gtest
[0.153s] [ 56%] [32mBuilding CXX object test/CMakeFiles/test_gazebo_ros_bumper.dir/test_gazebo_ros_bumper.cpp.o[0m
[0.154s] [ 59%] Built target gazebo_ros_camera
[0.170s] [ 63%] Built target test_gazebo_ros_ackermann_drive
[0.170s] [ 63%] Built target test_gazebo_ros_force
[0.171s] [ 66%] Built target test_gazebo_ros_elevator
[0.173s] [ 68%] Built target test_gazebo_ros_diff_drive
[0.181s] [ 69%] [32mBuilding CXX object test/CMakeFiles/test_gazebo_ros_harness.dir/test_gazebo_ros_harness.cpp.o[0m
[0.185s] [ 70%] [32mBuilding CXX object test/CMakeFiles/test_gazebo_ros_imu_sensor.dir/test_gazebo_ros_imu_sensor.cpp.o[0m
[0.186s] [ 73%] Built target test_gazebo_ros_ft_sensor
[0.189s] [ 74%] [32mBuilding CXX object test/CMakeFiles/test_gazebo_ros_gps_sensor.dir/test_gazebo_ros_gps_sensor.cpp.o[0m
[0.199s] [ 75%] [32mBuilding CXX object test/CMakeFiles/test_gazebo_ros_joint_pose_trajectory.dir/test_gazebo_ros_joint_pose_trajectory.cpp.o[0m
[0.203s] [ 77%] Built target test_gazebo_ros_hand_of_god
[0.216s] [ 79%] [32mBuilding CXX object test/CMakeFiles/test_gazebo_ros_joint_state_publisher.dir/test_gazebo_ros_joint_state_publisher.cpp.o[0m
