[  4%] Built target gazebo_ros_template
[  4%] Built target gazebo_ros_joint_state_publisher
[  6%] Built target gazebo_ros_diff_drive
[  9%] Built target gazebo_ros_force
[ 13%] Built target gazebo_ros_imu_sensor
[ 13%] Built target multi_camera_plugin
[ 16%] Built target gazebo_ros_gps_sensor
[ 18%] Built target gazebo_ros_ray_sensor
[ 20%] Built target gazebo_ros_tricycle_drive
[ 23%] Built target gazebo_ros_p3d
[ 25%] Built target gazebo_ros_ft_sensor
[ 27%] Built target gazebo_ros_video
[ 30%] Built target gazebo_ros_harness
[ 32%] Built target gazebo_ros_bumper
[ 37%] Built target gazebo_ros_ackermann_drive
[ 37%] Built target gazebo_ros_hand_of_god
[ 39%] Built target gazebo_ros_elevator
[ 41%] Built target gazebo_ros_vacuum_gripper
[ 44%] Built target gazebo_ros_joint_pose_trajectory
[ 46%] Built target gazebo_ros_planar_move
[ 48%] Built target gtest_main
[ 51%] Built target gtest
[ 53%] Built target gazebo_ros_projector
[ 55%] Built target gazebo_ros_wheel_slip
[ 56%] [32mBuilding CXX object test/CMakeFiles/test_gazebo_ros_bumper.dir/test_gazebo_ros_bumper.cpp.o[0m
[ 59%] Built target gazebo_ros_camera
[ 61%] Built target test_gazebo_ros_ackermann_drive
[ 63%] Built target test_gazebo_ros_diff_drive
[ 66%] Built target test_gazebo_ros_elevator
[ 68%] Built target test_gazebo_ros_force
[ 70%] Built target test_gazebo_ros_ft_sensor
[ 72%] [32mBuilding CXX object test/CMakeFiles/test_gazebo_ros_harness.dir/test_gazebo_ros_harness.cpp.o[0m
[ 73%] [32mBuilding CXX object test/CMakeFiles/test_gazebo_ros_imu_sensor.dir/test_gazebo_ros_imu_sensor.cpp.o[0m
[ 75%] Built target test_gazebo_ros_hand_of_god
[ 76%] [32mBuilding CXX object test/CMakeFiles/test_gazebo_ros_gps_sensor.dir/test_gazebo_ros_gps_sensor.cpp.o[0m
