[0.156s] Invoking command in '/home/vamshin24/turtlebot3_ws/build/turtlebot3_fake_node': CMAKE_PREFIX_PATH=/home/vamshin24/turtlebot3_ws/install/turtlebot3_msgs:/home/vamshin24/turtlebot3_ws/install/turtlebot3:/home/vamshin24/turtlebot3_ws/install/turtlebot3_bringup:/home/vamshin24/turtlebot3_ws/install/turtlebot3_node:/home/vamshin24/turtlebot3_ws/install/turtlebot3_navigation2:/home/vamshin24/turtlebot3_ws/install/turtlebot3_description:/home/vamshin24/turtlebot3_ws/install/turtlebot3_cartographer:/home/vamshin24/turtlebot3_ws/install/dynamixel_sdk_examples:/home/vamshin24/turtlebot3_ws/install/dynamixel_sdk_custom_interfaces:/home/vamshin24/turtlebot3_ws/install/dynamixel_sdk:/home/vamshin24/turtlebot3_ws/install/turtlebot3_simulations:/home/vamshin24/turtlebot3_ws/install/turtlebot3_gazebo:/home/vamshin24/turtlebot3_ws/install/turtlebot3_fake_node:/home/vamshin24/turtlebot3_ws/install/gazebo_ros_pkgs:/home/vamshin24/turtlebot3_ws/install/gazebo_plugins:/home/vamshin24/turtlebot3_ws/install/gazebo_ros:/home/vamshin24/turtlebot3_ws/install/gazebo_msgs:/home/vamshin24/turtlebot3_ws/install/gazebo_dev:/home/vamshin24/turtlebot3_ws/install/turtlebot3_teleop:/home/vamshin24/turtlebot3_ws/install/turtlebot3_example:/opt/ros/humble /usr/bin/cmake /home/vamshin24/turtlebot3_ws/src/turtlebot3_simulations/turtlebot3_fake_node -DCMAKE_INSTALL_PREFIX=/home/vamshin24/turtlebot3_ws/install/turtlebot3_fake_node
[0.163s] -- Found ament_cmake: 1.3.11 (/opt/ros/humble/share/ament_cmake/cmake)
[0.240s] -- Override CMake install command with custom implementation using symlinks instead of copying resources
[0.245s] -- Found geometry_msgs: 4.8.0 (/opt/ros/humble/share/geometry_msgs/cmake)
[0.259s] -- Found rosidl_generator_c: 3.1.6 (/opt/ros/humble/share/rosidl_generator_c/cmake)
[0.260s] -- Found rosidl_adapter: 3.1.6 (/opt/ros/humble/share/rosidl_adapter/cmake)
[0.263s] -- Found rosidl_generator_cpp: 3.1.6 (/opt/ros/humble/share/rosidl_generator_cpp/cmake)
[0.267s] -- Using all available rosidl_typesupport_c: rosidl_typesupport_fastrtps_c;rosidl_typesupport_introspection_c
[0.276s] -- Using all available rosidl_typesupport_cpp: rosidl_typesupport_fastrtps_cpp;rosidl_typesupport_introspection_cpp
[0.301s] -- Found nav_msgs: 4.8.0 (/opt/ros/humble/share/nav_msgs/cmake)
[0.309s] -- Found rclcpp: 16.0.12 (/opt/ros/humble/share/rclcpp/cmake)
[0.321s] -- Found rmw_implementation_cmake: 6.1.2 (/opt/ros/humble/share/rmw_implementation_cmake/cmake)
[0.321s] -- Found rmw_fastrtps_cpp: 6.2.7 (/opt/ros/humble/share/rmw_fastrtps_cpp/cmake)
[0.386s] -- Using RMW implementation 'rmw_fastrtps_cpp' as default
[0.409s] -- Found sensor_msgs: 4.8.0 (/opt/ros/humble/share/sensor_msgs/cmake)
[0.418s] -- Found tf2: 0.25.12 (/opt/ros/humble/share/tf2/cmake)
[0.420s] -- Found tf2_msgs: 0.25.12 (/opt/ros/humble/share/tf2_msgs/cmake)
[0.446s] -- Found turtlebot3_msgs: 2.3.0 (/opt/ros/humble/share/turtlebot3_msgs/cmake)
[0.513s] -- Configuring done
[0.521s] -- Generating done
[0.524s] -- Build files have been written to: /home/vamshin24/turtlebot3_ws/build/turtlebot3_fake_node
[0.530s] Invoked command in '/home/vamshin24/turtlebot3_ws/build/turtlebot3_fake_node' returned '0': CMAKE_PREFIX_PATH=/home/vamshin24/turtlebot3_ws/install/turtlebot3_msgs:/home/vamshin24/turtlebot3_ws/install/turtlebot3:/home/vamshin24/turtlebot3_ws/install/turtlebot3_bringup:/home/vamshin24/turtlebot3_ws/install/turtlebot3_node:/home/vamshin24/turtlebot3_ws/install/turtlebot3_navigation2:/home/vamshin24/turtlebot3_ws/install/turtlebot3_description:/home/vamshin24/turtlebot3_ws/install/turtlebot3_cartographer:/home/vamshin24/turtlebot3_ws/install/dynamixel_sdk_examples:/home/vamshin24/turtlebot3_ws/install/dynamixel_sdk_custom_interfaces:/home/vamshin24/turtlebot3_ws/install/dynamixel_sdk:/home/vamshin24/turtlebot3_ws/install/turtlebot3_simulations:/home/vamshin24/turtlebot3_ws/install/turtlebot3_gazebo:/home/vamshin24/turtlebot3_ws/install/turtlebot3_fake_node:/home/vamshin24/turtlebot3_ws/install/gazebo_ros_pkgs:/home/vamshin24/turtlebot3_ws/install/gazebo_plugins:/home/vamshin24/turtlebot3_ws/install/gazebo_ros:/home/vamshin24/turtlebot3_ws/install/gazebo_msgs:/home/vamshin24/turtlebot3_ws/install/gazebo_dev:/home/vamshin24/turtlebot3_ws/install/turtlebot3_teleop:/home/vamshin24/turtlebot3_ws/install/turtlebot3_example:/opt/ros/humble /usr/bin/cmake /home/vamshin24/turtlebot3_ws/src/turtlebot3_simulations/turtlebot3_fake_node -DCMAKE_INSTALL_PREFIX=/home/vamshin24/turtlebot3_ws/install/turtlebot3_fake_node
[0.531s] Invoking command in '/home/vamshin24/turtlebot3_ws/build/turtlebot3_fake_node': CMAKE_PREFIX_PATH=/home/vamshin24/turtlebot3_ws/install/turtlebot3_msgs:/home/vamshin24/turtlebot3_ws/install/turtlebot3:/home/vamshin24/turtlebot3_ws/install/turtlebot3_bringup:/home/vamshin24/turtlebot3_ws/install/turtlebot3_node:/home/vamshin24/turtlebot3_ws/install/turtlebot3_navigation2:/home/vamshin24/turtlebot3_ws/install/turtlebot3_description:/home/vamshin24/turtlebot3_ws/install/turtlebot3_cartographer:/home/vamshin24/turtlebot3_ws/install/dynamixel_sdk_examples:/home/vamshin24/turtlebot3_ws/install/dynamixel_sdk_custom_interfaces:/home/vamshin24/turtlebot3_ws/install/dynamixel_sdk:/home/vamshin24/turtlebot3_ws/install/turtlebot3_simulations:/home/vamshin24/turtlebot3_ws/install/turtlebot3_gazebo:/home/vamshin24/turtlebot3_ws/install/turtlebot3_fake_node:/home/vamshin24/turtlebot3_ws/install/gazebo_ros_pkgs:/home/vamshin24/turtlebot3_ws/install/gazebo_plugins:/home/vamshin24/turtlebot3_ws/install/gazebo_ros:/home/vamshin24/turtlebot3_ws/install/gazebo_msgs:/home/vamshin24/turtlebot3_ws/install/gazebo_dev:/home/vamshin24/turtlebot3_ws/install/turtlebot3_teleop:/home/vamshin24/turtlebot3_ws/install/turtlebot3_example:/opt/ros/humble /usr/bin/cmake --build /home/vamshin24/turtlebot3_ws/build/turtlebot3_fake_node -- -j6 -l6
[0.553s] [35m[1mConsolidate compiler generated dependencies of target turtlebot3_fake_node[0m
[0.565s] [100%] Built target turtlebot3_fake_node
[0.582s] Invoked command in '/home/vamshin24/turtlebot3_ws/build/turtlebot3_fake_node' returned '0': CMAKE_PREFIX_PATH=/home/vamshin24/turtlebot3_ws/install/turtlebot3_msgs:/home/vamshin24/turtlebot3_ws/install/turtlebot3:/home/vamshin24/turtlebot3_ws/install/turtlebot3_bringup:/home/vamshin24/turtlebot3_ws/install/turtlebot3_node:/home/vamshin24/turtlebot3_ws/install/turtlebot3_navigation2:/home/vamshin24/turtlebot3_ws/install/turtlebot3_description:/home/vamshin24/turtlebot3_ws/install/turtlebot3_cartographer:/home/vamshin24/turtlebot3_ws/install/dynamixel_sdk_examples:/home/vamshin24/turtlebot3_ws/install/dynamixel_sdk_custom_interfaces:/home/vamshin24/turtlebot3_ws/install/dynamixel_sdk:/home/vamshin24/turtlebot3_ws/install/turtlebot3_simulations:/home/vamshin24/turtlebot3_ws/install/turtlebot3_gazebo:/home/vamshin24/turtlebot3_ws/install/turtlebot3_fake_node:/home/vamshin24/turtlebot3_ws/install/gazebo_ros_pkgs:/home/vamshin24/turtlebot3_ws/install/gazebo_plugins:/home/vamshin24/turtlebot3_ws/install/gazebo_ros:/home/vamshin24/turtlebot3_ws/install/gazebo_msgs:/home/vamshin24/turtlebot3_ws/install/gazebo_dev:/home/vamshin24/turtlebot3_ws/install/turtlebot3_teleop:/home/vamshin24/turtlebot3_ws/install/turtlebot3_example:/opt/ros/humble /usr/bin/cmake --build /home/vamshin24/turtlebot3_ws/build/turtlebot3_fake_node -- -j6 -l6
[0.582s] Invoking command in '/home/vamshin24/turtlebot3_ws/build/turtlebot3_fake_node': CMAKE_PREFIX_PATH=/home/vamshin24/turtlebot3_ws/install/turtlebot3_msgs:/home/vamshin24/turtlebot3_ws/install/turtlebot3:/home/vamshin24/turtlebot3_ws/install/turtlebot3_bringup:/home/vamshin24/turtlebot3_ws/install/turtlebot3_node:/home/vamshin24/turtlebot3_ws/install/turtlebot3_navigation2:/home/vamshin24/turtlebot3_ws/install/turtlebot3_description:/home/vamshin24/turtlebot3_ws/install/turtlebot3_cartographer:/home/vamshin24/turtlebot3_ws/install/dynamixel_sdk_examples:/home/vamshin24/turtlebot3_ws/install/dynamixel_sdk_custom_interfaces:/home/vamshin24/turtlebot3_ws/install/dynamixel_sdk:/home/vamshin24/turtlebot3_ws/install/turtlebot3_simulations:/home/vamshin24/turtlebot3_ws/install/turtlebot3_gazebo:/home/vamshin24/turtlebot3_ws/install/turtlebot3_fake_node:/home/vamshin24/turtlebot3_ws/install/gazebo_ros_pkgs:/home/vamshin24/turtlebot3_ws/install/gazebo_plugins:/home/vamshin24/turtlebot3_ws/install/gazebo_ros:/home/vamshin24/turtlebot3_ws/install/gazebo_msgs:/home/vamshin24/turtlebot3_ws/install/gazebo_dev:/home/vamshin24/turtlebot3_ws/install/turtlebot3_teleop:/home/vamshin24/turtlebot3_ws/install/turtlebot3_example:/opt/ros/humble /usr/bin/cmake --install /home/vamshin24/turtlebot3_ws/build/turtlebot3_fake_node
[0.586s] -- Install configuration: ""
[0.586s] -- Execute custom install script
[0.586s] -- Up-to-date symlink: /home/vamshin24/turtlebot3_ws/install/turtlebot3_fake_node/lib/turtlebot3_fake_node/turtlebot3_fake_node
[0.591s] -- Up-to-date symlink: /home/vamshin24/turtlebot3_ws/install/turtlebot3_fake_node/share/turtlebot3_fake_node/launch/rviz2.launch.py
[0.591s] -- Up-to-date symlink: /home/vamshin24/turtlebot3_ws/install/turtlebot3_fake_node/share/turtlebot3_fake_node/launch/turtlebot3_fake_node.launch.py
[0.591s] -- Up-to-date symlink: /home/vamshin24/turtlebot3_ws/install/turtlebot3_fake_node/share/turtlebot3_fake_node/param/burger.yaml
[0.591s] -- Up-to-date symlink: /home/vamshin24/turtlebot3_ws/install/turtlebot3_fake_node/share/turtlebot3_fake_node/param/waffle.yaml
[0.591s] -- Up-to-date symlink: /home/vamshin24/turtlebot3_ws/install/turtlebot3_fake_node/share/turtlebot3_fake_node/param/waffle_pi.yaml
[0.592s] -- Up-to-date symlink: /home/vamshin24/turtlebot3_ws/install/turtlebot3_fake_node/include//turtlebot3_fake_node/turtlebot3_fake_node.hpp
[0.592s] -- Up-to-date symlink: /home/vamshin24/turtlebot3_ws/install/turtlebot3_fake_node/share/ament_index/resource_index/package_run_dependencies/turtlebot3_fake_node
[0.592s] -- Up-to-date symlink: /home/vamshin24/turtlebot3_ws/install/turtlebot3_fake_node/share/ament_index/resource_index/parent_prefix_path/turtlebot3_fake_node
[0.592s] -- Up-to-date symlink: /home/vamshin24/turtlebot3_ws/install/turtlebot3_fake_node/share/turtlebot3_fake_node/environment/ament_prefix_path.sh
[0.592s] -- Up-to-date symlink: /home/vamshin24/turtlebot3_ws/install/turtlebot3_fake_node/share/turtlebot3_fake_node/environment/ament_prefix_path.dsv
[0.594s] -- Up-to-date symlink: /home/vamshin24/turtlebot3_ws/install/turtlebot3_fake_node/share/turtlebot3_fake_node/environment/path.sh
[0.594s] -- Up-to-date symlink: /home/vamshin24/turtlebot3_ws/install/turtlebot3_fake_node/share/turtlebot3_fake_node/environment/path.dsv
[0.594s] -- Up-to-date symlink: /home/vamshin24/turtlebot3_ws/install/turtlebot3_fake_node/share/turtlebot3_fake_node/local_setup.bash
[0.594s] -- Up-to-date symlink: /home/vamshin24/turtlebot3_ws/install/turtlebot3_fake_node/share/turtlebot3_fake_node/local_setup.sh
[0.594s] -- Up-to-date symlink: /home/vamshin24/turtlebot3_ws/install/turtlebot3_fake_node/share/turtlebot3_fake_node/local_setup.zsh
[0.594s] -- Up-to-date symlink: /home/vamshin24/turtlebot3_ws/install/turtlebot3_fake_node/share/turtlebot3_fake_node/local_setup.dsv
[0.594s] -- Symlinking: /home/vamshin24/turtlebot3_ws/install/turtlebot3_fake_node/share/turtlebot3_fake_node/package.dsv
[0.599s] -- Up-to-date symlink: /home/vamshin24/turtlebot3_ws/install/turtlebot3_fake_node/share/ament_index/resource_index/packages/turtlebot3_fake_node
[0.600s] -- Up-to-date symlink: /home/vamshin24/turtlebot3_ws/install/turtlebot3_fake_node/share/turtlebot3_fake_node/cmake/ament_cmake_export_include_directories-extras.cmake
[0.600s] -- Up-to-date symlink: /home/vamshin24/turtlebot3_ws/install/turtlebot3_fake_node/share/turtlebot3_fake_node/cmake/ament_cmake_export_dependencies-extras.cmake
[0.600s] -- Up-to-date symlink: /home/vamshin24/turtlebot3_ws/install/turtlebot3_fake_node/share/turtlebot3_fake_node/cmake/turtlebot3_fake_nodeConfig.cmake
[0.600s] -- Up-to-date symlink: /home/vamshin24/turtlebot3_ws/install/turtlebot3_fake_node/share/turtlebot3_fake_node/cmake/turtlebot3_fake_nodeConfig-version.cmake
[0.600s] -- Up-to-date symlink: /home/vamshin24/turtlebot3_ws/install/turtlebot3_fake_node/share/turtlebot3_fake_node/package.xml
[0.602s] Invoked command in '/home/vamshin24/turtlebot3_ws/build/turtlebot3_fake_node' returned '0': CMAKE_PREFIX_PATH=/home/vamshin24/turtlebot3_ws/install/turtlebot3_msgs:/home/vamshin24/turtlebot3_ws/install/turtlebot3:/home/vamshin24/turtlebot3_ws/install/turtlebot3_bringup:/home/vamshin24/turtlebot3_ws/install/turtlebot3_node:/home/vamshin24/turtlebot3_ws/install/turtlebot3_navigation2:/home/vamshin24/turtlebot3_ws/install/turtlebot3_description:/home/vamshin24/turtlebot3_ws/install/turtlebot3_cartographer:/home/vamshin24/turtlebot3_ws/install/dynamixel_sdk_examples:/home/vamshin24/turtlebot3_ws/install/dynamixel_sdk_custom_interfaces:/home/vamshin24/turtlebot3_ws/install/dynamixel_sdk:/home/vamshin24/turtlebot3_ws/install/turtlebot3_simulations:/home/vamshin24/turtlebot3_ws/install/turtlebot3_gazebo:/home/vamshin24/turtlebot3_ws/install/turtlebot3_fake_node:/home/vamshin24/turtlebot3_ws/install/gazebo_ros_pkgs:/home/vamshin24/turtlebot3_ws/install/gazebo_plugins:/home/vamshin24/turtlebot3_ws/install/gazebo_ros:/home/vamshin24/turtlebot3_ws/install/gazebo_msgs:/home/vamshin24/turtlebot3_ws/install/gazebo_dev:/home/vamshin24/turtlebot3_ws/install/turtlebot3_teleop:/home/vamshin24/turtlebot3_ws/install/turtlebot3_example:/opt/ros/humble /usr/bin/cmake --install /home/vamshin24/turtlebot3_ws/build/turtlebot3_fake_node
