[0.051s] DEBUG:colcon:Command line arguments: ['/usr/bin/colcon', 'build', '--symlink-install']
[0.051s] DEBUG:colcon:Parsed command line arguments: Namespace(log_base=None, log_level=None, verb_name='build', build_base='build', install_base='install', merge_install=False, symlink_install=True, test_result_base=None, continue_on_error=False, executor='parallel', parallel_workers=4, event_handlers=None, ignore_user_meta=False, metas=['./colcon.meta'], base_paths=['.'], packages_ignore=None, packages_ignore_regex=None, paths=None, packages_up_to=None, packages_up_to_regex=None, packages_above=None, packages_above_and_dependencies=None, packages_above_depth=None, packages_select_by_dep=None, packages_skip_by_dep=None, packages_skip_up_to=None, packages_select_build_failed=False, packages_skip_build_finished=False, packages_select_test_failures=False, packages_skip_test_passed=False, packages_select=None, packages_skip=None, packages_select_regex=None, packages_skip_regex=None, packages_start=None, packages_end=None, allow_overriding=[], cmake_args=None, cmake_target=None, cmake_target_skip_unavailable=False, cmake_clean_cache=False, cmake_clean_first=False, cmake_force_configure=False, ament_cmake_args=None, catkin_cmake_args=None, catkin_skip_building_tests=False, verb_parser=<colcon_defaults.argument_parser.defaults.DefaultArgumentsDecorator object at 0xffffb01c4160>, verb_extension=<colcon_core.verb.build.BuildVerb object at 0xffffb018fb50>, main=<bound method BuildVerb.main of <colcon_core.verb.build.BuildVerb object at 0xffffb018fb50>>)
[0.131s] Level 1:colcon.colcon_core.package_discovery:discover_packages(colcon_meta) check parameters
[0.131s] Level 1:colcon.colcon_core.package_discovery:discover_packages(recursive) check parameters
[0.131s] Level 1:colcon.colcon_core.package_discovery:discover_packages(ignore) check parameters
[0.131s] Level 1:colcon.colcon_core.package_discovery:discover_packages(path) check parameters
[0.131s] Level 1:colcon.colcon_core.package_discovery:discover_packages(colcon_meta) discover
[0.131s] Level 1:colcon.colcon_core.package_discovery:discover_packages(recursive) discover
[0.131s] INFO:colcon.colcon_core.package_discovery:Crawling recursively for packages in '/home/vamshin24/turtlebot3_ws'
[0.132s] Level 1:colcon.colcon_core.package_identification:_identify(.) by extensions ['ignore', 'ignore_ament_install']
[0.132s] Level 1:colcon.colcon_core.package_identification:_identify(.) by extension 'ignore'
[0.132s] Level 1:colcon.colcon_core.package_identification:_identify(.) by extension 'ignore_ament_install'
[0.132s] Level 1:colcon.colcon_core.package_identification:_identify(.) by extensions ['colcon_pkg']
[0.132s] Level 1:colcon.colcon_core.package_identification:_identify(.) by extension 'colcon_pkg'
[0.132s] Level 1:colcon.colcon_core.package_identification:_identify(.) by extensions ['colcon_meta']
[0.132s] Level 1:colcon.colcon_core.package_identification:_identify(.) by extension 'colcon_meta'
[0.132s] Level 1:colcon.colcon_core.package_identification:_identify(.) by extensions ['ros']
[0.132s] Level 1:colcon.colcon_core.package_identification:_identify(.) by extension 'ros'
[0.138s] Level 1:colcon.colcon_core.package_identification:_identify(.) by extensions ['cmake', 'python']
[0.138s] Level 1:colcon.colcon_core.package_identification:_identify(.) by extension 'cmake'
[0.138s] Level 1:colcon.colcon_core.package_identification:_identify(.) by extension 'python'
[0.138s] Level 1:colcon.colcon_core.package_identification:_identify(.) by extensions ['python_setup_py']
[0.138s] Level 1:colcon.colcon_core.package_identification:_identify(.) by extension 'python_setup_py'
[0.138s] Level 1:colcon.colcon_core.package_identification:_identify(build) by extensions ['ignore', 'ignore_ament_install']
[0.138s] Level 1:colcon.colcon_core.package_identification:_identify(build) by extension 'ignore'
[0.138s] Level 1:colcon.colcon_core.package_identification:_identify(build) ignored
[0.138s] Level 1:colcon.colcon_core.package_identification:_identify(install) by extensions ['ignore', 'ignore_ament_install']
[0.138s] Level 1:colcon.colcon_core.package_identification:_identify(install) by extension 'ignore'
[0.138s] Level 1:colcon.colcon_core.package_identification:_identify(install) ignored
[0.138s] Level 1:colcon.colcon_core.package_identification:_identify(log) by extensions ['ignore', 'ignore_ament_install']
[0.138s] Level 1:colcon.colcon_core.package_identification:_identify(log) by extension 'ignore'
[0.138s] Level 1:colcon.colcon_core.package_identification:_identify(log) ignored
[0.138s] Level 1:colcon.colcon_core.package_identification:_identify(src) by extensions ['ignore', 'ignore_ament_install']
[0.138s] Level 1:colcon.colcon_core.package_identification:_identify(src) by extension 'ignore'
[0.138s] Level 1:colcon.colcon_core.package_identification:_identify(src) by extension 'ignore_ament_install'
[0.138s] Level 1:colcon.colcon_core.package_identification:_identify(src) by extensions ['colcon_pkg']
[0.138s] Level 1:colcon.colcon_core.package_identification:_identify(src) by extension 'colcon_pkg'
[0.138s] Level 1:colcon.colcon_core.package_identification:_identify(src) by extensions ['colcon_meta']
[0.138s] Level 1:colcon.colcon_core.package_identification:_identify(src) by extension 'colcon_meta'
[0.138s] Level 1:colcon.colcon_core.package_identification:_identify(src) by extensions ['ros']
[0.138s] Level 1:colcon.colcon_core.package_identification:_identify(src) by extension 'ros'
[0.138s] Level 1:colcon.colcon_core.package_identification:_identify(src) by extensions ['cmake', 'python']
[0.138s] Level 1:colcon.colcon_core.package_identification:_identify(src) by extension 'cmake'
[0.139s] Level 1:colcon.colcon_core.package_identification:_identify(src) by extension 'python'
[0.139s] Level 1:colcon.colcon_core.package_identification:_identify(src) by extensions ['python_setup_py']
[0.139s] Level 1:colcon.colcon_core.package_identification:_identify(src) by extension 'python_setup_py'
[0.139s] Level 1:colcon.colcon_core.package_identification:_identify(src/gazebo_ros_pkgs) by extensions ['ignore', 'ignore_ament_install']
[0.139s] Level 1:colcon.colcon_core.package_identification:_identify(src/gazebo_ros_pkgs) by extension 'ignore'
[0.139s] Level 1:colcon.colcon_core.package_identification:_identify(src/gazebo_ros_pkgs) by extension 'ignore_ament_install'
[0.139s] Level 1:colcon.colcon_core.package_identification:_identify(src/gazebo_ros_pkgs) by extensions ['colcon_pkg']
[0.139s] Level 1:colcon.colcon_core.package_identification:_identify(src/gazebo_ros_pkgs) by extension 'colcon_pkg'
[0.139s] Level 1:colcon.colcon_core.package_identification:_identify(src/gazebo_ros_pkgs) by extensions ['colcon_meta']
[0.139s] Level 1:colcon.colcon_core.package_identification:_identify(src/gazebo_ros_pkgs) by extension 'colcon_meta'
[0.139s] Level 1:colcon.colcon_core.package_identification:_identify(src/gazebo_ros_pkgs) by extensions ['ros']
[0.139s] Level 1:colcon.colcon_core.package_identification:_identify(src/gazebo_ros_pkgs) by extension 'ros'
[0.139s] Level 1:colcon.colcon_core.package_identification:_identify(src/gazebo_ros_pkgs) by extensions ['cmake', 'python']
[0.139s] Level 1:colcon.colcon_core.package_identification:_identify(src/gazebo_ros_pkgs) by extension 'cmake'
[0.139s] Level 1:colcon.colcon_core.package_identification:_identify(src/gazebo_ros_pkgs) by extension 'python'
[0.139s] Level 1:colcon.colcon_core.package_identification:_identify(src/gazebo_ros_pkgs) by extensions ['python_setup_py']
[0.139s] Level 1:colcon.colcon_core.package_identification:_identify(src/gazebo_ros_pkgs) by extension 'python_setup_py'
[0.139s] Level 1:colcon.colcon_core.package_identification:_identify(src/gazebo_ros_pkgs/gazebo_dev) by extensions ['ignore', 'ignore_ament_install']
[0.139s] Level 1:colcon.colcon_core.package_identification:_identify(src/gazebo_ros_pkgs/gazebo_dev) by extension 'ignore'
[0.139s] Level 1:colcon.colcon_core.package_identification:_identify(src/gazebo_ros_pkgs/gazebo_dev) by extension 'ignore_ament_install'
[0.139s] Level 1:colcon.colcon_core.package_identification:_identify(src/gazebo_ros_pkgs/gazebo_dev) by extensions ['colcon_pkg']
[0.139s] Level 1:colcon.colcon_core.package_identification:_identify(src/gazebo_ros_pkgs/gazebo_dev) by extension 'colcon_pkg'
[0.139s] Level 1:colcon.colcon_core.package_identification:_identify(src/gazebo_ros_pkgs/gazebo_dev) by extensions ['colcon_meta']
[0.139s] Level 1:colcon.colcon_core.package_identification:_identify(src/gazebo_ros_pkgs/gazebo_dev) by extension 'colcon_meta'
[0.139s] Level 1:colcon.colcon_core.package_identification:_identify(src/gazebo_ros_pkgs/gazebo_dev) by extensions ['ros']
[0.139s] Level 1:colcon.colcon_core.package_identification:_identify(src/gazebo_ros_pkgs/gazebo_dev) by extension 'ros'
[0.141s] DEBUG:colcon.colcon_core.package_identification:Package 'src/gazebo_ros_pkgs/gazebo_dev' with type 'ros.ament_cmake' and name 'gazebo_dev'
[0.141s] Level 1:colcon.colcon_core.package_identification:_identify(src/gazebo_ros_pkgs/gazebo_msgs) by extensions ['ignore', 'ignore_ament_install']
[0.141s] Level 1:colcon.colcon_core.package_identification:_identify(src/gazebo_ros_pkgs/gazebo_msgs) by extension 'ignore'
[0.141s] Level 1:colcon.colcon_core.package_identification:_identify(src/gazebo_ros_pkgs/gazebo_msgs) by extension 'ignore_ament_install'
[0.141s] Level 1:colcon.colcon_core.package_identification:_identify(src/gazebo_ros_pkgs/gazebo_msgs) by extensions ['colcon_pkg']
[0.141s] Level 1:colcon.colcon_core.package_identification:_identify(src/gazebo_ros_pkgs/gazebo_msgs) by extension 'colcon_pkg'
[0.141s] Level 1:colcon.colcon_core.package_identification:_identify(src/gazebo_ros_pkgs/gazebo_msgs) by extensions ['colcon_meta']
[0.141s] Level 1:colcon.colcon_core.package_identification:_identify(src/gazebo_ros_pkgs/gazebo_msgs) by extension 'colcon_meta'
[0.141s] Level 1:colcon.colcon_core.package_identification:_identify(src/gazebo_ros_pkgs/gazebo_msgs) by extensions ['ros']
[0.141s] Level 1:colcon.colcon_core.package_identification:_identify(src/gazebo_ros_pkgs/gazebo_msgs) by extension 'ros'
[0.141s] DEBUG:colcon.colcon_core.package_identification:Package 'src/gazebo_ros_pkgs/gazebo_msgs' with type 'ros.ament_cmake' and name 'gazebo_msgs'
[0.141s] Level 1:colcon.colcon_core.package_identification:_identify(src/gazebo_ros_pkgs/gazebo_plugins) by extensions ['ignore', 'ignore_ament_install']
[0.141s] Level 1:colcon.colcon_core.package_identification:_identify(src/gazebo_ros_pkgs/gazebo_plugins) by extension 'ignore'
[0.141s] Level 1:colcon.colcon_core.package_identification:_identify(src/gazebo_ros_pkgs/gazebo_plugins) by extension 'ignore_ament_install'
[0.141s] Level 1:colcon.colcon_core.package_identification:_identify(src/gazebo_ros_pkgs/gazebo_plugins) by extensions ['colcon_pkg']
[0.141s] Level 1:colcon.colcon_core.package_identification:_identify(src/gazebo_ros_pkgs/gazebo_plugins) by extension 'colcon_pkg'
[0.142s] Level 1:colcon.colcon_core.package_identification:_identify(src/gazebo_ros_pkgs/gazebo_plugins) by extensions ['colcon_meta']
[0.142s] Level 1:colcon.colcon_core.package_identification:_identify(src/gazebo_ros_pkgs/gazebo_plugins) by extension 'colcon_meta'
[0.142s] Level 1:colcon.colcon_core.package_identification:_identify(src/gazebo_ros_pkgs/gazebo_plugins) by extensions ['ros']
[0.142s] Level 1:colcon.colcon_core.package_identification:_identify(src/gazebo_ros_pkgs/gazebo_plugins) by extension 'ros'
[0.142s] DEBUG:colcon.colcon_core.package_identification:Package 'src/gazebo_ros_pkgs/gazebo_plugins' with type 'ros.ament_cmake' and name 'gazebo_plugins'
[0.142s] Level 1:colcon.colcon_core.package_identification:_identify(src/gazebo_ros_pkgs/gazebo_ros) by extensions ['ignore', 'ignore_ament_install']
[0.143s] Level 1:colcon.colcon_core.package_identification:_identify(src/gazebo_ros_pkgs/gazebo_ros) by extension 'ignore'
[0.143s] Level 1:colcon.colcon_core.package_identification:_identify(src/gazebo_ros_pkgs/gazebo_ros) by extension 'ignore_ament_install'
[0.143s] Level 1:colcon.colcon_core.package_identification:_identify(src/gazebo_ros_pkgs/gazebo_ros) by extensions ['colcon_pkg']
[0.143s] Level 1:colcon.colcon_core.package_identification:_identify(src/gazebo_ros_pkgs/gazebo_ros) by extension 'colcon_pkg'
[0.143s] Level 1:colcon.colcon_core.package_identification:_identify(src/gazebo_ros_pkgs/gazebo_ros) by extensions ['colcon_meta']
[0.143s] Level 1:colcon.colcon_core.package_identification:_identify(src/gazebo_ros_pkgs/gazebo_ros) by extension 'colcon_meta'
[0.143s] Level 1:colcon.colcon_core.package_identification:_identify(src/gazebo_ros_pkgs/gazebo_ros) by extensions ['ros']
[0.143s] Level 1:colcon.colcon_core.package_identification:_identify(src/gazebo_ros_pkgs/gazebo_ros) by extension 'ros'
[0.143s] DEBUG:colcon.colcon_core.package_identification:Package 'src/gazebo_ros_pkgs/gazebo_ros' with type 'ros.ament_cmake' and name 'gazebo_ros'
[0.144s] Level 1:colcon.colcon_core.package_identification:_identify(src/gazebo_ros_pkgs/gazebo_ros_control) by extensions ['ignore', 'ignore_ament_install']
[0.144s] Level 1:colcon.colcon_core.package_identification:_identify(src/gazebo_ros_pkgs/gazebo_ros_control) by extension 'ignore'
[0.144s] Level 1:colcon.colcon_core.package_identification:_identify(src/gazebo_ros_pkgs/gazebo_ros_control) by extension 'ignore_ament_install'
[0.144s] Level 1:colcon.colcon_core.package_identification:_identify(src/gazebo_ros_pkgs/gazebo_ros_control) by extensions ['colcon_pkg']
[0.144s] Level 1:colcon.colcon_core.package_identification:_identify(src/gazebo_ros_pkgs/gazebo_ros_control) by extension 'colcon_pkg'
[0.144s] Level 1:colcon.colcon_core.package_identification:_identify(src/gazebo_ros_pkgs/gazebo_ros_control) by extensions ['colcon_meta']
[0.144s] Level 1:colcon.colcon_core.package_identification:_identify(src/gazebo_ros_pkgs/gazebo_ros_control) by extension 'colcon_meta'
[0.144s] Level 1:colcon.colcon_core.package_identification:_identify(src/gazebo_ros_pkgs/gazebo_ros_control) by extensions ['ros']
[0.144s] Level 1:colcon.colcon_core.package_identification:_identify(src/gazebo_ros_pkgs/gazebo_ros_control) by extension 'ros'
[0.144s] Level 1:colcon.colcon_core.package_identification:_identify(src/gazebo_ros_pkgs/gazebo_ros_control) by extensions ['cmake', 'python']
[0.144s] Level 1:colcon.colcon_core.package_identification:_identify(src/gazebo_ros_pkgs/gazebo_ros_control) by extension 'cmake'
[0.144s] Level 1:colcon.colcon_core.package_identification:_identify(src/gazebo_ros_pkgs/gazebo_ros_control) by extension 'python'
[0.144s] Level 1:colcon.colcon_core.package_identification:_identify(src/gazebo_ros_pkgs/gazebo_ros_control) by extensions ['python_setup_py']
[0.144s] Level 1:colcon.colcon_core.package_identification:_identify(src/gazebo_ros_pkgs/gazebo_ros_control) by extension 'python_setup_py'
[0.144s] Level 1:colcon.colcon_core.package_identification:_identify(src/gazebo_ros_pkgs/gazebo_ros_pkgs) by extensions ['ignore', 'ignore_ament_install']
[0.144s] Level 1:colcon.colcon_core.package_identification:_identify(src/gazebo_ros_pkgs/gazebo_ros_pkgs) by extension 'ignore'
[0.144s] Level 1:colcon.colcon_core.package_identification:_identify(src/gazebo_ros_pkgs/gazebo_ros_pkgs) by extension 'ignore_ament_install'
[0.144s] Level 1:colcon.colcon_core.package_identification:_identify(src/gazebo_ros_pkgs/gazebo_ros_pkgs) by extensions ['colcon_pkg']
[0.144s] Level 1:colcon.colcon_core.package_identification:_identify(src/gazebo_ros_pkgs/gazebo_ros_pkgs) by extension 'colcon_pkg'
[0.144s] Level 1:colcon.colcon_core.package_identification:_identify(src/gazebo_ros_pkgs/gazebo_ros_pkgs) by extensions ['colcon_meta']
[0.144s] Level 1:colcon.colcon_core.package_identification:_identify(src/gazebo_ros_pkgs/gazebo_ros_pkgs) by extension 'colcon_meta'
[0.144s] Level 1:colcon.colcon_core.package_identification:_identify(src/gazebo_ros_pkgs/gazebo_ros_pkgs) by extensions ['ros']
[0.144s] Level 1:colcon.colcon_core.package_identification:_identify(src/gazebo_ros_pkgs/gazebo_ros_pkgs) by extension 'ros'
[0.144s] DEBUG:colcon.colcon_core.package_identification:Package 'src/gazebo_ros_pkgs/gazebo_ros_pkgs' with type 'ros.ament_cmake' and name 'gazebo_ros_pkgs'
[0.145s] Level 1:colcon.colcon_core.package_identification:_identify(src/turtlebot3_simulations) by extensions ['ignore', 'ignore_ament_install']
[0.145s] Level 1:colcon.colcon_core.package_identification:_identify(src/turtlebot3_simulations) by extension 'ignore'
[0.145s] Level 1:colcon.colcon_core.package_identification:_identify(src/turtlebot3_simulations) by extension 'ignore_ament_install'
[0.145s] Level 1:colcon.colcon_core.package_identification:_identify(src/turtlebot3_simulations) by extensions ['colcon_pkg']
[0.145s] Level 1:colcon.colcon_core.package_identification:_identify(src/turtlebot3_simulations) by extension 'colcon_pkg'
[0.145s] Level 1:colcon.colcon_core.package_identification:_identify(src/turtlebot3_simulations) by extensions ['colcon_meta']
[0.145s] Level 1:colcon.colcon_core.package_identification:_identify(src/turtlebot3_simulations) by extension 'colcon_meta'
[0.145s] Level 1:colcon.colcon_core.package_identification:_identify(src/turtlebot3_simulations) by extensions ['ros']
[0.145s] Level 1:colcon.colcon_core.package_identification:_identify(src/turtlebot3_simulations) by extension 'ros'
[0.145s] Level 1:colcon.colcon_core.package_identification:_identify(src/turtlebot3_simulations) by extensions ['cmake', 'python']
[0.145s] Level 1:colcon.colcon_core.package_identification:_identify(src/turtlebot3_simulations) by extension 'cmake'
[0.145s] Level 1:colcon.colcon_core.package_identification:_identify(src/turtlebot3_simulations) by extension 'python'
[0.145s] Level 1:colcon.colcon_core.package_identification:_identify(src/turtlebot3_simulations) by extensions ['python_setup_py']
[0.145s] Level 1:colcon.colcon_core.package_identification:_identify(src/turtlebot3_simulations) by extension 'python_setup_py'
[0.145s] Level 1:colcon.colcon_core.package_identification:_identify(src/turtlebot3_simulations/turtlebot3_fake_node) by extensions ['ignore', 'ignore_ament_install']
[0.145s] Level 1:colcon.colcon_core.package_identification:_identify(src/turtlebot3_simulations/turtlebot3_fake_node) by extension 'ignore'
[0.145s] Level 1:colcon.colcon_core.package_identification:_identify(src/turtlebot3_simulations/turtlebot3_fake_node) by extension 'ignore_ament_install'
[0.145s] Level 1:colcon.colcon_core.package_identification:_identify(src/turtlebot3_simulations/turtlebot3_fake_node) by extensions ['colcon_pkg']
[0.145s] Level 1:colcon.colcon_core.package_identification:_identify(src/turtlebot3_simulations/turtlebot3_fake_node) by extension 'colcon_pkg'
[0.145s] Level 1:colcon.colcon_core.package_identification:_identify(src/turtlebot3_simulations/turtlebot3_fake_node) by extensions ['colcon_meta']
[0.145s] Level 1:colcon.colcon_core.package_identification:_identify(src/turtlebot3_simulations/turtlebot3_fake_node) by extension 'colcon_meta'
[0.145s] Level 1:colcon.colcon_core.package_identification:_identify(src/turtlebot3_simulations/turtlebot3_fake_node) by extensions ['ros']
[0.145s] Level 1:colcon.colcon_core.package_identification:_identify(src/turtlebot3_simulations/turtlebot3_fake_node) by extension 'ros'
[0.145s] DEBUG:colcon.colcon_core.package_identification:Package 'src/turtlebot3_simulations/turtlebot3_fake_node' with type 'ros.ament_cmake' and name 'turtlebot3_fake_node'
[0.145s] Level 1:colcon.colcon_core.package_identification:_identify(src/turtlebot3_simulations/turtlebot3_gazebo) by extensions ['ignore', 'ignore_ament_install']
[0.145s] Level 1:colcon.colcon_core.package_identification:_identify(src/turtlebot3_simulations/turtlebot3_gazebo) by extension 'ignore'
[0.146s] Level 1:colcon.colcon_core.package_identification:_identify(src/turtlebot3_simulations/turtlebot3_gazebo) by extension 'ignore_ament_install'
[0.146s] Level 1:colcon.colcon_core.package_identification:_identify(src/turtlebot3_simulations/turtlebot3_gazebo) by extensions ['colcon_pkg']
[0.146s] Level 1:colcon.colcon_core.package_identification:_identify(src/turtlebot3_simulations/turtlebot3_gazebo) by extension 'colcon_pkg'
[0.146s] Level 1:colcon.colcon_core.package_identification:_identify(src/turtlebot3_simulations/turtlebot3_gazebo) by extensions ['colcon_meta']
[0.146s] Level 1:colcon.colcon_core.package_identification:_identify(src/turtlebot3_simulations/turtlebot3_gazebo) by extension 'colcon_meta'
[0.146s] Level 1:colcon.colcon_core.package_identification:_identify(src/turtlebot3_simulations/turtlebot3_gazebo) by extensions ['ros']
[0.146s] Level 1:colcon.colcon_core.package_identification:_identify(src/turtlebot3_simulations/turtlebot3_gazebo) by extension 'ros'
[0.146s] DEBUG:colcon.colcon_core.package_identification:Package 'src/turtlebot3_simulations/turtlebot3_gazebo' with type 'ros.ament_cmake' and name 'turtlebot3_gazebo'
[0.146s] Level 1:colcon.colcon_core.package_identification:_identify(src/turtlebot3_simulations/turtlebot3_simulations) by extensions ['ignore', 'ignore_ament_install']
[0.146s] Level 1:colcon.colcon_core.package_identification:_identify(src/turtlebot3_simulations/turtlebot3_simulations) by extension 'ignore'
[0.146s] Level 1:colcon.colcon_core.package_identification:_identify(src/turtlebot3_simulations/turtlebot3_simulations) by extension 'ignore_ament_install'
[0.146s] Level 1:colcon.colcon_core.package_identification:_identify(src/turtlebot3_simulations/turtlebot3_simulations) by extensions ['colcon_pkg']
[0.146s] Level 1:colcon.colcon_core.package_identification:_identify(src/turtlebot3_simulations/turtlebot3_simulations) by extension 'colcon_pkg'
[0.146s] Level 1:colcon.colcon_core.package_identification:_identify(src/turtlebot3_simulations/turtlebot3_simulations) by extensions ['colcon_meta']
[0.146s] Level 1:colcon.colcon_core.package_identification:_identify(src/turtlebot3_simulations/turtlebot3_simulations) by extension 'colcon_meta'
[0.146s] Level 1:colcon.colcon_core.package_identification:_identify(src/turtlebot3_simulations/turtlebot3_simulations) by extensions ['ros']
[0.146s] Level 1:colcon.colcon_core.package_identification:_identify(src/turtlebot3_simulations/turtlebot3_simulations) by extension 'ros'
[0.146s] DEBUG:colcon.colcon_core.package_identification:Package 'src/turtlebot3_simulations/turtlebot3_simulations' with type 'ros.ament_cmake' and name 'turtlebot3_simulations'
[0.146s] Level 1:colcon.colcon_core.package_discovery:discover_packages(recursive) using defaults
[0.146s] Level 1:colcon.colcon_core.package_discovery:discover_packages(ignore) discover
[0.146s] Level 1:colcon.colcon_core.package_discovery:discover_packages(ignore) using defaults
[0.146s] Level 1:colcon.colcon_core.package_discovery:discover_packages(path) discover
[0.146s] Level 1:colcon.colcon_core.package_discovery:discover_packages(path) using defaults
[0.162s] INFO:colcon.colcon_metadata.metadata.colcon_pkg:Updating descriptor of package 'src/gazebo_ros_pkgs/gazebo_ros' from colcon.pkg: {'dependencies': ['Gazebo']}
[0.163s] INFO:colcon.colcon_metadata.metadata.colcon_pkg:Updating descriptor of package 'src/gazebo_ros_pkgs/gazebo_dev' from colcon.pkg: {'dependencies': ['Gazebo']}
[0.163s] INFO:colcon.colcon_metadata.metadata.colcon_pkg:Updating descriptor of package 'src/gazebo_ros_pkgs/gazebo_plugins' from colcon.pkg: {'dependencies': ['Gazebo']}
[0.164s] Level 1:colcon.colcon_core.package_discovery:discover_packages(prefix_path) check parameters
[0.164s] Level 1:colcon.colcon_core.package_discovery:discover_packages(prefix_path) discover
[0.165s] DEBUG:colcon.colcon_installed_package_information.package_discovery:Found 340 installed packages in /opt/ros/humble
[0.166s] Level 1:colcon.colcon_core.package_discovery:discover_packages(prefix_path) using defaults
[0.188s] Level 5:colcon.colcon_core.verb:set package 'gazebo_dev' build argument 'cmake_args' from command line to 'None'
[0.188s] Level 5:colcon.colcon_core.verb:set package 'gazebo_dev' build argument 'cmake_target' from command line to 'None'
[0.188s] Level 5:colcon.colcon_core.verb:set package 'gazebo_dev' build argument 'cmake_target_skip_unavailable' from command line to 'False'
[0.188s] Level 5:colcon.colcon_core.verb:set package 'gazebo_dev' build argument 'cmake_clean_cache' from command line to 'False'
[0.188s] Level 5:colcon.colcon_core.verb:set package 'gazebo_dev' build argument 'cmake_clean_first' from command line to 'False'
[0.188s] Level 5:colcon.colcon_core.verb:set package 'gazebo_dev' build argument 'cmake_force_configure' from command line to 'False'
[0.188s] Level 5:colcon.colcon_core.verb:set package 'gazebo_dev' build argument 'ament_cmake_args' from command line to 'None'
[0.188s] Level 5:colcon.colcon_core.verb:set package 'gazebo_dev' build argument 'catkin_cmake_args' from command line to 'None'
[0.188s] Level 5:colcon.colcon_core.verb:set package 'gazebo_dev' build argument 'catkin_skip_building_tests' from command line to 'False'
[0.188s] DEBUG:colcon.colcon_core.verb:Building package 'gazebo_dev' with the following arguments: {'ament_cmake_args': None, 'build_base': '/home/vamshin24/turtlebot3_ws/build/gazebo_dev', 'catkin_cmake_args': None, 'catkin_skip_building_tests': False, 'cmake_args': None, 'cmake_clean_cache': False, 'cmake_clean_first': False, 'cmake_force_configure': False, 'cmake_target': None, 'cmake_target_skip_unavailable': False, 'install_base': '/home/vamshin24/turtlebot3_ws/install/gazebo_dev', 'merge_install': False, 'path': '/home/vamshin24/turtlebot3_ws/src/gazebo_ros_pkgs/gazebo_dev', 'symlink_install': True, 'test_result_base': None}
[0.188s] Level 5:colcon.colcon_core.verb:set package 'gazebo_msgs' build argument 'cmake_args' from command line to 'None'
[0.188s] Level 5:colcon.colcon_core.verb:set package 'gazebo_msgs' build argument 'cmake_target' from command line to 'None'
[0.188s] Level 5:colcon.colcon_core.verb:set package 'gazebo_msgs' build argument 'cmake_target_skip_unavailable' from command line to 'False'
[0.188s] Level 5:colcon.colcon_core.verb:set package 'gazebo_msgs' build argument 'cmake_clean_cache' from command line to 'False'
[0.188s] Level 5:colcon.colcon_core.verb:set package 'gazebo_msgs' build argument 'cmake_clean_first' from command line to 'False'
[0.188s] Level 5:colcon.colcon_core.verb:set package 'gazebo_msgs' build argument 'cmake_force_configure' from command line to 'False'
[0.188s] Level 5:colcon.colcon_core.verb:set package 'gazebo_msgs' build argument 'ament_cmake_args' from command line to 'None'
[0.188s] Level 5:colcon.colcon_core.verb:set package 'gazebo_msgs' build argument 'catkin_cmake_args' from command line to 'None'
[0.188s] Level 5:colcon.colcon_core.verb:set package 'gazebo_msgs' build argument 'catkin_skip_building_tests' from command line to 'False'
[0.188s] DEBUG:colcon.colcon_core.verb:Building package 'gazebo_msgs' with the following arguments: {'ament_cmake_args': None, 'build_base': '/home/vamshin24/turtlebot3_ws/build/gazebo_msgs', 'catkin_cmake_args': None, 'catkin_skip_building_tests': False, 'cmake_args': None, 'cmake_clean_cache': False, 'cmake_clean_first': False, 'cmake_force_configure': False, 'cmake_target': None, 'cmake_target_skip_unavailable': False, 'install_base': '/home/vamshin24/turtlebot3_ws/install/gazebo_msgs', 'merge_install': False, 'path': '/home/vamshin24/turtlebot3_ws/src/gazebo_ros_pkgs/gazebo_msgs', 'symlink_install': True, 'test_result_base': None}
[0.189s] Level 5:colcon.colcon_core.verb:set package 'turtlebot3_fake_node' build argument 'cmake_args' from command line to 'None'
[0.189s] Level 5:colcon.colcon_core.verb:set package 'turtlebot3_fake_node' build argument 'cmake_target' from command line to 'None'
[0.189s] Level 5:colcon.colcon_core.verb:set package 'turtlebot3_fake_node' build argument 'cmake_target_skip_unavailable' from command line to 'False'
[0.189s] Level 5:colcon.colcon_core.verb:set package 'turtlebot3_fake_node' build argument 'cmake_clean_cache' from command line to 'False'
[0.189s] Level 5:colcon.colcon_core.verb:set package 'turtlebot3_fake_node' build argument 'cmake_clean_first' from command line to 'False'
[0.189s] Level 5:colcon.colcon_core.verb:set package 'turtlebot3_fake_node' build argument 'cmake_force_configure' from command line to 'False'
[0.189s] Level 5:colcon.colcon_core.verb:set package 'turtlebot3_fake_node' build argument 'ament_cmake_args' from command line to 'None'
[0.189s] Level 5:colcon.colcon_core.verb:set package 'turtlebot3_fake_node' build argument 'catkin_cmake_args' from command line to 'None'
[0.189s] Level 5:colcon.colcon_core.verb:set package 'turtlebot3_fake_node' build argument 'catkin_skip_building_tests' from command line to 'False'
[0.189s] DEBUG:colcon.colcon_core.verb:Building package 'turtlebot3_fake_node' with the following arguments: {'ament_cmake_args': None, 'build_base': '/home/vamshin24/turtlebot3_ws/build/turtlebot3_fake_node', 'catkin_cmake_args': None, 'catkin_skip_building_tests': False, 'cmake_args': None, 'cmake_clean_cache': False, 'cmake_clean_first': False, 'cmake_force_configure': False, 'cmake_target': None, 'cmake_target_skip_unavailable': False, 'install_base': '/home/vamshin24/turtlebot3_ws/install/turtlebot3_fake_node', 'merge_install': False, 'path': '/home/vamshin24/turtlebot3_ws/src/turtlebot3_simulations/turtlebot3_fake_node', 'symlink_install': True, 'test_result_base': None}
[0.189s] Level 5:colcon.colcon_core.verb:set package 'gazebo_ros' build argument 'cmake_args' from command line to 'None'
[0.189s] Level 5:colcon.colcon_core.verb:set package 'gazebo_ros' build argument 'cmake_target' from command line to 'None'
[0.189s] Level 5:colcon.colcon_core.verb:set package 'gazebo_ros' build argument 'cmake_target_skip_unavailable' from command line to 'False'
[0.189s] Level 5:colcon.colcon_core.verb:set package 'gazebo_ros' build argument 'cmake_clean_cache' from command line to 'False'
[0.189s] Level 5:colcon.colcon_core.verb:set package 'gazebo_ros' build argument 'cmake_clean_first' from command line to 'False'
[0.189s] Level 5:colcon.colcon_core.verb:set package 'gazebo_ros' build argument 'cmake_force_configure' from command line to 'False'
[0.189s] Level 5:colcon.colcon_core.verb:set package 'gazebo_ros' build argument 'ament_cmake_args' from command line to 'None'
[0.189s] Level 5:colcon.colcon_core.verb:set package 'gazebo_ros' build argument 'catkin_cmake_args' from command line to 'None'
[0.189s] Level 5:colcon.colcon_core.verb:set package 'gazebo_ros' build argument 'catkin_skip_building_tests' from command line to 'False'
[0.189s] DEBUG:colcon.colcon_core.verb:Building package 'gazebo_ros' with the following arguments: {'ament_cmake_args': None, 'build_base': '/home/vamshin24/turtlebot3_ws/build/gazebo_ros', 'catkin_cmake_args': None, 'catkin_skip_building_tests': False, 'cmake_args': None, 'cmake_clean_cache': False, 'cmake_clean_first': False, 'cmake_force_configure': False, 'cmake_target': None, 'cmake_target_skip_unavailable': False, 'install_base': '/home/vamshin24/turtlebot3_ws/install/gazebo_ros', 'merge_install': False, 'path': '/home/vamshin24/turtlebot3_ws/src/gazebo_ros_pkgs/gazebo_ros', 'symlink_install': True, 'test_result_base': None}
[0.189s] Level 5:colcon.colcon_core.verb:set package 'gazebo_plugins' build argument 'cmake_args' from command line to 'None'
[0.189s] Level 5:colcon.colcon_core.verb:set package 'gazebo_plugins' build argument 'cmake_target' from command line to 'None'
[0.189s] Level 5:colcon.colcon_core.verb:set package 'gazebo_plugins' build argument 'cmake_target_skip_unavailable' from command line to 'False'
[0.189s] Level 5:colcon.colcon_core.verb:set package 'gazebo_plugins' build argument 'cmake_clean_cache' from command line to 'False'
[0.189s] Level 5:colcon.colcon_core.verb:set package 'gazebo_plugins' build argument 'cmake_clean_first' from command line to 'False'
[0.189s] Level 5:colcon.colcon_core.verb:set package 'gazebo_plugins' build argument 'cmake_force_configure' from command line to 'False'
[0.189s] Level 5:colcon.colcon_core.verb:set package 'gazebo_plugins' build argument 'ament_cmake_args' from command line to 'None'
[0.189s] Level 5:colcon.colcon_core.verb:set package 'gazebo_plugins' build argument 'catkin_cmake_args' from command line to 'None'
[0.189s] Level 5:colcon.colcon_core.verb:set package 'gazebo_plugins' build argument 'catkin_skip_building_tests' from command line to 'False'
[0.189s] DEBUG:colcon.colcon_core.verb:Building package 'gazebo_plugins' with the following arguments: {'ament_cmake_args': None, 'build_base': '/home/vamshin24/turtlebot3_ws/build/gazebo_plugins', 'catkin_cmake_args': None, 'catkin_skip_building_tests': False, 'cmake_args': None, 'cmake_clean_cache': False, 'cmake_clean_first': False, 'cmake_force_configure': False, 'cmake_target': None, 'cmake_target_skip_unavailable': False, 'install_base': '/home/vamshin24/turtlebot3_ws/install/gazebo_plugins', 'merge_install': False, 'path': '/home/vamshin24/turtlebot3_ws/src/gazebo_ros_pkgs/gazebo_plugins', 'symlink_install': True, 'test_result_base': None}
[0.189s] Level 5:colcon.colcon_core.verb:set package 'gazebo_ros_pkgs' build argument 'cmake_args' from command line to 'None'
[0.189s] Level 5:colcon.colcon_core.verb:set package 'gazebo_ros_pkgs' build argument 'cmake_target' from command line to 'None'
[0.189s] Level 5:colcon.colcon_core.verb:set package 'gazebo_ros_pkgs' build argument 'cmake_target_skip_unavailable' from command line to 'False'
[0.189s] Level 5:colcon.colcon_core.verb:set package 'gazebo_ros_pkgs' build argument 'cmake_clean_cache' from command line to 'False'
[0.189s] Level 5:colcon.colcon_core.verb:set package 'gazebo_ros_pkgs' build argument 'cmake_clean_first' from command line to 'False'
[0.189s] Level 5:colcon.colcon_core.verb:set package 'gazebo_ros_pkgs' build argument 'cmake_force_configure' from command line to 'False'
[0.189s] Level 5:colcon.colcon_core.verb:set package 'gazebo_ros_pkgs' build argument 'ament_cmake_args' from command line to 'None'
[0.189s] Level 5:colcon.colcon_core.verb:set package 'gazebo_ros_pkgs' build argument 'catkin_cmake_args' from command line to 'None'
[0.189s] Level 5:colcon.colcon_core.verb:set package 'gazebo_ros_pkgs' build argument 'catkin_skip_building_tests' from command line to 'False'
[0.189s] DEBUG:colcon.colcon_core.verb:Building package 'gazebo_ros_pkgs' with the following arguments: {'ament_cmake_args': None, 'build_base': '/home/vamshin24/turtlebot3_ws/build/gazebo_ros_pkgs', 'catkin_cmake_args': None, 'catkin_skip_building_tests': False, 'cmake_args': None, 'cmake_clean_cache': False, 'cmake_clean_first': False, 'cmake_force_configure': False, 'cmake_target': None, 'cmake_target_skip_unavailable': False, 'install_base': '/home/vamshin24/turtlebot3_ws/install/gazebo_ros_pkgs', 'merge_install': False, 'path': '/home/vamshin24/turtlebot3_ws/src/gazebo_ros_pkgs/gazebo_ros_pkgs', 'symlink_install': True, 'test_result_base': None}
[0.189s] Level 5:colcon.colcon_core.verb:set package 'turtlebot3_gazebo' build argument 'cmake_args' from command line to 'None'
[0.189s] Level 5:colcon.colcon_core.verb:set package 'turtlebot3_gazebo' build argument 'cmake_target' from command line to 'None'
[0.189s] Level 5:colcon.colcon_core.verb:set package 'turtlebot3_gazebo' build argument 'cmake_target_skip_unavailable' from command line to 'False'
[0.189s] Level 5:colcon.colcon_core.verb:set package 'turtlebot3_gazebo' build argument 'cmake_clean_cache' from command line to 'False'
[0.189s] Level 5:colcon.colcon_core.verb:set package 'turtlebot3_gazebo' build argument 'cmake_clean_first' from command line to 'False'
[0.189s] Level 5:colcon.colcon_core.verb:set package 'turtlebot3_gazebo' build argument 'cmake_force_configure' from command line to 'False'
[0.189s] Level 5:colcon.colcon_core.verb:set package 'turtlebot3_gazebo' build argument 'ament_cmake_args' from command line to 'None'
[0.189s] Level 5:colcon.colcon_core.verb:set package 'turtlebot3_gazebo' build argument 'catkin_cmake_args' from command line to 'None'
[0.189s] Level 5:colcon.colcon_core.verb:set package 'turtlebot3_gazebo' build argument 'catkin_skip_building_tests' from command line to 'False'
[0.189s] DEBUG:colcon.colcon_core.verb:Building package 'turtlebot3_gazebo' with the following arguments: {'ament_cmake_args': None, 'build_base': '/home/vamshin24/turtlebot3_ws/build/turtlebot3_gazebo', 'catkin_cmake_args': None, 'catkin_skip_building_tests': False, 'cmake_args': None, 'cmake_clean_cache': False, 'cmake_clean_first': False, 'cmake_force_configure': False, 'cmake_target': None, 'cmake_target_skip_unavailable': False, 'install_base': '/home/vamshin24/turtlebot3_ws/install/turtlebot3_gazebo', 'merge_install': False, 'path': '/home/vamshin24/turtlebot3_ws/src/turtlebot3_simulations/turtlebot3_gazebo', 'symlink_install': True, 'test_result_base': None}
[0.190s] Level 5:colcon.colcon_core.verb:set package 'turtlebot3_simulations' build argument 'cmake_args' from command line to 'None'
[0.190s] Level 5:colcon.colcon_core.verb:set package 'turtlebot3_simulations' build argument 'cmake_target' from command line to 'None'
[0.190s] Level 5:colcon.colcon_core.verb:set package 'turtlebot3_simulations' build argument 'cmake_target_skip_unavailable' from command line to 'False'
[0.190s] Level 5:colcon.colcon_core.verb:set package 'turtlebot3_simulations' build argument 'cmake_clean_cache' from command line to 'False'
[0.190s] Level 5:colcon.colcon_core.verb:set package 'turtlebot3_simulations' build argument 'cmake_clean_first' from command line to 'False'
[0.190s] Level 5:colcon.colcon_core.verb:set package 'turtlebot3_simulations' build argument 'cmake_force_configure' from command line to 'False'
[0.190s] Level 5:colcon.colcon_core.verb:set package 'turtlebot3_simulations' build argument 'ament_cmake_args' from command line to 'None'
[0.190s] Level 5:colcon.colcon_core.verb:set package 'turtlebot3_simulations' build argument 'catkin_cmake_args' from command line to 'None'
[0.190s] Level 5:colcon.colcon_core.verb:set package 'turtlebot3_simulations' build argument 'catkin_skip_building_tests' from command line to 'False'
[0.190s] DEBUG:colcon.colcon_core.verb:Building package 'turtlebot3_simulations' with the following arguments: {'ament_cmake_args': None, 'build_base': '/home/vamshin24/turtlebot3_ws/build/turtlebot3_simulations', 'catkin_cmake_args': None, 'catkin_skip_building_tests': False, 'cmake_args': None, 'cmake_clean_cache': False, 'cmake_clean_first': False, 'cmake_force_configure': False, 'cmake_target': None, 'cmake_target_skip_unavailable': False, 'install_base': '/home/vamshin24/turtlebot3_ws/install/turtlebot3_simulations', 'merge_install': False, 'path': '/home/vamshin24/turtlebot3_ws/src/turtlebot3_simulations/turtlebot3_simulations', 'symlink_install': True, 'test_result_base': None}
[0.190s] INFO:colcon.colcon_core.executor:Executing jobs using 'parallel' executor
[0.190s] DEBUG:colcon.colcon_parallel_executor.executor.parallel:run_until_complete
[0.190s] INFO:colcon.colcon_ros.task.ament_cmake.build:Building ROS package in '/home/vamshin24/turtlebot3_ws/src/gazebo_ros_pkgs/gazebo_dev' with build type 'ament_cmake'
[0.190s] INFO:colcon.colcon_cmake.task.cmake.build:Building CMake package in '/home/vamshin24/turtlebot3_ws/src/gazebo_ros_pkgs/gazebo_dev'
[0.192s] INFO:colcon.colcon_core.plugin_system:Skipping extension 'colcon_core.shell.bat': Not used on non-Windows systems
[0.192s] INFO:colcon.colcon_core.shell:Skip shell extension 'powershell' for command environment: Not usable outside of PowerShell
[0.192s] DEBUG:colcon.colcon_core.shell:Skip shell extension 'dsv' for command environment
[0.193s] INFO:colcon.colcon_ros.task.ament_cmake.build:Building ROS package in '/home/vamshin24/turtlebot3_ws/src/gazebo_ros_pkgs/gazebo_msgs' with build type 'ament_cmake'
[0.193s] INFO:colcon.colcon_cmake.task.cmake.build:Building CMake package in '/home/vamshin24/turtlebot3_ws/src/gazebo_ros_pkgs/gazebo_msgs'
[0.193s] INFO:colcon.colcon_core.shell:Skip shell extension 'powershell' for command environment: Not usable outside of PowerShell
[0.193s] DEBUG:colcon.colcon_core.shell:Skip shell extension 'dsv' for command environment
[0.195s] INFO:colcon.colcon_ros.task.ament_cmake.build:Building ROS package in '/home/vamshin24/turtlebot3_ws/src/turtlebot3_simulations/turtlebot3_fake_node' with build type 'ament_cmake'
[0.195s] INFO:colcon.colcon_cmake.task.cmake.build:Building CMake package in '/home/vamshin24/turtlebot3_ws/src/turtlebot3_simulations/turtlebot3_fake_node'
[0.195s] INFO:colcon.colcon_core.shell:Skip shell extension 'powershell' for command environment: Not usable outside of PowerShell
[0.195s] DEBUG:colcon.colcon_core.shell:Skip shell extension 'dsv' for command environment
[0.198s] DEBUG:colcon.colcon_core.event_handler.log_command:Invoking command in '/home/vamshin24/turtlebot3_ws/build/gazebo_dev': CMAKE_PREFIX_PATH=/opt/ros/humble /usr/bin/cmake /home/vamshin24/turtlebot3_ws/src/gazebo_ros_pkgs/gazebo_dev -DAMENT_CMAKE_SYMLINK_INSTALL=1 -DCMAKE_INSTALL_PREFIX=/home/vamshin24/turtlebot3_ws/install/gazebo_dev
[0.200s] DEBUG:colcon.colcon_core.event_handler.log_command:Invoking command in '/home/vamshin24/turtlebot3_ws/build/gazebo_msgs': CMAKE_PREFIX_PATH=/opt/ros/humble /usr/bin/cmake /home/vamshin24/turtlebot3_ws/src/gazebo_ros_pkgs/gazebo_msgs -DAMENT_CMAKE_SYMLINK_INSTALL=1 -DCMAKE_INSTALL_PREFIX=/home/vamshin24/turtlebot3_ws/install/gazebo_msgs
[0.206s] DEBUG:colcon.colcon_core.event_handler.log_command:Invoking command in '/home/vamshin24/turtlebot3_ws/build/turtlebot3_fake_node': CMAKE_PREFIX_PATH=/opt/ros/humble /usr/bin/cmake --build /home/vamshin24/turtlebot3_ws/build/turtlebot3_fake_node -- -j4 -l4
[0.259s] DEBUG:colcon.colcon_core.event_handler.log_command:Invoked command in '/home/vamshin24/turtlebot3_ws/build/turtlebot3_fake_node' returned '0': CMAKE_PREFIX_PATH=/opt/ros/humble /usr/bin/cmake --build /home/vamshin24/turtlebot3_ws/build/turtlebot3_fake_node -- -j4 -l4
[0.264s] DEBUG:colcon.colcon_core.event_handler.log_command:Invoking command in '/home/vamshin24/turtlebot3_ws/build/turtlebot3_fake_node': CMAKE_PREFIX_PATH=/opt/ros/humble /usr/bin/cmake --install /home/vamshin24/turtlebot3_ws/build/turtlebot3_fake_node
[0.275s] Level 1:colcon.colcon_core.environment:create_environment_scripts_only(turtlebot3_fake_node)
[0.276s] DEBUG:colcon.colcon_core.event_handler.log_command:Invoked command in '/home/vamshin24/turtlebot3_ws/build/turtlebot3_fake_node' returned '0': CMAKE_PREFIX_PATH=/opt/ros/humble /usr/bin/cmake --install /home/vamshin24/turtlebot3_ws/build/turtlebot3_fake_node
[0.277s] Level 1:colcon.colcon_core.environment:checking '/home/vamshin24/turtlebot3_ws/install/turtlebot3_fake_node' for CMake module files
[0.277s] Level 1:colcon.colcon_core.environment:checking '/home/vamshin24/turtlebot3_ws/install/turtlebot3_fake_node' for CMake config files
[0.277s] Level 1:colcon.colcon_core.shell:create_environment_hook('turtlebot3_fake_node', 'cmake_prefix_path')
[0.277s] INFO:colcon.colcon_core.shell:Creating environment hook '/home/vamshin24/turtlebot3_ws/install/turtlebot3_fake_node/share/turtlebot3_fake_node/hook/cmake_prefix_path.ps1'
[0.277s] INFO:colcon.colcon_core.shell:Creating environment descriptor '/home/vamshin24/turtlebot3_ws/install/turtlebot3_fake_node/share/turtlebot3_fake_node/hook/cmake_prefix_path.dsv'
[0.278s] INFO:colcon.colcon_core.shell:Creating environment hook '/home/vamshin24/turtlebot3_ws/install/turtlebot3_fake_node/share/turtlebot3_fake_node/hook/cmake_prefix_path.sh'
[0.278s] Level 1:colcon.colcon_core.environment:checking '/home/vamshin24/turtlebot3_ws/install/turtlebot3_fake_node/lib'
[0.278s] Level 1:colcon.colcon_core.environment:checking '/home/vamshin24/turtlebot3_ws/install/turtlebot3_fake_node/bin'
[0.278s] Level 1:colcon.colcon_core.environment:checking '/home/vamshin24/turtlebot3_ws/install/turtlebot3_fake_node/lib/pkgconfig/turtlebot3_fake_node.pc'
[0.278s] Level 1:colcon.colcon_core.environment:checking '/home/vamshin24/turtlebot3_ws/install/turtlebot3_fake_node/lib/python3.10/site-packages'
[0.278s] Level 1:colcon.colcon_core.environment:checking '/home/vamshin24/turtlebot3_ws/install/turtlebot3_fake_node/bin'
[0.278s] INFO:colcon.colcon_core.shell:Creating package script '/home/vamshin24/turtlebot3_ws/install/turtlebot3_fake_node/share/turtlebot3_fake_node/package.ps1'
[0.279s] INFO:colcon.colcon_core.shell:Creating package descriptor '/home/vamshin24/turtlebot3_ws/install/turtlebot3_fake_node/share/turtlebot3_fake_node/package.dsv'
[0.279s] INFO:colcon.colcon_core.shell:Creating package script '/home/vamshin24/turtlebot3_ws/install/turtlebot3_fake_node/share/turtlebot3_fake_node/package.sh'
[0.279s] INFO:colcon.colcon_core.shell:Creating package script '/home/vamshin24/turtlebot3_ws/install/turtlebot3_fake_node/share/turtlebot3_fake_node/package.bash'
[0.280s] INFO:colcon.colcon_core.shell:Creating package script '/home/vamshin24/turtlebot3_ws/install/turtlebot3_fake_node/share/turtlebot3_fake_node/package.zsh'
[0.280s] Level 1:colcon.colcon_core.environment:create_file_with_runtime_dependencies(/home/vamshin24/turtlebot3_ws/install/turtlebot3_fake_node/share/colcon-core/packages/turtlebot3_fake_node)
[0.280s] Level 1:colcon.colcon_core.environment:create_environment_scripts_only(turtlebot3_fake_node)
[0.281s] Level 1:colcon.colcon_core.environment:checking '/home/vamshin24/turtlebot3_ws/install/turtlebot3_fake_node' for CMake module files
[0.281s] Level 1:colcon.colcon_core.environment:checking '/home/vamshin24/turtlebot3_ws/install/turtlebot3_fake_node' for CMake config files
[0.281s] Level 1:colcon.colcon_core.shell:create_environment_hook('turtlebot3_fake_node', 'cmake_prefix_path')
[0.281s] INFO:colcon.colcon_core.shell:Creating environment hook '/home/vamshin24/turtlebot3_ws/install/turtlebot3_fake_node/share/turtlebot3_fake_node/hook/cmake_prefix_path.ps1'
[0.281s] INFO:colcon.colcon_core.shell:Creating environment descriptor '/home/vamshin24/turtlebot3_ws/install/turtlebot3_fake_node/share/turtlebot3_fake_node/hook/cmake_prefix_path.dsv'
[0.281s] INFO:colcon.colcon_core.shell:Creating environment hook '/home/vamshin24/turtlebot3_ws/install/turtlebot3_fake_node/share/turtlebot3_fake_node/hook/cmake_prefix_path.sh'
[0.282s] Level 1:colcon.colcon_core.environment:checking '/home/vamshin24/turtlebot3_ws/install/turtlebot3_fake_node/lib'
[0.282s] Level 1:colcon.colcon_core.environment:checking '/home/vamshin24/turtlebot3_ws/install/turtlebot3_fake_node/bin'
[0.282s] Level 1:colcon.colcon_core.environment:checking '/home/vamshin24/turtlebot3_ws/install/turtlebot3_fake_node/lib/pkgconfig/turtlebot3_fake_node.pc'
[0.282s] Level 1:colcon.colcon_core.environment:checking '/home/vamshin24/turtlebot3_ws/install/turtlebot3_fake_node/lib/python3.10/site-packages'
[0.282s] Level 1:colcon.colcon_core.environment:checking '/home/vamshin24/turtlebot3_ws/install/turtlebot3_fake_node/bin'
[0.282s] INFO:colcon.colcon_core.shell:Creating package script '/home/vamshin24/turtlebot3_ws/install/turtlebot3_fake_node/share/turtlebot3_fake_node/package.ps1'
[0.282s] INFO:colcon.colcon_core.shell:Creating package descriptor '/home/vamshin24/turtlebot3_ws/install/turtlebot3_fake_node/share/turtlebot3_fake_node/package.dsv'
[0.282s] INFO:colcon.colcon_core.shell:Creating package script '/home/vamshin24/turtlebot3_ws/install/turtlebot3_fake_node/share/turtlebot3_fake_node/package.sh'
[0.283s] INFO:colcon.colcon_core.shell:Creating package script '/home/vamshin24/turtlebot3_ws/install/turtlebot3_fake_node/share/turtlebot3_fake_node/package.bash'
[0.283s] INFO:colcon.colcon_core.shell:Creating package script '/home/vamshin24/turtlebot3_ws/install/turtlebot3_fake_node/share/turtlebot3_fake_node/package.zsh'
[0.283s] Level 1:colcon.colcon_core.environment:create_file_with_runtime_dependencies(/home/vamshin24/turtlebot3_ws/install/turtlebot3_fake_node/share/colcon-core/packages/turtlebot3_fake_node)
[0.573s] DEBUG:colcon.colcon_core.event_handler.log_command:Invoked command in '/home/vamshin24/turtlebot3_ws/build/gazebo_dev' returned '0': CMAKE_PREFIX_PATH=/opt/ros/humble /usr/bin/cmake /home/vamshin24/turtlebot3_ws/src/gazebo_ros_pkgs/gazebo_dev -DAMENT_CMAKE_SYMLINK_INSTALL=1 -DCMAKE_INSTALL_PREFIX=/home/vamshin24/turtlebot3_ws/install/gazebo_dev
[0.574s] DEBUG:colcon.colcon_core.event_handler.log_command:Invoking command in '/home/vamshin24/turtlebot3_ws/build/gazebo_dev': CMAKE_PREFIX_PATH=/opt/ros/humble /usr/bin/cmake --build /home/vamshin24/turtlebot3_ws/build/gazebo_dev -- -j4 -l4
[0.588s] DEBUG:colcon.colcon_core.event_handler.log_command:Invoked command in '/home/vamshin24/turtlebot3_ws/build/gazebo_dev' returned '0': CMAKE_PREFIX_PATH=/opt/ros/humble /usr/bin/cmake --build /home/vamshin24/turtlebot3_ws/build/gazebo_dev -- -j4 -l4
[0.589s] DEBUG:colcon.colcon_core.event_handler.log_command:Invoking command in '/home/vamshin24/turtlebot3_ws/build/gazebo_dev': CMAKE_PREFIX_PATH=/opt/ros/humble /usr/bin/cmake --install /home/vamshin24/turtlebot3_ws/build/gazebo_dev
[0.641s] Level 1:colcon.colcon_core.environment:create_environment_scripts_only(gazebo_dev)
[0.641s] Level 1:colcon.colcon_core.environment:checking '/home/vamshin24/turtlebot3_ws/install/gazebo_dev' for CMake module files
[0.641s] DEBUG:colcon.colcon_core.event_handler.log_command:Invoked command in '/home/vamshin24/turtlebot3_ws/build/gazebo_dev' returned '0': CMAKE_PREFIX_PATH=/opt/ros/humble /usr/bin/cmake --install /home/vamshin24/turtlebot3_ws/build/gazebo_dev
[0.641s] Level 1:colcon.colcon_core.environment:checking '/home/vamshin24/turtlebot3_ws/install/gazebo_dev' for CMake config files
[0.642s] Level 1:colcon.colcon_core.shell:create_environment_hook('gazebo_dev', 'cmake_prefix_path')
[0.642s] INFO:colcon.colcon_core.shell:Creating environment hook '/home/vamshin24/turtlebot3_ws/install/gazebo_dev/share/gazebo_dev/hook/cmake_prefix_path.ps1'
[0.642s] INFO:colcon.colcon_core.shell:Creating environment descriptor '/home/vamshin24/turtlebot3_ws/install/gazebo_dev/share/gazebo_dev/hook/cmake_prefix_path.dsv'
[0.642s] INFO:colcon.colcon_core.shell:Creating environment hook '/home/vamshin24/turtlebot3_ws/install/gazebo_dev/share/gazebo_dev/hook/cmake_prefix_path.sh'
[0.642s] Level 1:colcon.colcon_core.environment:checking '/home/vamshin24/turtlebot3_ws/install/gazebo_dev/bin'
[0.642s] Level 1:colcon.colcon_core.environment:checking '/home/vamshin24/turtlebot3_ws/install/gazebo_dev/lib/pkgconfig/gazebo_dev.pc'
[0.642s] Level 1:colcon.colcon_core.environment:checking '/home/vamshin24/turtlebot3_ws/install/gazebo_dev/lib/python3.10/site-packages'
[0.642s] Level 1:colcon.colcon_core.environment:checking '/home/vamshin24/turtlebot3_ws/install/gazebo_dev/bin'
[0.643s] INFO:colcon.colcon_core.shell:Creating package script '/home/vamshin24/turtlebot3_ws/install/gazebo_dev/share/gazebo_dev/package.ps1'
[0.643s] INFO:colcon.colcon_core.shell:Creating package descriptor '/home/vamshin24/turtlebot3_ws/install/gazebo_dev/share/gazebo_dev/package.dsv'
[0.643s] INFO:colcon.colcon_core.shell:Creating package script '/home/vamshin24/turtlebot3_ws/install/gazebo_dev/share/gazebo_dev/package.sh'
[0.643s] INFO:colcon.colcon_core.shell:Creating package script '/home/vamshin24/turtlebot3_ws/install/gazebo_dev/share/gazebo_dev/package.bash'
[0.643s] INFO:colcon.colcon_core.shell:Creating package script '/home/vamshin24/turtlebot3_ws/install/gazebo_dev/share/gazebo_dev/package.zsh'
[0.643s] Level 1:colcon.colcon_core.environment:create_file_with_runtime_dependencies(/home/vamshin24/turtlebot3_ws/install/gazebo_dev/share/colcon-core/packages/gazebo_dev)
[0.643s] Level 1:colcon.colcon_core.environment:create_environment_scripts_only(gazebo_dev)
[0.643s] Level 1:colcon.colcon_core.environment:checking '/home/vamshin24/turtlebot3_ws/install/gazebo_dev' for CMake module files
[0.644s] Level 1:colcon.colcon_core.environment:checking '/home/vamshin24/turtlebot3_ws/install/gazebo_dev' for CMake config files
[0.644s] Level 1:colcon.colcon_core.shell:create_environment_hook('gazebo_dev', 'cmake_prefix_path')
[0.644s] INFO:colcon.colcon_core.shell:Creating environment hook '/home/vamshin24/turtlebot3_ws/install/gazebo_dev/share/gazebo_dev/hook/cmake_prefix_path.ps1'
[0.644s] INFO:colcon.colcon_core.shell:Creating environment descriptor '/home/vamshin24/turtlebot3_ws/install/gazebo_dev/share/gazebo_dev/hook/cmake_prefix_path.dsv'
[0.644s] INFO:colcon.colcon_core.shell:Creating environment hook '/home/vamshin24/turtlebot3_ws/install/gazebo_dev/share/gazebo_dev/hook/cmake_prefix_path.sh'
[0.644s] Level 1:colcon.colcon_core.environment:checking '/home/vamshin24/turtlebot3_ws/install/gazebo_dev/bin'
[0.644s] Level 1:colcon.colcon_core.environment:checking '/home/vamshin24/turtlebot3_ws/install/gazebo_dev/lib/pkgconfig/gazebo_dev.pc'
[0.644s] Level 1:colcon.colcon_core.environment:checking '/home/vamshin24/turtlebot3_ws/install/gazebo_dev/lib/python3.10/site-packages'
[0.644s] Level 1:colcon.colcon_core.environment:checking '/home/vamshin24/turtlebot3_ws/install/gazebo_dev/bin'
[0.644s] INFO:colcon.colcon_core.shell:Creating package script '/home/vamshin24/turtlebot3_ws/install/gazebo_dev/share/gazebo_dev/package.ps1'
[0.645s] INFO:colcon.colcon_core.shell:Creating package descriptor '/home/vamshin24/turtlebot3_ws/install/gazebo_dev/share/gazebo_dev/package.dsv'
[0.645s] INFO:colcon.colcon_core.shell:Creating package script '/home/vamshin24/turtlebot3_ws/install/gazebo_dev/share/gazebo_dev/package.sh'
[0.645s] INFO:colcon.colcon_core.shell:Creating package script '/home/vamshin24/turtlebot3_ws/install/gazebo_dev/share/gazebo_dev/package.bash'
[0.645s] INFO:colcon.colcon_core.shell:Creating package script '/home/vamshin24/turtlebot3_ws/install/gazebo_dev/share/gazebo_dev/package.zsh'
[0.645s] Level 1:colcon.colcon_core.environment:create_file_with_runtime_dependencies(/home/vamshin24/turtlebot3_ws/install/gazebo_dev/share/colcon-core/packages/gazebo_dev)
[1.369s] DEBUG:colcon.colcon_core.event_handler.log_command:Invoked command in '/home/vamshin24/turtlebot3_ws/build/gazebo_msgs' returned '0': CMAKE_PREFIX_PATH=/opt/ros/humble /usr/bin/cmake /home/vamshin24/turtlebot3_ws/src/gazebo_ros_pkgs/gazebo_msgs -DAMENT_CMAKE_SYMLINK_INSTALL=1 -DCMAKE_INSTALL_PREFIX=/home/vamshin24/turtlebot3_ws/install/gazebo_msgs
[1.370s] DEBUG:colcon.colcon_core.event_handler.log_command:Invoking command in '/home/vamshin24/turtlebot3_ws/build/gazebo_msgs': CMAKE_PREFIX_PATH=/opt/ros/humble /usr/bin/cmake --build /home/vamshin24/turtlebot3_ws/build/gazebo_msgs -- -j4 -l4
[21.078s] DEBUG:colcon.colcon_core.event_handler.log_command:Invoked command in '/home/vamshin24/turtlebot3_ws/build/gazebo_msgs' returned '0': CMAKE_PREFIX_PATH=/opt/ros/humble /usr/bin/cmake --build /home/vamshin24/turtlebot3_ws/build/gazebo_msgs -- -j4 -l4
[21.079s] DEBUG:colcon.colcon_core.event_handler.log_command:Invoking command in '/home/vamshin24/turtlebot3_ws/build/gazebo_msgs': CMAKE_PREFIX_PATH=/opt/ros/humble /usr/bin/cmake --install /home/vamshin24/turtlebot3_ws/build/gazebo_msgs
[23.453s] Level 1:colcon.colcon_core.environment:create_environment_scripts_only(gazebo_msgs)
[23.453s] Level 1:colcon.colcon_core.environment:checking '/home/vamshin24/turtlebot3_ws/install/gazebo_msgs' for CMake module files
[23.454s] DEBUG:colcon.colcon_core.event_handler.log_command:Invoked command in '/home/vamshin24/turtlebot3_ws/build/gazebo_msgs' returned '0': CMAKE_PREFIX_PATH=/opt/ros/humble /usr/bin/cmake --install /home/vamshin24/turtlebot3_ws/build/gazebo_msgs
[23.454s] Level 1:colcon.colcon_core.environment:checking '/home/vamshin24/turtlebot3_ws/install/gazebo_msgs' for CMake config files
[23.456s] Level 1:colcon.colcon_core.shell:create_environment_hook('gazebo_msgs', 'cmake_prefix_path')
[23.456s] INFO:colcon.colcon_core.shell:Creating environment hook '/home/vamshin24/turtlebot3_ws/install/gazebo_msgs/share/gazebo_msgs/hook/cmake_prefix_path.ps1'
[23.457s] INFO:colcon.colcon_core.shell:Creating environment descriptor '/home/vamshin24/turtlebot3_ws/install/gazebo_msgs/share/gazebo_msgs/hook/cmake_prefix_path.dsv'
[23.457s] INFO:colcon.colcon_core.shell:Creating environment hook '/home/vamshin24/turtlebot3_ws/install/gazebo_msgs/share/gazebo_msgs/hook/cmake_prefix_path.sh'
[23.457s] Level 1:colcon.colcon_core.environment:checking '/home/vamshin24/turtlebot3_ws/install/gazebo_msgs/lib'
[23.457s] Level 1:colcon.colcon_core.shell:create_environment_hook('gazebo_msgs', 'ld_library_path_lib')
[23.457s] INFO:colcon.colcon_core.shell:Creating environment hook '/home/vamshin24/turtlebot3_ws/install/gazebo_msgs/share/gazebo_msgs/hook/ld_library_path_lib.ps1'
[23.457s] INFO:colcon.colcon_core.shell:Creating environment descriptor '/home/vamshin24/turtlebot3_ws/install/gazebo_msgs/share/gazebo_msgs/hook/ld_library_path_lib.dsv'
[23.457s] INFO:colcon.colcon_core.shell:Creating environment hook '/home/vamshin24/turtlebot3_ws/install/gazebo_msgs/share/gazebo_msgs/hook/ld_library_path_lib.sh'
[23.458s] Level 1:colcon.colcon_core.environment:checking '/home/vamshin24/turtlebot3_ws/install/gazebo_msgs/bin'
[23.458s] Level 1:colcon.colcon_core.environment:checking '/home/vamshin24/turtlebot3_ws/install/gazebo_msgs/lib/pkgconfig/gazebo_msgs.pc'
[23.458s] Level 1:colcon.colcon_core.environment:checking '/home/vamshin24/turtlebot3_ws/install/gazebo_msgs/lib/python3.10/site-packages'
[23.458s] Level 1:colcon.colcon_core.environment:checking '/home/vamshin24/turtlebot3_ws/install/gazebo_msgs/bin'
[23.458s] INFO:colcon.colcon_core.shell:Creating package script '/home/vamshin24/turtlebot3_ws/install/gazebo_msgs/share/gazebo_msgs/package.ps1'
[23.458s] INFO:colcon.colcon_core.shell:Creating package descriptor '/home/vamshin24/turtlebot3_ws/install/gazebo_msgs/share/gazebo_msgs/package.dsv'
[23.458s] INFO:colcon.colcon_core.shell:Creating package script '/home/vamshin24/turtlebot3_ws/install/gazebo_msgs/share/gazebo_msgs/package.sh'
[23.458s] INFO:colcon.colcon_core.shell:Creating package script '/home/vamshin24/turtlebot3_ws/install/gazebo_msgs/share/gazebo_msgs/package.bash'
[23.458s] INFO:colcon.colcon_core.shell:Creating package script '/home/vamshin24/turtlebot3_ws/install/gazebo_msgs/share/gazebo_msgs/package.zsh'
[23.459s] Level 1:colcon.colcon_core.environment:create_file_with_runtime_dependencies(/home/vamshin24/turtlebot3_ws/install/gazebo_msgs/share/colcon-core/packages/gazebo_msgs)
[23.459s] Level 1:colcon.colcon_core.environment:create_environment_scripts_only(gazebo_msgs)
[23.459s] Level 1:colcon.colcon_core.environment:checking '/home/vamshin24/turtlebot3_ws/install/gazebo_msgs' for CMake module files
[23.459s] Level 1:colcon.colcon_core.environment:checking '/home/vamshin24/turtlebot3_ws/install/gazebo_msgs' for CMake config files
[23.460s] Level 1:colcon.colcon_core.shell:create_environment_hook('gazebo_msgs', 'cmake_prefix_path')
[23.461s] INFO:colcon.colcon_core.shell:Creating environment hook '/home/vamshin24/turtlebot3_ws/install/gazebo_msgs/share/gazebo_msgs/hook/cmake_prefix_path.ps1'
[23.461s] INFO:colcon.colcon_core.shell:Creating environment descriptor '/home/vamshin24/turtlebot3_ws/install/gazebo_msgs/share/gazebo_msgs/hook/cmake_prefix_path.dsv'
[23.461s] INFO:colcon.colcon_core.shell:Creating environment hook '/home/vamshin24/turtlebot3_ws/install/gazebo_msgs/share/gazebo_msgs/hook/cmake_prefix_path.sh'
[23.461s] Level 1:colcon.colcon_core.environment:checking '/home/vamshin24/turtlebot3_ws/install/gazebo_msgs/lib'
[23.461s] Level 1:colcon.colcon_core.shell:create_environment_hook('gazebo_msgs', 'ld_library_path_lib')
[23.461s] INFO:colcon.colcon_core.shell:Creating environment hook '/home/vamshin24/turtlebot3_ws/install/gazebo_msgs/share/gazebo_msgs/hook/ld_library_path_lib.ps1'
[23.461s] INFO:colcon.colcon_core.shell:Creating environment descriptor '/home/vamshin24/turtlebot3_ws/install/gazebo_msgs/share/gazebo_msgs/hook/ld_library_path_lib.dsv'
[23.461s] INFO:colcon.colcon_core.shell:Creating environment hook '/home/vamshin24/turtlebot3_ws/install/gazebo_msgs/share/gazebo_msgs/hook/ld_library_path_lib.sh'
[23.462s] Level 1:colcon.colcon_core.environment:checking '/home/vamshin24/turtlebot3_ws/install/gazebo_msgs/bin'
[23.462s] Level 1:colcon.colcon_core.environment:checking '/home/vamshin24/turtlebot3_ws/install/gazebo_msgs/lib/pkgconfig/gazebo_msgs.pc'
[23.462s] Level 1:colcon.colcon_core.environment:checking '/home/vamshin24/turtlebot3_ws/install/gazebo_msgs/lib/python3.10/site-packages'
[23.462s] Level 1:colcon.colcon_core.environment:checking '/home/vamshin24/turtlebot3_ws/install/gazebo_msgs/bin'
[23.462s] INFO:colcon.colcon_core.shell:Creating package script '/home/vamshin24/turtlebot3_ws/install/gazebo_msgs/share/gazebo_msgs/package.ps1'
[23.462s] INFO:colcon.colcon_core.shell:Creating package descriptor '/home/vamshin24/turtlebot3_ws/install/gazebo_msgs/share/gazebo_msgs/package.dsv'
[23.462s] INFO:colcon.colcon_core.shell:Creating package script '/home/vamshin24/turtlebot3_ws/install/gazebo_msgs/share/gazebo_msgs/package.sh'
[23.462s] INFO:colcon.colcon_core.shell:Creating package script '/home/vamshin24/turtlebot3_ws/install/gazebo_msgs/share/gazebo_msgs/package.bash'
[23.462s] INFO:colcon.colcon_core.shell:Creating package script '/home/vamshin24/turtlebot3_ws/install/gazebo_msgs/share/gazebo_msgs/package.zsh'
[23.463s] Level 1:colcon.colcon_core.environment:create_file_with_runtime_dependencies(/home/vamshin24/turtlebot3_ws/install/gazebo_msgs/share/colcon-core/packages/gazebo_msgs)
[23.463s] INFO:colcon.colcon_ros.task.ament_cmake.build:Building ROS package in '/home/vamshin24/turtlebot3_ws/src/gazebo_ros_pkgs/gazebo_ros' with build type 'ament_cmake'
[23.463s] INFO:colcon.colcon_cmake.task.cmake.build:Building CMake package in '/home/vamshin24/turtlebot3_ws/src/gazebo_ros_pkgs/gazebo_ros'
[23.463s] INFO:colcon.colcon_core.shell:Skip shell extension 'powershell' for command environment: Not usable outside of PowerShell
[23.463s] DEBUG:colcon.colcon_core.shell:Skip shell extension 'dsv' for command environment
[23.467s] DEBUG:colcon.colcon_core.event_handler.log_command:Invoking command in '/home/vamshin24/turtlebot3_ws/build/gazebo_ros': AMENT_PREFIX_PATH=/home/vamshin24/turtlebot3_ws/install/gazebo_msgs:/home/vamshin24/turtlebot3_ws/install/gazebo_dev:${AMENT_PREFIX_PATH} CMAKE_PREFIX_PATH=/home/vamshin24/turtlebot3_ws/install/gazebo_msgs:/home/vamshin24/turtlebot3_ws/install/gazebo_dev:/opt/ros/humble LD_LIBRARY_PATH=/home/vamshin24/turtlebot3_ws/install/gazebo_msgs/lib:${LD_LIBRARY_PATH} PYTHONPATH=/home/vamshin24/turtlebot3_ws/install/gazebo_msgs/local/lib/python3.10/dist-packages:${PYTHONPATH} /usr/bin/cmake /home/vamshin24/turtlebot3_ws/src/gazebo_ros_pkgs/gazebo_ros -DAMENT_CMAKE_SYMLINK_INSTALL=1 -DCMAKE_INSTALL_PREFIX=/home/vamshin24/turtlebot3_ws/install/gazebo_ros
[24.686s] DEBUG:colcon.colcon_core.event_handler.log_command:Invoked command in '/home/vamshin24/turtlebot3_ws/build/gazebo_ros' returned '0': AMENT_PREFIX_PATH=/home/vamshin24/turtlebot3_ws/install/gazebo_msgs:/home/vamshin24/turtlebot3_ws/install/gazebo_dev:${AMENT_PREFIX_PATH} CMAKE_PREFIX_PATH=/home/vamshin24/turtlebot3_ws/install/gazebo_msgs:/home/vamshin24/turtlebot3_ws/install/gazebo_dev:/opt/ros/humble LD_LIBRARY_PATH=/home/vamshin24/turtlebot3_ws/install/gazebo_msgs/lib:${LD_LIBRARY_PATH} PYTHONPATH=/home/vamshin24/turtlebot3_ws/install/gazebo_msgs/local/lib/python3.10/dist-packages:${PYTHONPATH} /usr/bin/cmake /home/vamshin24/turtlebot3_ws/src/gazebo_ros_pkgs/gazebo_ros -DAMENT_CMAKE_SYMLINK_INSTALL=1 -DCMAKE_INSTALL_PREFIX=/home/vamshin24/turtlebot3_ws/install/gazebo_ros
[24.687s] DEBUG:colcon.colcon_core.event_handler.log_command:Invoking command in '/home/vamshin24/turtlebot3_ws/build/gazebo_ros': AMENT_PREFIX_PATH=/home/vamshin24/turtlebot3_ws/install/gazebo_msgs:/home/vamshin24/turtlebot3_ws/install/gazebo_dev:${AMENT_PREFIX_PATH} CMAKE_PREFIX_PATH=/home/vamshin24/turtlebot3_ws/install/gazebo_msgs:/home/vamshin24/turtlebot3_ws/install/gazebo_dev:/opt/ros/humble LD_LIBRARY_PATH=/home/vamshin24/turtlebot3_ws/install/gazebo_msgs/lib:${LD_LIBRARY_PATH} PYTHONPATH=/home/vamshin24/turtlebot3_ws/install/gazebo_msgs/local/lib/python3.10/dist-packages:${PYTHONPATH} /usr/bin/cmake --build /home/vamshin24/turtlebot3_ws/build/gazebo_ros -- -j4 -l4
[204.540s] DEBUG:colcon.colcon_core.event_handler.log_command:Invoked command in '/home/vamshin24/turtlebot3_ws/build/gazebo_ros' returned '0': AMENT_PREFIX_PATH=/home/vamshin24/turtlebot3_ws/install/gazebo_msgs:/home/vamshin24/turtlebot3_ws/install/gazebo_dev:${AMENT_PREFIX_PATH} CMAKE_PREFIX_PATH=/home/vamshin24/turtlebot3_ws/install/gazebo_msgs:/home/vamshin24/turtlebot3_ws/install/gazebo_dev:/opt/ros/humble LD_LIBRARY_PATH=/home/vamshin24/turtlebot3_ws/install/gazebo_msgs/lib:${LD_LIBRARY_PATH} PYTHONPATH=/home/vamshin24/turtlebot3_ws/install/gazebo_msgs/local/lib/python3.10/dist-packages:${PYTHONPATH} /usr/bin/cmake --build /home/vamshin24/turtlebot3_ws/build/gazebo_ros -- -j4 -l4
[204.592s] DEBUG:colcon.colcon_core.event_handler.log_command:Invoking command in '/home/vamshin24/turtlebot3_ws/build/gazebo_ros': AMENT_PREFIX_PATH=/home/vamshin24/turtlebot3_ws/install/gazebo_msgs:/home/vamshin24/turtlebot3_ws/install/gazebo_dev:${AMENT_PREFIX_PATH} CMAKE_PREFIX_PATH=/home/vamshin24/turtlebot3_ws/install/gazebo_msgs:/home/vamshin24/turtlebot3_ws/install/gazebo_dev:/opt/ros/humble LD_LIBRARY_PATH=/home/vamshin24/turtlebot3_ws/install/gazebo_msgs/lib:${LD_LIBRARY_PATH} PYTHONPATH=/home/vamshin24/turtlebot3_ws/install/gazebo_msgs/local/lib/python3.10/dist-packages:${PYTHONPATH} /usr/bin/cmake --install /home/vamshin24/turtlebot3_ws/build/gazebo_ros
[204.823s] Level 1:colcon.colcon_core.environment:create_environment_scripts_only(gazebo_ros)
[204.829s] DEBUG:colcon.colcon_core.event_handler.log_command:Invoked command in '/home/vamshin24/turtlebot3_ws/build/gazebo_ros' returned '0': AMENT_PREFIX_PATH=/home/vamshin24/turtlebot3_ws/install/gazebo_msgs:/home/vamshin24/turtlebot3_ws/install/gazebo_dev:${AMENT_PREFIX_PATH} CMAKE_PREFIX_PATH=/home/vamshin24/turtlebot3_ws/install/gazebo_msgs:/home/vamshin24/turtlebot3_ws/install/gazebo_dev:/opt/ros/humble LD_LIBRARY_PATH=/home/vamshin24/turtlebot3_ws/install/gazebo_msgs/lib:${LD_LIBRARY_PATH} PYTHONPATH=/home/vamshin24/turtlebot3_ws/install/gazebo_msgs/local/lib/python3.10/dist-packages:${PYTHONPATH} /usr/bin/cmake --install /home/vamshin24/turtlebot3_ws/build/gazebo_ros
[204.832s] Level 1:colcon.colcon_core.environment:checking '/home/vamshin24/turtlebot3_ws/install/gazebo_ros' for CMake module files
[204.833s] Level 1:colcon.colcon_core.environment:checking '/home/vamshin24/turtlebot3_ws/install/gazebo_ros' for CMake config files
[204.834s] Level 1:colcon.colcon_core.shell:create_environment_hook('gazebo_ros', 'cmake_prefix_path')
[204.836s] INFO:colcon.colcon_core.shell:Creating environment hook '/home/vamshin24/turtlebot3_ws/install/gazebo_ros/share/gazebo_ros/hook/cmake_prefix_path.ps1'
[204.843s] INFO:colcon.colcon_core.shell:Creating environment descriptor '/home/vamshin24/turtlebot3_ws/install/gazebo_ros/share/gazebo_ros/hook/cmake_prefix_path.dsv'
[204.846s] INFO:colcon.colcon_core.shell:Creating environment hook '/home/vamshin24/turtlebot3_ws/install/gazebo_ros/share/gazebo_ros/hook/cmake_prefix_path.sh'
[204.848s] Level 1:colcon.colcon_core.environment:checking '/home/vamshin24/turtlebot3_ws/install/gazebo_ros/lib'
[204.848s] Level 1:colcon.colcon_core.shell:create_environment_hook('gazebo_ros', 'ld_library_path_lib')
[204.848s] INFO:colcon.colcon_core.shell:Creating environment hook '/home/vamshin24/turtlebot3_ws/install/gazebo_ros/share/gazebo_ros/hook/ld_library_path_lib.ps1'
[204.849s] INFO:colcon.colcon_core.shell:Creating environment descriptor '/home/vamshin24/turtlebot3_ws/install/gazebo_ros/share/gazebo_ros/hook/ld_library_path_lib.dsv'
[204.849s] INFO:colcon.colcon_core.shell:Creating environment hook '/home/vamshin24/turtlebot3_ws/install/gazebo_ros/share/gazebo_ros/hook/ld_library_path_lib.sh'
[204.849s] Level 1:colcon.colcon_core.environment:checking '/home/vamshin24/turtlebot3_ws/install/gazebo_ros/bin'
[204.849s] Level 1:colcon.colcon_core.environment:checking '/home/vamshin24/turtlebot3_ws/install/gazebo_ros/lib/pkgconfig/gazebo_ros.pc'
[204.852s] Level 1:colcon.colcon_core.environment:checking '/home/vamshin24/turtlebot3_ws/install/gazebo_ros/lib/python3.10/site-packages'
[204.852s] Level 1:colcon.colcon_core.environment:checking '/home/vamshin24/turtlebot3_ws/install/gazebo_ros/bin'
[204.852s] INFO:colcon.colcon_core.shell:Creating package script '/home/vamshin24/turtlebot3_ws/install/gazebo_ros/share/gazebo_ros/package.ps1'
[204.853s] INFO:colcon.colcon_core.shell:Creating package descriptor '/home/vamshin24/turtlebot3_ws/install/gazebo_ros/share/gazebo_ros/package.dsv'
[204.854s] INFO:colcon.colcon_core.shell:Creating package script '/home/vamshin24/turtlebot3_ws/install/gazebo_ros/share/gazebo_ros/package.sh'
[204.854s] INFO:colcon.colcon_core.shell:Creating package script '/home/vamshin24/turtlebot3_ws/install/gazebo_ros/share/gazebo_ros/package.bash'
[204.855s] INFO:colcon.colcon_core.shell:Creating package script '/home/vamshin24/turtlebot3_ws/install/gazebo_ros/share/gazebo_ros/package.zsh'
[204.857s] Level 1:colcon.colcon_core.environment:create_file_with_runtime_dependencies(/home/vamshin24/turtlebot3_ws/install/gazebo_ros/share/colcon-core/packages/gazebo_ros)
[204.857s] Level 1:colcon.colcon_core.environment:create_environment_scripts_only(gazebo_ros)
[204.857s] Level 1:colcon.colcon_core.environment:checking '/home/vamshin24/turtlebot3_ws/install/gazebo_ros' for CMake module files
[204.858s] Level 1:colcon.colcon_core.environment:checking '/home/vamshin24/turtlebot3_ws/install/gazebo_ros' for CMake config files
[204.858s] Level 1:colcon.colcon_core.shell:create_environment_hook('gazebo_ros', 'cmake_prefix_path')
[204.858s] INFO:colcon.colcon_core.shell:Creating environment hook '/home/vamshin24/turtlebot3_ws/install/gazebo_ros/share/gazebo_ros/hook/cmake_prefix_path.ps1'
[204.858s] INFO:colcon.colcon_core.shell:Creating environment descriptor '/home/vamshin24/turtlebot3_ws/install/gazebo_ros/share/gazebo_ros/hook/cmake_prefix_path.dsv'
[204.858s] INFO:colcon.colcon_core.shell:Creating environment hook '/home/vamshin24/turtlebot3_ws/install/gazebo_ros/share/gazebo_ros/hook/cmake_prefix_path.sh'
[204.859s] Level 1:colcon.colcon_core.environment:checking '/home/vamshin24/turtlebot3_ws/install/gazebo_ros/lib'
[204.859s] Level 1:colcon.colcon_core.shell:create_environment_hook('gazebo_ros', 'ld_library_path_lib')
[204.859s] INFO:colcon.colcon_core.shell:Creating environment hook '/home/vamshin24/turtlebot3_ws/install/gazebo_ros/share/gazebo_ros/hook/ld_library_path_lib.ps1'
[204.860s] INFO:colcon.colcon_core.shell:Creating environment descriptor '/home/vamshin24/turtlebot3_ws/install/gazebo_ros/share/gazebo_ros/hook/ld_library_path_lib.dsv'
[204.860s] INFO:colcon.colcon_core.shell:Creating environment hook '/home/vamshin24/turtlebot3_ws/install/gazebo_ros/share/gazebo_ros/hook/ld_library_path_lib.sh'
[204.860s] Level 1:colcon.colcon_core.environment:checking '/home/vamshin24/turtlebot3_ws/install/gazebo_ros/bin'
[204.860s] Level 1:colcon.colcon_core.environment:checking '/home/vamshin24/turtlebot3_ws/install/gazebo_ros/lib/pkgconfig/gazebo_ros.pc'
[204.860s] Level 1:colcon.colcon_core.environment:checking '/home/vamshin24/turtlebot3_ws/install/gazebo_ros/lib/python3.10/site-packages'
[204.860s] Level 1:colcon.colcon_core.environment:checking '/home/vamshin24/turtlebot3_ws/install/gazebo_ros/bin'
[204.860s] INFO:colcon.colcon_core.shell:Creating package script '/home/vamshin24/turtlebot3_ws/install/gazebo_ros/share/gazebo_ros/package.ps1'
[204.860s] INFO:colcon.colcon_core.shell:Creating package descriptor '/home/vamshin24/turtlebot3_ws/install/gazebo_ros/share/gazebo_ros/package.dsv'
[204.861s] INFO:colcon.colcon_core.shell:Creating package script '/home/vamshin24/turtlebot3_ws/install/gazebo_ros/share/gazebo_ros/package.sh'
[204.861s] INFO:colcon.colcon_core.shell:Creating package script '/home/vamshin24/turtlebot3_ws/install/gazebo_ros/share/gazebo_ros/package.bash'
[204.861s] INFO:colcon.colcon_core.shell:Creating package script '/home/vamshin24/turtlebot3_ws/install/gazebo_ros/share/gazebo_ros/package.zsh'
[204.861s] Level 1:colcon.colcon_core.environment:create_file_with_runtime_dependencies(/home/vamshin24/turtlebot3_ws/install/gazebo_ros/share/colcon-core/packages/gazebo_ros)
[204.863s] INFO:colcon.colcon_ros.task.ament_cmake.build:Building ROS package in '/home/vamshin24/turtlebot3_ws/src/gazebo_ros_pkgs/gazebo_plugins' with build type 'ament_cmake'
[204.863s] INFO:colcon.colcon_cmake.task.cmake.build:Building CMake package in '/home/vamshin24/turtlebot3_ws/src/gazebo_ros_pkgs/gazebo_plugins'
[204.864s] INFO:colcon.colcon_core.shell:Skip shell extension 'powershell' for command environment: Not usable outside of PowerShell
[204.864s] DEBUG:colcon.colcon_core.shell:Skip shell extension 'dsv' for command environment
[204.886s] DEBUG:colcon.colcon_core.event_handler.log_command:Invoking command in '/home/vamshin24/turtlebot3_ws/build/gazebo_plugins': AMENT_PREFIX_PATH=/home/vamshin24/turtlebot3_ws/install/gazebo_ros:/home/vamshin24/turtlebot3_ws/install/gazebo_msgs:/home/vamshin24/turtlebot3_ws/install/gazebo_dev:${AMENT_PREFIX_PATH} CMAKE_PREFIX_PATH=/home/vamshin24/turtlebot3_ws/install/gazebo_ros:/home/vamshin24/turtlebot3_ws/install/gazebo_msgs:/home/vamshin24/turtlebot3_ws/install/gazebo_dev:/opt/ros/humble LD_LIBRARY_PATH=/home/vamshin24/turtlebot3_ws/install/gazebo_ros/lib:/home/vamshin24/turtlebot3_ws/install/gazebo_msgs/lib:${LD_LIBRARY_PATH} PYTHONPATH=/home/vamshin24/turtlebot3_ws/install/gazebo_ros/local/lib/python3.10/dist-packages:/home/vamshin24/turtlebot3_ws/install/gazebo_msgs/local/lib/python3.10/dist-packages:${PYTHONPATH} /usr/bin/cmake /home/vamshin24/turtlebot3_ws/src/gazebo_ros_pkgs/gazebo_plugins -DAMENT_CMAKE_SYMLINK_INSTALL=1 -DCMAKE_INSTALL_PREFIX=/home/vamshin24/turtlebot3_ws/install/gazebo_plugins
[206.811s] DEBUG:colcon.colcon_core.event_handler.log_command:Invoked command in '/home/vamshin24/turtlebot3_ws/build/gazebo_plugins' returned '0': AMENT_PREFIX_PATH=/home/vamshin24/turtlebot3_ws/install/gazebo_ros:/home/vamshin24/turtlebot3_ws/install/gazebo_msgs:/home/vamshin24/turtlebot3_ws/install/gazebo_dev:${AMENT_PREFIX_PATH} CMAKE_PREFIX_PATH=/home/vamshin24/turtlebot3_ws/install/gazebo_ros:/home/vamshin24/turtlebot3_ws/install/gazebo_msgs:/home/vamshin24/turtlebot3_ws/install/gazebo_dev:/opt/ros/humble LD_LIBRARY_PATH=/home/vamshin24/turtlebot3_ws/install/gazebo_ros/lib:/home/vamshin24/turtlebot3_ws/install/gazebo_msgs/lib:${LD_LIBRARY_PATH} PYTHONPATH=/home/vamshin24/turtlebot3_ws/install/gazebo_ros/local/lib/python3.10/dist-packages:/home/vamshin24/turtlebot3_ws/install/gazebo_msgs/local/lib/python3.10/dist-packages:${PYTHONPATH} /usr/bin/cmake /home/vamshin24/turtlebot3_ws/src/gazebo_ros_pkgs/gazebo_plugins -DAMENT_CMAKE_SYMLINK_INSTALL=1 -DCMAKE_INSTALL_PREFIX=/home/vamshin24/turtlebot3_ws/install/gazebo_plugins
[206.815s] DEBUG:colcon.colcon_core.event_handler.log_command:Invoking command in '/home/vamshin24/turtlebot3_ws/build/gazebo_plugins': AMENT_PREFIX_PATH=/home/vamshin24/turtlebot3_ws/install/gazebo_ros:/home/vamshin24/turtlebot3_ws/install/gazebo_msgs:/home/vamshin24/turtlebot3_ws/install/gazebo_dev:${AMENT_PREFIX_PATH} CMAKE_PREFIX_PATH=/home/vamshin24/turtlebot3_ws/install/gazebo_ros:/home/vamshin24/turtlebot3_ws/install/gazebo_msgs:/home/vamshin24/turtlebot3_ws/install/gazebo_dev:/opt/ros/humble LD_LIBRARY_PATH=/home/vamshin24/turtlebot3_ws/install/gazebo_ros/lib:/home/vamshin24/turtlebot3_ws/install/gazebo_msgs/lib:${LD_LIBRARY_PATH} PYTHONPATH=/home/vamshin24/turtlebot3_ws/install/gazebo_ros/local/lib/python3.10/dist-packages:/home/vamshin24/turtlebot3_ws/install/gazebo_msgs/local/lib/python3.10/dist-packages:${PYTHONPATH} /usr/bin/cmake --build /home/vamshin24/turtlebot3_ws/build/gazebo_plugins -- -j4 -l4
[821.377s] DEBUG:colcon.colcon_core.event_handler.log_command:Invoked command in '/home/vamshin24/turtlebot3_ws/build/gazebo_plugins' returned '2': AMENT_PREFIX_PATH=/home/vamshin24/turtlebot3_ws/install/gazebo_ros:/home/vamshin24/turtlebot3_ws/install/gazebo_msgs:/home/vamshin24/turtlebot3_ws/install/gazebo_dev:${AMENT_PREFIX_PATH} CMAKE_PREFIX_PATH=/home/vamshin24/turtlebot3_ws/install/gazebo_ros:/home/vamshin24/turtlebot3_ws/install/gazebo_msgs:/home/vamshin24/turtlebot3_ws/install/gazebo_dev:/opt/ros/humble LD_LIBRARY_PATH=/home/vamshin24/turtlebot3_ws/install/gazebo_ros/lib:/home/vamshin24/turtlebot3_ws/install/gazebo_msgs/lib:${LD_LIBRARY_PATH} PYTHONPATH=/home/vamshin24/turtlebot3_ws/install/gazebo_ros/local/lib/python3.10/dist-packages:/home/vamshin24/turtlebot3_ws/install/gazebo_msgs/local/lib/python3.10/dist-packages:${PYTHONPATH} /usr/bin/cmake --build /home/vamshin24/turtlebot3_ws/build/gazebo_plugins -- -j4 -l4
[821.406s] Level 1:colcon.colcon_core.environment:create_environment_scripts_only(gazebo_plugins)
[821.408s] Level 1:colcon.colcon_core.environment:checking '/home/vamshin24/turtlebot3_ws/install/gazebo_plugins' for CMake module files
[821.409s] Level 1:colcon.colcon_core.environment:checking '/home/vamshin24/turtlebot3_ws/install/gazebo_plugins' for CMake config files
[821.416s] Level 1:colcon.colcon_core.environment:checking '/home/vamshin24/turtlebot3_ws/install/gazebo_plugins/bin'
[821.416s] Level 1:colcon.colcon_core.environment:checking '/home/vamshin24/turtlebot3_ws/install/gazebo_plugins/lib/pkgconfig/gazebo_plugins.pc'
[821.421s] Level 1:colcon.colcon_core.environment:checking '/home/vamshin24/turtlebot3_ws/install/gazebo_plugins/lib/python3.10/site-packages'
[821.421s] Level 1:colcon.colcon_core.environment:checking '/home/vamshin24/turtlebot3_ws/install/gazebo_plugins/bin'
[821.423s] INFO:colcon.colcon_core.shell:Creating package script '/home/vamshin24/turtlebot3_ws/install/gazebo_plugins/share/gazebo_plugins/package.ps1'
[821.434s] INFO:colcon.colcon_core.shell:Creating package descriptor '/home/vamshin24/turtlebot3_ws/install/gazebo_plugins/share/gazebo_plugins/package.dsv'
[821.437s] INFO:colcon.colcon_core.shell:Creating package script '/home/vamshin24/turtlebot3_ws/install/gazebo_plugins/share/gazebo_plugins/package.sh'
[821.438s] INFO:colcon.colcon_core.shell:Creating package script '/home/vamshin24/turtlebot3_ws/install/gazebo_plugins/share/gazebo_plugins/package.bash'
[821.439s] INFO:colcon.colcon_core.shell:Creating package script '/home/vamshin24/turtlebot3_ws/install/gazebo_plugins/share/gazebo_plugins/package.zsh'
[821.441s] Level 1:colcon.colcon_core.environment:create_file_with_runtime_dependencies(/home/vamshin24/turtlebot3_ws/install/gazebo_plugins/share/colcon-core/packages/gazebo_plugins)
[821.456s] DEBUG:colcon.colcon_parallel_executor.executor.parallel:closing loop
[821.460s] DEBUG:colcon.colcon_parallel_executor.executor.parallel:loop closed
[821.460s] DEBUG:colcon.colcon_parallel_executor.executor.parallel:run_until_complete finished with '2'
[821.461s] DEBUG:colcon.colcon_core.event_reactor:joining thread
[821.527s] INFO:colcon.colcon_core.plugin_system:Skipping extension 'colcon_notification.desktop_notification.terminal_notifier': Not used on non-Darwin systems
[821.527s] INFO:colcon.colcon_core.plugin_system:Skipping extension 'colcon_notification.desktop_notification.win32': Not used on non-Windows systems
[821.527s] INFO:colcon.colcon_notification.desktop_notification:Sending desktop notification using 'notify2'
[821.711s] DEBUG:colcon.colcon_core.event_reactor:joined thread
[821.716s] INFO:colcon.colcon_core.shell:Creating prefix script '/home/vamshin24/turtlebot3_ws/install/local_setup.ps1'
[821.718s] INFO:colcon.colcon_core.shell:Creating prefix util module '/home/vamshin24/turtlebot3_ws/install/_local_setup_util_ps1.py'
[821.720s] INFO:colcon.colcon_core.shell:Creating prefix chain script '/home/vamshin24/turtlebot3_ws/install/setup.ps1'
[821.732s] INFO:colcon.colcon_core.shell:Creating prefix script '/home/vamshin24/turtlebot3_ws/install/local_setup.sh'
[821.733s] INFO:colcon.colcon_core.shell:Creating prefix util module '/home/vamshin24/turtlebot3_ws/install/_local_setup_util_sh.py'
[821.733s] INFO:colcon.colcon_core.shell:Creating prefix chain script '/home/vamshin24/turtlebot3_ws/install/setup.sh'
[821.734s] INFO:colcon.colcon_core.shell:Creating prefix script '/home/vamshin24/turtlebot3_ws/install/local_setup.bash'
[821.735s] INFO:colcon.colcon_core.shell:Creating prefix chain script '/home/vamshin24/turtlebot3_ws/install/setup.bash'
[821.737s] INFO:colcon.colcon_core.shell:Creating prefix script '/home/vamshin24/turtlebot3_ws/install/local_setup.zsh'
[821.738s] INFO:colcon.colcon_core.shell:Creating prefix chain script '/home/vamshin24/turtlebot3_ws/install/setup.zsh'
