[0.007s] Invoking command in '/home/vamshin24/turtlebot3_ws/build/turtlebot3_gazebo': CMAKE_PREFIX_PATH=/opt/ros/humble /usr/bin/cmake /home/vamshin24/turtlebot3_ws/src/turtlebot3_simulations/turtlebot3_gazebo -DAMENT_CMAKE_SYMLINK_INSTALL=1 -DCMAKE_INSTALL_PREFIX=/home/vamshin24/turtlebot3_ws/install/turtlebot3_gazebo
[0.025s] -- Found ament_cmake: 1.3.11 (/opt/ros/humble/share/ament_cmake/cmake)
[0.094s] -- Override CMake install command with custom implementation using symlinks instead of copying resources
[0.111s] [31mCMake Error at CMakeLists.txt:23 (find_package):
[0.111s]   By not providing "Findgazebo.cmake" in CMAKE_MODULE_PATH this project has
[0.111s]   asked CMake to find a package configuration file provided by "gazebo", but
[0.111s]   CMake did not find one.
[0.111s] 
[0.112s]   Could not find a package configuration file provided by "gazebo" with any
[0.112s]   of the following names:
[0.112s] 
[0.112s]     gazeboConfig.cmake
[0.112s]     gazebo-config.cmake
[0.112s] 
[0.112s]   Add the installation prefix of "gazebo" to CMAKE_PREFIX_PATH or set
[0.112s]   "gazebo_DIR" to a directory containing one of the above files.  If "gazebo"
[0.112s]   provides a separate development package or SDK, be sure it has been
[0.112s]   installed.
[0.112s] 
[0.112s] [0m
[0.112s] -- Configuring incomplete, errors occurred!
[0.112s] See also "/home/vamshin24/turtlebot3_ws/build/turtlebot3_gazebo/CMakeFiles/CMakeOutput.log".
[0.113s] Invoked command in '/home/vamshin24/turtlebot3_ws/build/turtlebot3_gazebo' returned '1': CMAKE_PREFIX_PATH=/opt/ros/humble /usr/bin/cmake /home/vamshin24/turtlebot3_ws/src/turtlebot3_simulations/turtlebot3_gazebo -DAMENT_CMAKE_SYMLINK_INSTALL=1 -DCMAKE_INSTALL_PREFIX=/home/vamshin24/turtlebot3_ws/install/turtlebot3_gazebo
