[0.106s] Invoking command in '/home/vamshin24/turtlebot3_ws/build/gazebo_ros_pkgs': CMAKE_PREFIX_PATH=/home/vamshin24/turtlebot3_ws/install/gazebo_plugins:/home/vamshin24/turtlebot3_ws/install/gazebo_ros:/home/vamshin24/turtlebot3_ws/install/gazebo_msgs:/home/vamshin24/turtlebot3_ws/install/gazebo_dev:/home/vamshin24/turtlebot3_ws/install/turtlebot3_simulations:/home/vamshin24/turtlebot3_ws/install/turtlebot3_gazebo:/home/vamshin24/turtlebot3_ws/install/turtlebot3_fake_node:/home/vamshin24/turtlebot3_ws/install/gazebo_ros_pkgs:/opt/ros/humble LD_LIBRARY_PATH=/home/vamshin24/turtlebot3_ws/install/gazebo_plugins/lib:/home/vamshin24/turtlebot3_ws/install/gazebo_ros/lib:/home/vamshin24/turtlebot3_ws/install/gazebo_msgs/lib:/usr/local/lib/gazebo-11/plugins:/opt/ros/humble/opt/rviz_ogre_vendor/lib:/opt/ros/humble/lib/aarch64-linux-gnu:/opt/ros/humble/lib /usr/bin/cmake --build /home/vamshin24/turtlebot3_ws/build/gazebo_ros_pkgs -- -j6 -l6
[0.135s] Invoked command in '/home/vamshin24/turtlebot3_ws/build/gazebo_ros_pkgs' returned '0': CMAKE_PREFIX_PATH=/home/vamshin24/turtlebot3_ws/install/gazebo_plugins:/home/vamshin24/turtlebot3_ws/install/gazebo_ros:/home/vamshin24/turtlebot3_ws/install/gazebo_msgs:/home/vamshin24/turtlebot3_ws/install/gazebo_dev:/home/vamshin24/turtlebot3_ws/install/turtlebot3_simulations:/home/vamshin24/turtlebot3_ws/install/turtlebot3_gazebo:/home/vamshin24/turtlebot3_ws/install/turtlebot3_fake_node:/home/vamshin24/turtlebot3_ws/install/gazebo_ros_pkgs:/opt/ros/humble LD_LIBRARY_PATH=/home/vamshin24/turtlebot3_ws/install/gazebo_plugins/lib:/home/vamshin24/turtlebot3_ws/install/gazebo_ros/lib:/home/vamshin24/turtlebot3_ws/install/gazebo_msgs/lib:/usr/local/lib/gazebo-11/plugins:/opt/ros/humble/opt/rviz_ogre_vendor/lib:/opt/ros/humble/lib/aarch64-linux-gnu:/opt/ros/humble/lib /usr/bin/cmake --build /home/vamshin24/turtlebot3_ws/build/gazebo_ros_pkgs -- -j6 -l6
[0.135s] Invoking command in '/home/vamshin24/turtlebot3_ws/build/gazebo_ros_pkgs': CMAKE_PREFIX_PATH=/home/vamshin24/turtlebot3_ws/install/gazebo_plugins:/home/vamshin24/turtlebot3_ws/install/gazebo_ros:/home/vamshin24/turtlebot3_ws/install/gazebo_msgs:/home/vamshin24/turtlebot3_ws/install/gazebo_dev:/home/vamshin24/turtlebot3_ws/install/turtlebot3_simulations:/home/vamshin24/turtlebot3_ws/install/turtlebot3_gazebo:/home/vamshin24/turtlebot3_ws/install/turtlebot3_fake_node:/home/vamshin24/turtlebot3_ws/install/gazebo_ros_pkgs:/opt/ros/humble LD_LIBRARY_PATH=/home/vamshin24/turtlebot3_ws/install/gazebo_plugins/lib:/home/vamshin24/turtlebot3_ws/install/gazebo_ros/lib:/home/vamshin24/turtlebot3_ws/install/gazebo_msgs/lib:/usr/local/lib/gazebo-11/plugins:/opt/ros/humble/opt/rviz_ogre_vendor/lib:/opt/ros/humble/lib/aarch64-linux-gnu:/opt/ros/humble/lib /usr/bin/cmake --install /home/vamshin24/turtlebot3_ws/build/gazebo_ros_pkgs
[0.144s] -- Install configuration: ""
[0.144s] -- Execute custom install script
[0.144s] -- Up-to-date symlink: /home/vamshin24/turtlebot3_ws/install/gazebo_ros_pkgs/share/ament_index/resource_index/package_run_dependencies/gazebo_ros_pkgs
[0.144s] -- Up-to-date symlink: /home/vamshin24/turtlebot3_ws/install/gazebo_ros_pkgs/share/ament_index/resource_index/parent_prefix_path/gazebo_ros_pkgs
[0.144s] -- Up-to-date symlink: /home/vamshin24/turtlebot3_ws/install/gazebo_ros_pkgs/share/gazebo_ros_pkgs/environment/ament_prefix_path.sh
[0.145s] -- Up-to-date symlink: /home/vamshin24/turtlebot3_ws/install/gazebo_ros_pkgs/share/gazebo_ros_pkgs/environment/ament_prefix_path.dsv
[0.145s] -- Up-to-date symlink: /home/vamshin24/turtlebot3_ws/install/gazebo_ros_pkgs/share/gazebo_ros_pkgs/environment/path.sh
[0.145s] -- Up-to-date symlink: /home/vamshin24/turtlebot3_ws/install/gazebo_ros_pkgs/share/gazebo_ros_pkgs/environment/path.dsv
[0.145s] -- Up-to-date symlink: /home/vamshin24/turtlebot3_ws/install/gazebo_ros_pkgs/share/gazebo_ros_pkgs/local_setup.bash
[0.145s] -- Up-to-date symlink: /home/vamshin24/turtlebot3_ws/install/gazebo_ros_pkgs/share/gazebo_ros_pkgs/local_setup.sh
[0.145s] -- Up-to-date symlink: /home/vamshin24/turtlebot3_ws/install/gazebo_ros_pkgs/share/gazebo_ros_pkgs/local_setup.zsh
[0.145s] -- Up-to-date symlink: /home/vamshin24/turtlebot3_ws/install/gazebo_ros_pkgs/share/gazebo_ros_pkgs/local_setup.dsv
[0.145s] -- Symlinking: /home/vamshin24/turtlebot3_ws/install/gazebo_ros_pkgs/share/gazebo_ros_pkgs/package.dsv
[0.152s] -- Up-to-date symlink: /home/vamshin24/turtlebot3_ws/install/gazebo_ros_pkgs/share/ament_index/resource_index/packages/gazebo_ros_pkgs
[0.153s] -- Up-to-date symlink: /home/vamshin24/turtlebot3_ws/install/gazebo_ros_pkgs/share/gazebo_ros_pkgs/cmake/gazebo_ros_pkgsConfig.cmake
[0.153s] -- Up-to-date symlink: /home/vamshin24/turtlebot3_ws/install/gazebo_ros_pkgs/share/gazebo_ros_pkgs/cmake/gazebo_ros_pkgsConfig-version.cmake
[0.153s] -- Up-to-date symlink: /home/vamshin24/turtlebot3_ws/install/gazebo_ros_pkgs/share/gazebo_ros_pkgs/package.xml
[0.154s] Invoked command in '/home/vamshin24/turtlebot3_ws/build/gazebo_ros_pkgs' returned '0': CMAKE_PREFIX_PATH=/home/vamshin24/turtlebot3_ws/install/gazebo_plugins:/home/vamshin24/turtlebot3_ws/install/gazebo_ros:/home/vamshin24/turtlebot3_ws/install/gazebo_msgs:/home/vamshin24/turtlebot3_ws/install/gazebo_dev:/home/vamshin24/turtlebot3_ws/install/turtlebot3_simulations:/home/vamshin24/turtlebot3_ws/install/turtlebot3_gazebo:/home/vamshin24/turtlebot3_ws/install/turtlebot3_fake_node:/home/vamshin24/turtlebot3_ws/install/gazebo_ros_pkgs:/opt/ros/humble LD_LIBRARY_PATH=/home/vamshin24/turtlebot3_ws/install/gazebo_plugins/lib:/home/vamshin24/turtlebot3_ws/install/gazebo_ros/lib:/home/vamshin24/turtlebot3_ws/install/gazebo_msgs/lib:/usr/local/lib/gazebo-11/plugins:/opt/ros/humble/opt/rviz_ogre_vendor/lib:/opt/ros/humble/lib/aarch64-linux-gnu:/opt/ros/humble/lib /usr/bin/cmake --install /home/vamshin24/turtlebot3_ws/build/gazebo_ros_pkgs
