[0.789s] Invoking command in '/home/vamshin24/turtlebot3_ws/build/turtlebot3_example': CMAKE_PREFIX_PATH=/home/vamshin24/turtlebot3_ws/install/turtlebot3_msgs:/home/vamshin24/turtlebot3_ws/install/turtlebot3:/home/vamshin24/turtlebot3_ws/install/turtlebot3_simulations:/home/vamshin24/turtlebot3_ws/install/turtlebot3_bringup:/home/vamshin24/turtlebot3_ws/install/turtlebot3_node:/home/vamshin24/turtlebot3_ws/install/turtlebot3_navigation2:/home/vamshin24/turtlebot3_ws/install/turtlebot3_fake_node:/home/vamshin24/turtlebot3_ws/install/turtlebot3_gazebo:/home/vamshin24/turtlebot3_ws/install/turtlebot3_description:/home/vamshin24/turtlebot3_ws/install/turtlebot3_cartographer:/home/vamshin24/turtlebot3_ws/install/gazebo_ros_pkgs:/home/vamshin24/turtlebot3_ws/install/gazebo_plugins:/home/vamshin24/turtlebot3_ws/install/gazebo_ros:/home/vamshin24/turtlebot3_ws/install/gazebo_msgs:/home/vamshin24/turtlebot3_ws/install/gazebo_dev:/home/vamshin24/turtlebot3_ws/install/dynamixel_sdk_examples:/home/vamshin24/turtlebot3_ws/install/dynamixel_sdk_custom_interfaces:/home/vamshin24/turtlebot3_ws/install/dynamixel_sdk PYTHONPATH=/home/vamshin24/turtlebot3_ws/build/turtlebot3_example/prefix_override:/usr/lib/python3/dist-packages/colcon_core/task/python/colcon_distutils_commands:/home/vamshin24/turtlebot3_ws/install/turtlebot3_example/lib/python3.10/site-packages:${PYTHONPATH} /usr/bin/python3 -W ignore:setup.py install is deprecated -W ignore:easy_install command is deprecated setup.py develop --editable --build-directory /home/vamshin24/turtlebot3_ws/build/turtlebot3_example/build --no-deps symlink_data
[1.040s] running develop
[1.137s] running egg_info
[1.138s] writing turtlebot3_example.egg-info/PKG-INFO
[1.138s] writing dependency_links to turtlebot3_example.egg-info/dependency_links.txt
[1.138s] writing entry points to turtlebot3_example.egg-info/entry_points.txt
[1.138s] writing requirements to turtlebot3_example.egg-info/requires.txt
[1.138s] writing top-level names to turtlebot3_example.egg-info/top_level.txt
[1.139s] reading manifest file 'turtlebot3_example.egg-info/SOURCES.txt'
[1.140s] writing manifest file 'turtlebot3_example.egg-info/SOURCES.txt'
[1.141s] running build_ext
[1.141s] Creating /home/vamshin24/turtlebot3_ws/install/turtlebot3_example/lib/python3.10/site-packages/turtlebot3-example.egg-link (link to .)
[1.141s] Installing turtlebot3_absolute_move script to /home/vamshin24/turtlebot3_ws/install/turtlebot3_example/lib/turtlebot3_example
[1.141s] Installing turtlebot3_interactive_marker script to /home/vamshin24/turtlebot3_ws/install/turtlebot3_example/lib/turtlebot3_example
[1.141s] Installing turtlebot3_obstacle_detection script to /home/vamshin24/turtlebot3_ws/install/turtlebot3_example/lib/turtlebot3_example
[1.142s] Installing turtlebot3_patrol_client script to /home/vamshin24/turtlebot3_ws/install/turtlebot3_example/lib/turtlebot3_example
[1.142s] Installing turtlebot3_patrol_server script to /home/vamshin24/turtlebot3_ws/install/turtlebot3_example/lib/turtlebot3_example
[1.142s] Installing turtlebot3_relative_move script to /home/vamshin24/turtlebot3_ws/install/turtlebot3_example/lib/turtlebot3_example
[1.142s] 
[1.142s] Installed /home/vamshin24/turtlebot3_ws/build/turtlebot3_example
[1.142s] running symlink_data
[1.160s] Invoked command in '/home/vamshin24/turtlebot3_ws/build/turtlebot3_example' returned '0': CMAKE_PREFIX_PATH=/home/vamshin24/turtlebot3_ws/install/turtlebot3_msgs:/home/vamshin24/turtlebot3_ws/install/turtlebot3:/home/vamshin24/turtlebot3_ws/install/turtlebot3_simulations:/home/vamshin24/turtlebot3_ws/install/turtlebot3_bringup:/home/vamshin24/turtlebot3_ws/install/turtlebot3_node:/home/vamshin24/turtlebot3_ws/install/turtlebot3_navigation2:/home/vamshin24/turtlebot3_ws/install/turtlebot3_fake_node:/home/vamshin24/turtlebot3_ws/install/turtlebot3_gazebo:/home/vamshin24/turtlebot3_ws/install/turtlebot3_description:/home/vamshin24/turtlebot3_ws/install/turtlebot3_cartographer:/home/vamshin24/turtlebot3_ws/install/gazebo_ros_pkgs:/home/vamshin24/turtlebot3_ws/install/gazebo_plugins:/home/vamshin24/turtlebot3_ws/install/gazebo_ros:/home/vamshin24/turtlebot3_ws/install/gazebo_msgs:/home/vamshin24/turtlebot3_ws/install/gazebo_dev:/home/vamshin24/turtlebot3_ws/install/dynamixel_sdk_examples:/home/vamshin24/turtlebot3_ws/install/dynamixel_sdk_custom_interfaces:/home/vamshin24/turtlebot3_ws/install/dynamixel_sdk PYTHONPATH=/home/vamshin24/turtlebot3_ws/build/turtlebot3_example/prefix_override:/usr/lib/python3/dist-packages/colcon_core/task/python/colcon_distutils_commands:/home/vamshin24/turtlebot3_ws/install/turtlebot3_example/lib/python3.10/site-packages:${PYTHONPATH} /usr/bin/python3 -W ignore:setup.py install is deprecated -W ignore:easy_install command is deprecated setup.py develop --editable --build-directory /home/vamshin24/turtlebot3_ws/build/turtlebot3_example/build --no-deps symlink_data
