[0.009s] Invoking command in '/home/vamshin24/turtlebot3_ws/build/turtlebot3_simulations': AMENT_PREFIX_PATH=/home/vamshin24/turtlebot3_ws/install/turtlebot3_gazebo:/home/vamshin24/turtlebot3_ws/install/gazebo_ros_pkgs:/home/vamshin24/turtlebot3_ws/install/gazebo_plugins:/home/vamshin24/turtlebot3_ws/install/gazebo_ros:/home/vamshin24/turtlebot3_ws/install/turtlebot3_fake_node:/home/vamshin24/turtlebot3_ws/install/gazebo_msgs:/home/vamshin24/turtlebot3_ws/install/gazebo_dev:${AMENT_PREFIX_PATH} CMAKE_PREFIX_PATH=/home/vamshin24/turtlebot3_ws/install/turtlebot3_gazebo:/home/vamshin24/turtlebot3_ws/install/gazebo_ros_pkgs:/home/vamshin24/turtlebot3_ws/install/gazebo_plugins:/home/vamshin24/turtlebot3_ws/install/gazebo_ros:/home/vamshin24/turtlebot3_ws/install/turtlebot3_fake_node:/home/vamshin24/turtlebot3_ws/install/gazebo_msgs:/home/vamshin24/turtlebot3_ws/install/gazebo_dev:/opt/ros/humble LD_LIBRARY_PATH=/usr/local/lib/gazebo-11/plugins:/home/vamshin24/turtlebot3_ws/install/gazebo_plugins/lib:/home/vamshin24/turtlebot3_ws/install/gazebo_ros/lib:/home/vamshin24/turtlebot3_ws/install/gazebo_msgs/lib:${LD_LIBRARY_PATH} PYTHONPATH=/home/vamshin24/turtlebot3_ws/install/gazebo_ros/local/lib/python3.10/dist-packages:/home/vamshin24/turtlebot3_ws/install/gazebo_msgs/local/lib/python3.10/dist-packages:${PYTHONPATH} /usr/bin/cmake /home/vamshin24/turtlebot3_ws/src/turtlebot3_simulations/turtlebot3_simulations -DAMENT_CMAKE_SYMLINK_INSTALL=1 -DCMAKE_INSTALL_PREFIX=/home/vamshin24/turtlebot3_ws/install/turtlebot3_simulations
[0.040s] -- The C compiler identification is GNU 11.4.0
[0.070s] -- The CXX compiler identification is GNU 11.4.0
[0.072s] -- Detecting C compiler ABI info
[0.105s] -- Detecting C compiler ABI info - done
[0.109s] -- Check for working C compiler: /usr/bin/cc - skipped
[0.109s] -- Detecting C compile features
[0.109s] -- Detecting C compile features - done
[0.111s] -- Detecting CXX compiler ABI info
[0.147s] -- Detecting CXX compiler ABI info - done
[0.151s] -- Check for working CXX compiler: /usr/bin/c++ - skipped
[0.151s] -- Detecting CXX compile features
[0.151s] -- Detecting CXX compile features - done
[0.153s] -- Found ament_cmake: 1.3.11 (/opt/ros/humble/share/ament_cmake/cmake)
[0.226s] -- Found Python3: /usr/bin/python3 (found version "3.10.12") found components: Interpreter 
[0.262s] -- Override CMake install command with custom implementation using symlinks instead of copying resources
[0.310s] -- Configuring done
[0.311s] -- Generating done
[0.312s] -- Build files have been written to: /home/vamshin24/turtlebot3_ws/build/turtlebot3_simulations
[0.315s] Invoked command in '/home/vamshin24/turtlebot3_ws/build/turtlebot3_simulations' returned '0': AMENT_PREFIX_PATH=/home/vamshin24/turtlebot3_ws/install/turtlebot3_gazebo:/home/vamshin24/turtlebot3_ws/install/gazebo_ros_pkgs:/home/vamshin24/turtlebot3_ws/install/gazebo_plugins:/home/vamshin24/turtlebot3_ws/install/gazebo_ros:/home/vamshin24/turtlebot3_ws/install/turtlebot3_fake_node:/home/vamshin24/turtlebot3_ws/install/gazebo_msgs:/home/vamshin24/turtlebot3_ws/install/gazebo_dev:${AMENT_PREFIX_PATH} CMAKE_PREFIX_PATH=/home/vamshin24/turtlebot3_ws/install/turtlebot3_gazebo:/home/vamshin24/turtlebot3_ws/install/gazebo_ros_pkgs:/home/vamshin24/turtlebot3_ws/install/gazebo_plugins:/home/vamshin24/turtlebot3_ws/install/gazebo_ros:/home/vamshin24/turtlebot3_ws/install/turtlebot3_fake_node:/home/vamshin24/turtlebot3_ws/install/gazebo_msgs:/home/vamshin24/turtlebot3_ws/install/gazebo_dev:/opt/ros/humble LD_LIBRARY_PATH=/usr/local/lib/gazebo-11/plugins:/home/vamshin24/turtlebot3_ws/install/gazebo_plugins/lib:/home/vamshin24/turtlebot3_ws/install/gazebo_ros/lib:/home/vamshin24/turtlebot3_ws/install/gazebo_msgs/lib:${LD_LIBRARY_PATH} PYTHONPATH=/home/vamshin24/turtlebot3_ws/install/gazebo_ros/local/lib/python3.10/dist-packages:/home/vamshin24/turtlebot3_ws/install/gazebo_msgs/local/lib/python3.10/dist-packages:${PYTHONPATH} /usr/bin/cmake /home/vamshin24/turtlebot3_ws/src/turtlebot3_simulations/turtlebot3_simulations -DAMENT_CMAKE_SYMLINK_INSTALL=1 -DCMAKE_INSTALL_PREFIX=/home/vamshin24/turtlebot3_ws/install/turtlebot3_simulations
[0.316s] Invoking command in '/home/vamshin24/turtlebot3_ws/build/turtlebot3_simulations': AMENT_PREFIX_PATH=/home/vamshin24/turtlebot3_ws/install/turtlebot3_gazebo:/home/vamshin24/turtlebot3_ws/install/gazebo_ros_pkgs:/home/vamshin24/turtlebot3_ws/install/gazebo_plugins:/home/vamshin24/turtlebot3_ws/install/gazebo_ros:/home/vamshin24/turtlebot3_ws/install/turtlebot3_fake_node:/home/vamshin24/turtlebot3_ws/install/gazebo_msgs:/home/vamshin24/turtlebot3_ws/install/gazebo_dev:${AMENT_PREFIX_PATH} CMAKE_PREFIX_PATH=/home/vamshin24/turtlebot3_ws/install/turtlebot3_gazebo:/home/vamshin24/turtlebot3_ws/install/gazebo_ros_pkgs:/home/vamshin24/turtlebot3_ws/install/gazebo_plugins:/home/vamshin24/turtlebot3_ws/install/gazebo_ros:/home/vamshin24/turtlebot3_ws/install/turtlebot3_fake_node:/home/vamshin24/turtlebot3_ws/install/gazebo_msgs:/home/vamshin24/turtlebot3_ws/install/gazebo_dev:/opt/ros/humble LD_LIBRARY_PATH=/usr/local/lib/gazebo-11/plugins:/home/vamshin24/turtlebot3_ws/install/gazebo_plugins/lib:/home/vamshin24/turtlebot3_ws/install/gazebo_ros/lib:/home/vamshin24/turtlebot3_ws/install/gazebo_msgs/lib:${LD_LIBRARY_PATH} PYTHONPATH=/home/vamshin24/turtlebot3_ws/install/gazebo_ros/local/lib/python3.10/dist-packages:/home/vamshin24/turtlebot3_ws/install/gazebo_msgs/local/lib/python3.10/dist-packages:${PYTHONPATH} /usr/bin/cmake --build /home/vamshin24/turtlebot3_ws/build/turtlebot3_simulations -- -j6 -l6
[0.331s] Invoked command in '/home/vamshin24/turtlebot3_ws/build/turtlebot3_simulations' returned '0': AMENT_PREFIX_PATH=/home/vamshin24/turtlebot3_ws/install/turtlebot3_gazebo:/home/vamshin24/turtlebot3_ws/install/gazebo_ros_pkgs:/home/vamshin24/turtlebot3_ws/install/gazebo_plugins:/home/vamshin24/turtlebot3_ws/install/gazebo_ros:/home/vamshin24/turtlebot3_ws/install/turtlebot3_fake_node:/home/vamshin24/turtlebot3_ws/install/gazebo_msgs:/home/vamshin24/turtlebot3_ws/install/gazebo_dev:${AMENT_PREFIX_PATH} CMAKE_PREFIX_PATH=/home/vamshin24/turtlebot3_ws/install/turtlebot3_gazebo:/home/vamshin24/turtlebot3_ws/install/gazebo_ros_pkgs:/home/vamshin24/turtlebot3_ws/install/gazebo_plugins:/home/vamshin24/turtlebot3_ws/install/gazebo_ros:/home/vamshin24/turtlebot3_ws/install/turtlebot3_fake_node:/home/vamshin24/turtlebot3_ws/install/gazebo_msgs:/home/vamshin24/turtlebot3_ws/install/gazebo_dev:/opt/ros/humble LD_LIBRARY_PATH=/usr/local/lib/gazebo-11/plugins:/home/vamshin24/turtlebot3_ws/install/gazebo_plugins/lib:/home/vamshin24/turtlebot3_ws/install/gazebo_ros/lib:/home/vamshin24/turtlebot3_ws/install/gazebo_msgs/lib:${LD_LIBRARY_PATH} PYTHONPATH=/home/vamshin24/turtlebot3_ws/install/gazebo_ros/local/lib/python3.10/dist-packages:/home/vamshin24/turtlebot3_ws/install/gazebo_msgs/local/lib/python3.10/dist-packages:${PYTHONPATH} /usr/bin/cmake --build /home/vamshin24/turtlebot3_ws/build/turtlebot3_simulations -- -j6 -l6
[0.332s] Invoking command in '/home/vamshin24/turtlebot3_ws/build/turtlebot3_simulations': AMENT_PREFIX_PATH=/home/vamshin24/turtlebot3_ws/install/turtlebot3_gazebo:/home/vamshin24/turtlebot3_ws/install/gazebo_ros_pkgs:/home/vamshin24/turtlebot3_ws/install/gazebo_plugins:/home/vamshin24/turtlebot3_ws/install/gazebo_ros:/home/vamshin24/turtlebot3_ws/install/turtlebot3_fake_node:/home/vamshin24/turtlebot3_ws/install/gazebo_msgs:/home/vamshin24/turtlebot3_ws/install/gazebo_dev:${AMENT_PREFIX_PATH} CMAKE_PREFIX_PATH=/home/vamshin24/turtlebot3_ws/install/turtlebot3_gazebo:/home/vamshin24/turtlebot3_ws/install/gazebo_ros_pkgs:/home/vamshin24/turtlebot3_ws/install/gazebo_plugins:/home/vamshin24/turtlebot3_ws/install/gazebo_ros:/home/vamshin24/turtlebot3_ws/install/turtlebot3_fake_node:/home/vamshin24/turtlebot3_ws/install/gazebo_msgs:/home/vamshin24/turtlebot3_ws/install/gazebo_dev:/opt/ros/humble LD_LIBRARY_PATH=/usr/local/lib/gazebo-11/plugins:/home/vamshin24/turtlebot3_ws/install/gazebo_plugins/lib:/home/vamshin24/turtlebot3_ws/install/gazebo_ros/lib:/home/vamshin24/turtlebot3_ws/install/gazebo_msgs/lib:${LD_LIBRARY_PATH} PYTHONPATH=/home/vamshin24/turtlebot3_ws/install/gazebo_ros/local/lib/python3.10/dist-packages:/home/vamshin24/turtlebot3_ws/install/gazebo_msgs/local/lib/python3.10/dist-packages:${PYTHONPATH} /usr/bin/cmake --install /home/vamshin24/turtlebot3_ws/build/turtlebot3_simulations
[0.335s] -- Install configuration: ""
[0.335s] -- Execute custom install script
[0.335s] -- Symlinking: /home/vamshin24/turtlebot3_ws/install/turtlebot3_simulations/share/ament_index/resource_index/package_run_dependencies/turtlebot3_simulations
[0.338s] -- Symlinking: /home/vamshin24/turtlebot3_ws/install/turtlebot3_simulations/share/ament_index/resource_index/parent_prefix_path/turtlebot3_simulations
[0.342s] -- Symlinking: /home/vamshin24/turtlebot3_ws/install/turtlebot3_simulations/share/turtlebot3_simulations/environment/ament_prefix_path.sh
[0.345s] -- Symlinking: /home/vamshin24/turtlebot3_ws/install/turtlebot3_simulations/share/turtlebot3_simulations/environment/ament_prefix_path.dsv
[0.348s] -- Symlinking: /home/vamshin24/turtlebot3_ws/install/turtlebot3_simulations/share/turtlebot3_simulations/environment/path.sh
[0.351s] -- Symlinking: /home/vamshin24/turtlebot3_ws/install/turtlebot3_simulations/share/turtlebot3_simulations/environment/path.dsv
[0.354s] -- Symlinking: /home/vamshin24/turtlebot3_ws/install/turtlebot3_simulations/share/turtlebot3_simulations/local_setup.bash
[0.357s] -- Symlinking: /home/vamshin24/turtlebot3_ws/install/turtlebot3_simulations/share/turtlebot3_simulations/local_setup.sh
[0.360s] -- Symlinking: /home/vamshin24/turtlebot3_ws/install/turtlebot3_simulations/share/turtlebot3_simulations/local_setup.zsh
[0.363s] -- Symlinking: /home/vamshin24/turtlebot3_ws/install/turtlebot3_simulations/share/turtlebot3_simulations/local_setup.dsv
[0.366s] -- Symlinking: /home/vamshin24/turtlebot3_ws/install/turtlebot3_simulations/share/turtlebot3_simulations/package.dsv
[0.370s] -- Symlinking: /home/vamshin24/turtlebot3_ws/install/turtlebot3_simulations/share/ament_index/resource_index/packages/turtlebot3_simulations
[0.373s] -- Symlinking: /home/vamshin24/turtlebot3_ws/install/turtlebot3_simulations/share/turtlebot3_simulations/cmake/turtlebot3_simulationsConfig.cmake
[0.376s] -- Symlinking: /home/vamshin24/turtlebot3_ws/install/turtlebot3_simulations/share/turtlebot3_simulations/cmake/turtlebot3_simulationsConfig-version.cmake
[0.379s] -- Symlinking: /home/vamshin24/turtlebot3_ws/install/turtlebot3_simulations/share/turtlebot3_simulations/package.xml
[0.384s] Invoked command in '/home/vamshin24/turtlebot3_ws/build/turtlebot3_simulations' returned '0': AMENT_PREFIX_PATH=/home/vamshin24/turtlebot3_ws/install/turtlebot3_gazebo:/home/vamshin24/turtlebot3_ws/install/gazebo_ros_pkgs:/home/vamshin24/turtlebot3_ws/install/gazebo_plugins:/home/vamshin24/turtlebot3_ws/install/gazebo_ros:/home/vamshin24/turtlebot3_ws/install/turtlebot3_fake_node:/home/vamshin24/turtlebot3_ws/install/gazebo_msgs:/home/vamshin24/turtlebot3_ws/install/gazebo_dev:${AMENT_PREFIX_PATH} CMAKE_PREFIX_PATH=/home/vamshin24/turtlebot3_ws/install/turtlebot3_gazebo:/home/vamshin24/turtlebot3_ws/install/gazebo_ros_pkgs:/home/vamshin24/turtlebot3_ws/install/gazebo_plugins:/home/vamshin24/turtlebot3_ws/install/gazebo_ros:/home/vamshin24/turtlebot3_ws/install/turtlebot3_fake_node:/home/vamshin24/turtlebot3_ws/install/gazebo_msgs:/home/vamshin24/turtlebot3_ws/install/gazebo_dev:/opt/ros/humble LD_LIBRARY_PATH=/usr/local/lib/gazebo-11/plugins:/home/vamshin24/turtlebot3_ws/install/gazebo_plugins/lib:/home/vamshin24/turtlebot3_ws/install/gazebo_ros/lib:/home/vamshin24/turtlebot3_ws/install/gazebo_msgs/lib:${LD_LIBRARY_PATH} PYTHONPATH=/home/vamshin24/turtlebot3_ws/install/gazebo_ros/local/lib/python3.10/dist-packages:/home/vamshin24/turtlebot3_ws/install/gazebo_msgs/local/lib/python3.10/dist-packages:${PYTHONPATH} /usr/bin/cmake --install /home/vamshin24/turtlebot3_ws/build/turtlebot3_simulations
