[0.017s] Invoking command in '/home/vamshin24/turtlebot3_ws/build/dynamixel_sdk': CMAKE_PREFIX_PATH=${CMAKE_PREFIX_PATH}:/home/vamshin24/turtlebot3_ws/install/turtlebot3_teleop:/home/vamshin24/turtlebot3_ws/install/turtlebot3_example:/opt/ros/humble /usr/bin/cmake --build /home/vamshin24/turtlebot3_ws/build/dynamixel_sdk -- -j4 -l4
[0.076s] [  0%] Built target ament_cmake_python_symlink_dynamixel_sdk
[0.095s] [100%] Built target dynamixel_sdk
[0.269s] running egg_info
[0.270s] writing dynamixel_sdk.egg-info/PKG-INFO
[0.270s] writing dependency_links to dynamixel_sdk.egg-info/dependency_links.txt
[0.270s] writing top-level names to dynamixel_sdk.egg-info/top_level.txt
[0.272s] reading manifest file 'dynamixel_sdk.egg-info/SOURCES.txt'
[0.274s] writing manifest file 'dynamixel_sdk.egg-info/SOURCES.txt'
[0.292s] [100%] Built target ament_cmake_python_build_dynamixel_sdk_egg
[0.297s] Invoked command in '/home/vamshin24/turtlebot3_ws/build/dynamixel_sdk' returned '0': CMAKE_PREFIX_PATH=${CMAKE_PREFIX_PATH}:/home/vamshin24/turtlebot3_ws/install/turtlebot3_teleop:/home/vamshin24/turtlebot3_ws/install/turtlebot3_example:/opt/ros/humble /usr/bin/cmake --build /home/vamshin24/turtlebot3_ws/build/dynamixel_sdk -- -j4 -l4
[0.306s] Invoking command in '/home/vamshin24/turtlebot3_ws/build/dynamixel_sdk': CMAKE_PREFIX_PATH=${CMAKE_PREFIX_PATH}:/home/vamshin24/turtlebot3_ws/install/turtlebot3_teleop:/home/vamshin24/turtlebot3_ws/install/turtlebot3_example:/opt/ros/humble /usr/bin/cmake --install /home/vamshin24/turtlebot3_ws/build/dynamixel_sdk
[0.310s] -- Install configuration: ""
[0.311s] -- Execute custom install script
[0.313s] -- Up-to-date symlink: /home/vamshin24/turtlebot3_ws/install/dynamixel_sdk/include//dynamixel_sdk/dynamixel_sdk.h
[0.313s] -- Up-to-date symlink: /home/vamshin24/turtlebot3_ws/install/dynamixel_sdk/include//dynamixel_sdk/group_bulk_read.h
[0.313s] -- Up-to-date symlink: /home/vamshin24/turtlebot3_ws/install/dynamixel_sdk/include//dynamixel_sdk/group_bulk_write.h
[0.313s] -- Up-to-date symlink: /home/vamshin24/turtlebot3_ws/install/dynamixel_sdk/include//dynamixel_sdk/group_fast_bulk_read.h
[0.314s] -- Up-to-date symlink: /home/vamshin24/turtlebot3_ws/install/dynamixel_sdk/include//dynamixel_sdk/group_fast_sync_read.h
[0.314s] -- Up-to-date symlink: /home/vamshin24/turtlebot3_ws/install/dynamixel_sdk/include//dynamixel_sdk/group_handler.h
[0.314s] -- Up-to-date symlink: /home/vamshin24/turtlebot3_ws/install/dynamixel_sdk/include//dynamixel_sdk/group_sync_read.h
[0.315s] -- Up-to-date symlink: /home/vamshin24/turtlebot3_ws/install/dynamixel_sdk/include//dynamixel_sdk/group_sync_write.h
[0.315s] -- Up-to-date symlink: /home/vamshin24/turtlebot3_ws/install/dynamixel_sdk/include//dynamixel_sdk/packet_handler.h
[0.315s] -- Up-to-date symlink: /home/vamshin24/turtlebot3_ws/install/dynamixel_sdk/include//dynamixel_sdk/port_handler.h
[0.315s] -- Up-to-date symlink: /home/vamshin24/turtlebot3_ws/install/dynamixel_sdk/include//dynamixel_sdk/port_handler_arduino.h
[0.316s] -- Up-to-date symlink: /home/vamshin24/turtlebot3_ws/install/dynamixel_sdk/include//dynamixel_sdk/port_handler_linux.h
[0.319s] -- Up-to-date symlink: /home/vamshin24/turtlebot3_ws/install/dynamixel_sdk/include//dynamixel_sdk/port_handler_mac.h
[0.319s] -- Up-to-date symlink: /home/vamshin24/turtlebot3_ws/install/dynamixel_sdk/include//dynamixel_sdk/port_handler_windows.h
[0.319s] -- Up-to-date symlink: /home/vamshin24/turtlebot3_ws/install/dynamixel_sdk/include//dynamixel_sdk/protocol1_packet_handler.h
[0.319s] -- Up-to-date symlink: /home/vamshin24/turtlebot3_ws/install/dynamixel_sdk/include//dynamixel_sdk/protocol2_packet_handler.h
[0.320s] -- Up-to-date symlink: /home/vamshin24/turtlebot3_ws/install/dynamixel_sdk/lib/libdynamixel_sdk.so
[0.320s] -- Up-to-date symlink: /home/vamshin24/turtlebot3_ws/install/dynamixel_sdk/share/dynamixel_sdk/environment/pythonpath.sh
[0.320s] -- Up-to-date symlink: /home/vamshin24/turtlebot3_ws/install/dynamixel_sdk/share/dynamixel_sdk/environment/pythonpath.dsv
[0.320s] -- Up-to-date symlink: /home/vamshin24/turtlebot3_ws/install/dynamixel_sdk/local/lib/python3.10/dist-packages/dynamixel_sdk-3.8.3-py3.10.egg-info/PKG-INFO
[0.321s] -- Up-to-date symlink: /home/vamshin24/turtlebot3_ws/install/dynamixel_sdk/local/lib/python3.10/dist-packages/dynamixel_sdk-3.8.3-py3.10.egg-info/SOURCES.txt
[0.321s] -- Up-to-date symlink: /home/vamshin24/turtlebot3_ws/install/dynamixel_sdk/local/lib/python3.10/dist-packages/dynamixel_sdk-3.8.3-py3.10.egg-info/dependency_links.txt
[0.322s] -- Up-to-date symlink: /home/vamshin24/turtlebot3_ws/install/dynamixel_sdk/local/lib/python3.10/dist-packages/dynamixel_sdk-3.8.3-py3.10.egg-info/top_level.txt
[0.322s] -- Up-to-date symlink: /home/vamshin24/turtlebot3_ws/install/dynamixel_sdk/local/lib/python3.10/dist-packages/dynamixel_sdk/__init__.py
[0.322s] -- Up-to-date symlink: /home/vamshin24/turtlebot3_ws/install/dynamixel_sdk/local/lib/python3.10/dist-packages/dynamixel_sdk/group_bulk_read.cpp
[0.322s] -- Up-to-date symlink: /home/vamshin24/turtlebot3_ws/install/dynamixel_sdk/local/lib/python3.10/dist-packages/dynamixel_sdk/group_bulk_read.py
[0.323s] -- Up-to-date symlink: /home/vamshin24/turtlebot3_ws/install/dynamixel_sdk/local/lib/python3.10/dist-packages/dynamixel_sdk/group_bulk_write.cpp
[0.323s] -- Up-to-date symlink: /home/vamshin24/turtlebot3_ws/install/dynamixel_sdk/local/lib/python3.10/dist-packages/dynamixel_sdk/group_bulk_write.py
[0.323s] -- Up-to-date symlink: /home/vamshin24/turtlebot3_ws/install/dynamixel_sdk/local/lib/python3.10/dist-packages/dynamixel_sdk/group_fast_bulk_read.cpp
[0.323s] -- Up-to-date symlink: /home/vamshin24/turtlebot3_ws/install/dynamixel_sdk/local/lib/python3.10/dist-packages/dynamixel_sdk/group_fast_sync_read.cpp
[0.323s] -- Up-to-date symlink: /home/vamshin24/turtlebot3_ws/install/dynamixel_sdk/local/lib/python3.10/dist-packages/dynamixel_sdk/group_handler.cpp
[0.323s] -- Up-to-date symlink: /home/vamshin24/turtlebot3_ws/install/dynamixel_sdk/local/lib/python3.10/dist-packages/dynamixel_sdk/group_sync_read.cpp
[0.324s] -- Up-to-date symlink: /home/vamshin24/turtlebot3_ws/install/dynamixel_sdk/local/lib/python3.10/dist-packages/dynamixel_sdk/group_sync_read.py
[0.324s] -- Up-to-date symlink: /home/vamshin24/turtlebot3_ws/install/dynamixel_sdk/local/lib/python3.10/dist-packages/dynamixel_sdk/group_sync_write.cpp
[0.324s] -- Up-to-date symlink: /home/vamshin24/turtlebot3_ws/install/dynamixel_sdk/local/lib/python3.10/dist-packages/dynamixel_sdk/group_sync_write.py
[0.324s] -- Up-to-date symlink: /home/vamshin24/turtlebot3_ws/install/dynamixel_sdk/local/lib/python3.10/dist-packages/dynamixel_sdk/packet_handler.cpp
[0.324s] -- Up-to-date symlink: /home/vamshin24/turtlebot3_ws/install/dynamixel_sdk/local/lib/python3.10/dist-packages/dynamixel_sdk/packet_handler.py
[0.324s] -- Up-to-date symlink: /home/vamshin24/turtlebot3_ws/install/dynamixel_sdk/local/lib/python3.10/dist-packages/dynamixel_sdk/port_handler.cpp
[0.324s] -- Up-to-date symlink: /home/vamshin24/turtlebot3_ws/install/dynamixel_sdk/local/lib/python3.10/dist-packages/dynamixel_sdk/port_handler.py
[0.325s] -- Up-to-date symlink: /home/vamshin24/turtlebot3_ws/install/dynamixel_sdk/local/lib/python3.10/dist-packages/dynamixel_sdk/port_handler_arduino.cpp
[0.325s] -- Up-to-date symlink: /home/vamshin24/turtlebot3_ws/install/dynamixel_sdk/local/lib/python3.10/dist-packages/dynamixel_sdk/port_handler_linux.cpp
[0.325s] -- Up-to-date symlink: /home/vamshin24/turtlebot3_ws/install/dynamixel_sdk/local/lib/python3.10/dist-packages/dynamixel_sdk/port_handler_mac.cpp
[0.325s] -- Up-to-date symlink: /home/vamshin24/turtlebot3_ws/install/dynamixel_sdk/local/lib/python3.10/dist-packages/dynamixel_sdk/port_handler_windows.cpp
[0.325s] -- Up-to-date symlink: /home/vamshin24/turtlebot3_ws/install/dynamixel_sdk/local/lib/python3.10/dist-packages/dynamixel_sdk/protocol1_packet_handler.cpp
[0.325s] -- Up-to-date symlink: /home/vamshin24/turtlebot3_ws/install/dynamixel_sdk/local/lib/python3.10/dist-packages/dynamixel_sdk/protocol1_packet_handler.py
[0.326s] -- Up-to-date symlink: /home/vamshin24/turtlebot3_ws/install/dynamixel_sdk/local/lib/python3.10/dist-packages/dynamixel_sdk/protocol2_packet_handler.cpp
[0.326s] -- Up-to-date symlink: /home/vamshin24/turtlebot3_ws/install/dynamixel_sdk/local/lib/python3.10/dist-packages/dynamixel_sdk/protocol2_packet_handler.py
[0.326s] -- Up-to-date symlink: /home/vamshin24/turtlebot3_ws/install/dynamixel_sdk/local/lib/python3.10/dist-packages/dynamixel_sdk/robotis_def.py
[0.326s] -- Up-to-date symlink: /home/vamshin24/turtlebot3_ws/install/dynamixel_sdk/share/dynamixel_sdk/environment/library_path.sh
[0.327s] -- Up-to-date symlink: /home/vamshin24/turtlebot3_ws/install/dynamixel_sdk/share/dynamixel_sdk/environment/library_path.dsv
[0.327s] -- Up-to-date symlink: /home/vamshin24/turtlebot3_ws/install/dynamixel_sdk/share/ament_index/resource_index/package_run_dependencies/dynamixel_sdk
[0.327s] -- Up-to-date symlink: /home/vamshin24/turtlebot3_ws/install/dynamixel_sdk/share/ament_index/resource_index/parent_prefix_path/dynamixel_sdk
[0.328s] -- Up-to-date symlink: /home/vamshin24/turtlebot3_ws/install/dynamixel_sdk/share/dynamixel_sdk/environment/ament_prefix_path.sh
[0.328s] -- Up-to-date symlink: /home/vamshin24/turtlebot3_ws/install/dynamixel_sdk/share/dynamixel_sdk/environment/ament_prefix_path.dsv
[0.328s] -- Up-to-date symlink: /home/vamshin24/turtlebot3_ws/install/dynamixel_sdk/share/dynamixel_sdk/environment/path.sh
[0.328s] -- Up-to-date symlink: /home/vamshin24/turtlebot3_ws/install/dynamixel_sdk/share/dynamixel_sdk/environment/path.dsv
[0.329s] -- Up-to-date symlink: /home/vamshin24/turtlebot3_ws/install/dynamixel_sdk/share/dynamixel_sdk/local_setup.bash
[0.329s] -- Up-to-date symlink: /home/vamshin24/turtlebot3_ws/install/dynamixel_sdk/share/dynamixel_sdk/local_setup.sh
[0.329s] -- Up-to-date symlink: /home/vamshin24/turtlebot3_ws/install/dynamixel_sdk/share/dynamixel_sdk/local_setup.zsh
[0.329s] -- Up-to-date symlink: /home/vamshin24/turtlebot3_ws/install/dynamixel_sdk/share/dynamixel_sdk/local_setup.dsv
[0.329s] -- Symlinking: /home/vamshin24/turtlebot3_ws/install/dynamixel_sdk/share/dynamixel_sdk/package.dsv
[0.343s] -- Up-to-date symlink: /home/vamshin24/turtlebot3_ws/install/dynamixel_sdk/share/ament_index/resource_index/packages/dynamixel_sdk
[0.344s] -- Up-to-date symlink: /home/vamshin24/turtlebot3_ws/install/dynamixel_sdk/share/dynamixel_sdk/cmake/ament_cmake_export_include_directories-extras.cmake
[0.344s] -- Up-to-date symlink: /home/vamshin24/turtlebot3_ws/install/dynamixel_sdk/share/dynamixel_sdk/cmake/ament_cmake_export_libraries-extras.cmake
[0.345s] -- Up-to-date symlink: /home/vamshin24/turtlebot3_ws/install/dynamixel_sdk/share/dynamixel_sdk/cmake/dynamixel_sdkConfig.cmake
[0.345s] -- Up-to-date symlink: /home/vamshin24/turtlebot3_ws/install/dynamixel_sdk/share/dynamixel_sdk/cmake/dynamixel_sdkConfig-version.cmake
[0.345s] -- Up-to-date symlink: /home/vamshin24/turtlebot3_ws/install/dynamixel_sdk/share/dynamixel_sdk/package.xml
[0.374s] Listing '/home/vamshin24/turtlebot3_ws/install/dynamixel_sdk/local/lib/python3.10/dist-packages/dynamixel_sdk'...
[0.379s] Invoked command in '/home/vamshin24/turtlebot3_ws/build/dynamixel_sdk' returned '0': CMAKE_PREFIX_PATH=${CMAKE_PREFIX_PATH}:/home/vamshin24/turtlebot3_ws/install/turtlebot3_teleop:/home/vamshin24/turtlebot3_ws/install/turtlebot3_example:/opt/ros/humble /usr/bin/cmake --install /home/vamshin24/turtlebot3_ws/build/dynamixel_sdk
