[0.008s] Invoking command in '/home/vamshin24/turtlebot3_ws/build/gazebo_plugins': CMAKE_PREFIX_PATH=/home/vamshin24/turtlebot3_ws/install/gazebo_ros:/home/vamshin24/turtlebot3_ws/install/gazebo_msgs:/home/vamshin24/turtlebot3_ws/install/gazebo_dev:/home/vamshin24/turtlebot3_ws/install/turtlebot3:/home/vamshin24/turtlebot3_ws/install/turtlebot3_simulations:/home/vamshin24/turtlebot3_ws/install/turtlebot3_bringup:/home/vamshin24/turtlebot3_ws/install/turtlebot3_node:/home/vamshin24/turtlebot3_ws/install/turtlebot3_navigation2:/home/vamshin24/turtlebot3_ws/install/turtlebot3_fake_node:/home/vamshin24/turtlebot3_ws/install/turtlebot3_msgs:/home/vamshin24/turtlebot3_ws/install/turtlebot3_gazebo:/home/vamshin24/turtlebot3_ws/install/turtlebot3_description:/home/vamshin24/turtlebot3_ws/install/turtlebot3_cartographer:/home/vamshin24/turtlebot3_ws/install/gazebo_ros_pkgs:/home/vamshin24/turtlebot3_ws/install/gazebo_plugins:/home/vamshin24/turtlebot3_ws/install/dynamixel_sdk_examples:/home/vamshin24/turtlebot3_ws/install/dynamixel_sdk_custom_interfaces:/home/vamshin24/turtlebot3_ws/install/dynamixel_sdk:/home/vamshin24/turtlebot3_ws/install/turtlebot3_teleop:/home/vamshin24/turtlebot3_ws/install/turtlebot3_example:/opt/ros/humble LD_LIBRARY_PATH=/home/vamshin24/turtlebot3_ws/install/gazebo_ros/lib:/home/vamshin24/turtlebot3_ws/install/gazebo_msgs/lib:/home/vamshin24/turtlebot3_ws/install/turtlebot3_msgs/lib:/usr/local/lib/gazebo-11/plugins:/home/vamshin24/turtlebot3_ws/install/gazebo_plugins/lib:/home/vamshin24/turtlebot3_ws/install/dynamixel_sdk_custom_interfaces/lib:/home/vamshin24/turtlebot3_ws/install/dynamixel_sdk/lib:/opt/ros/humble/opt/rviz_ogre_vendor/lib:/opt/ros/humble/lib/aarch64-linux-gnu:/opt/ros/humble/lib /usr/bin/cmake --build /home/vamshin24/turtlebot3_ws/build/gazebo_plugins -- -j4 -l4
[0.053s] [  4%] Built target gazebo_ros_force
[0.053s] [  4%] Built target gazebo_ros_joint_state_publisher
[0.053s] [  6%] Built target gazebo_ros_template
[0.053s] [  9%] Built target gazebo_ros_diff_drive
[0.079s] [ 16%] Built target gazebo_ros_gps_sensor
[0.079s] [ 16%] Built target multi_camera_plugin
[0.079s] [ 16%] Built target gazebo_ros_imu_sensor
[0.080s] [ 18%] Built target gazebo_ros_ray_sensor
[0.101s] [ 25%] Built target gazebo_ros_tricycle_drive
[0.101s] [ 25%] Built target gazebo_ros_p3d
[0.101s] [ 25%] Built target gazebo_ros_ft_sensor
[0.110s] [ 27%] Built target gazebo_ros_video
[0.121s] [ 30%] Built target gazebo_ros_harness
[0.122s] [ 32%] Built target gazebo_ros_hand_of_god
[0.124s] [ 34%] Built target gazebo_ros_bumper
[0.135s] [ 37%] Built target gazebo_ros_ackermann_drive
[0.142s] [ 41%] Built target gazebo_ros_vacuum_gripper
[0.142s] [ 41%] Built target gazebo_ros_elevator
[0.144s] [ 44%] Built target gazebo_ros_joint_pose_trajectory
[0.158s] [ 46%] Built target gtest_main
[0.159s] [ 48%] Built target gazebo_ros_planar_move
[0.165s] [ 51%] Built target gazebo_ros_wheel_slip
[0.168s] [ 53%] Built target gazebo_ros_projector
[0.169s] [ 55%] Built target gtest
[0.188s] [ 58%] Built target gazebo_ros_camera
[0.195s] [ 60%] Built target test_gazebo_ros_bumper
[0.195s] [ 62%] Built target test_gazebo_ros_ackermann_drive
[0.199s] [ 65%] Built target test_gazebo_ros_diff_drive
[0.214s] [ 67%] Built target test_gazebo_ros_elevator
[0.221s] [ 69%] Built target test_gazebo_ros_force
[0.222s] [ 72%] Built target test_gazebo_ros_ft_sensor
[0.224s] [ 74%] Built target test_gazebo_ros_hand_of_god
[0.240s] [ 76%] Built target test_gazebo_ros_harness
[0.247s] [ 81%] Built target test_gazebo_ros_imu_sensor
[0.247s] [ 81%] Built target test_gazebo_ros_gps_sensor
[0.249s] [ 83%] Built target test_gazebo_ros_joint_pose_trajectory
[0.269s] [ 86%] Built target test_gazebo_ros_joint_state_publisher
[0.276s] [ 88%] Built target test_gazebo_ros_p3d
[0.283s] [ 90%] Built target test_gazebo_ros_ray_sensor
[0.283s] [ 93%] Built target test_gazebo_ros_planar_move
[0.300s] [ 95%] Built target test_gazebo_ros_tricycle_drive
[0.310s] [ 97%] Built target test_gazebo_ros_vacuum_gripper
[0.315s] [100%] Built target test_gazebo_ros_wheelslip
[0.320s] Invoked command in '/home/vamshin24/turtlebot3_ws/build/gazebo_plugins' returned '0': CMAKE_PREFIX_PATH=/home/vamshin24/turtlebot3_ws/install/gazebo_ros:/home/vamshin24/turtlebot3_ws/install/gazebo_msgs:/home/vamshin24/turtlebot3_ws/install/gazebo_dev:/home/vamshin24/turtlebot3_ws/install/turtlebot3:/home/vamshin24/turtlebot3_ws/install/turtlebot3_simulations:/home/vamshin24/turtlebot3_ws/install/turtlebot3_bringup:/home/vamshin24/turtlebot3_ws/install/turtlebot3_node:/home/vamshin24/turtlebot3_ws/install/turtlebot3_navigation2:/home/vamshin24/turtlebot3_ws/install/turtlebot3_fake_node:/home/vamshin24/turtlebot3_ws/install/turtlebot3_msgs:/home/vamshin24/turtlebot3_ws/install/turtlebot3_gazebo:/home/vamshin24/turtlebot3_ws/install/turtlebot3_description:/home/vamshin24/turtlebot3_ws/install/turtlebot3_cartographer:/home/vamshin24/turtlebot3_ws/install/gazebo_ros_pkgs:/home/vamshin24/turtlebot3_ws/install/gazebo_plugins:/home/vamshin24/turtlebot3_ws/install/dynamixel_sdk_examples:/home/vamshin24/turtlebot3_ws/install/dynamixel_sdk_custom_interfaces:/home/vamshin24/turtlebot3_ws/install/dynamixel_sdk:/home/vamshin24/turtlebot3_ws/install/turtlebot3_teleop:/home/vamshin24/turtlebot3_ws/install/turtlebot3_example:/opt/ros/humble LD_LIBRARY_PATH=/home/vamshin24/turtlebot3_ws/install/gazebo_ros/lib:/home/vamshin24/turtlebot3_ws/install/gazebo_msgs/lib:/home/vamshin24/turtlebot3_ws/install/turtlebot3_msgs/lib:/usr/local/lib/gazebo-11/plugins:/home/vamshin24/turtlebot3_ws/install/gazebo_plugins/lib:/home/vamshin24/turtlebot3_ws/install/dynamixel_sdk_custom_interfaces/lib:/home/vamshin24/turtlebot3_ws/install/dynamixel_sdk/lib:/opt/ros/humble/opt/rviz_ogre_vendor/lib:/opt/ros/humble/lib/aarch64-linux-gnu:/opt/ros/humble/lib /usr/bin/cmake --build /home/vamshin24/turtlebot3_ws/build/gazebo_plugins -- -j4 -l4
[0.322s] Invoking command in '/home/vamshin24/turtlebot3_ws/build/gazebo_plugins': CMAKE_PREFIX_PATH=/home/vamshin24/turtlebot3_ws/install/gazebo_ros:/home/vamshin24/turtlebot3_ws/install/gazebo_msgs:/home/vamshin24/turtlebot3_ws/install/gazebo_dev:/home/vamshin24/turtlebot3_ws/install/turtlebot3:/home/vamshin24/turtlebot3_ws/install/turtlebot3_simulations:/home/vamshin24/turtlebot3_ws/install/turtlebot3_bringup:/home/vamshin24/turtlebot3_ws/install/turtlebot3_node:/home/vamshin24/turtlebot3_ws/install/turtlebot3_navigation2:/home/vamshin24/turtlebot3_ws/install/turtlebot3_fake_node:/home/vamshin24/turtlebot3_ws/install/turtlebot3_msgs:/home/vamshin24/turtlebot3_ws/install/turtlebot3_gazebo:/home/vamshin24/turtlebot3_ws/install/turtlebot3_description:/home/vamshin24/turtlebot3_ws/install/turtlebot3_cartographer:/home/vamshin24/turtlebot3_ws/install/gazebo_ros_pkgs:/home/vamshin24/turtlebot3_ws/install/gazebo_plugins:/home/vamshin24/turtlebot3_ws/install/dynamixel_sdk_examples:/home/vamshin24/turtlebot3_ws/install/dynamixel_sdk_custom_interfaces:/home/vamshin24/turtlebot3_ws/install/dynamixel_sdk:/home/vamshin24/turtlebot3_ws/install/turtlebot3_teleop:/home/vamshin24/turtlebot3_ws/install/turtlebot3_example:/opt/ros/humble LD_LIBRARY_PATH=/home/vamshin24/turtlebot3_ws/install/gazebo_ros/lib:/home/vamshin24/turtlebot3_ws/install/gazebo_msgs/lib:/home/vamshin24/turtlebot3_ws/install/turtlebot3_msgs/lib:/usr/local/lib/gazebo-11/plugins:/home/vamshin24/turtlebot3_ws/install/gazebo_plugins/lib:/home/vamshin24/turtlebot3_ws/install/dynamixel_sdk_custom_interfaces/lib:/home/vamshin24/turtlebot3_ws/install/dynamixel_sdk/lib:/opt/ros/humble/opt/rviz_ogre_vendor/lib:/opt/ros/humble/lib/aarch64-linux-gnu:/opt/ros/humble/lib /usr/bin/cmake --install /home/vamshin24/turtlebot3_ws/build/gazebo_plugins
[0.325s] -- Install configuration: ""
[0.326s] -- Execute custom install script
[0.326s] -- Up-to-date symlink: /home/vamshin24/turtlebot3_ws/install/gazebo_plugins/share/gazebo_plugins/environment/library_path.sh
[0.326s] -- Up-to-date symlink: /home/vamshin24/turtlebot3_ws/install/gazebo_plugins/share/gazebo_plugins/environment/library_path.dsv
[0.326s] -- Up-to-date symlink: /home/vamshin24/turtlebot3_ws/install/gazebo_plugins/share/gazebo_plugins/environment/gazebo_plugins.sh
[0.326s] -- Up-to-date symlink: /home/vamshin24/turtlebot3_ws/install/gazebo_plugins/share/gazebo_plugins/environment/gazebo_plugins.dsv
[0.326s] -- Up-to-date symlink: /home/vamshin24/turtlebot3_ws/install/gazebo_plugins/share/ament_index/resource_index/package_run_dependencies/gazebo_plugins
[0.327s] -- Up-to-date symlink: /home/vamshin24/turtlebot3_ws/install/gazebo_plugins/share/ament_index/resource_index/parent_prefix_path/gazebo_plugins
[0.327s] -- Up-to-date symlink: /home/vamshin24/turtlebot3_ws/install/gazebo_plugins/share/gazebo_plugins/environment/ament_prefix_path.sh
[0.327s] -- Up-to-date symlink: /home/vamshin24/turtlebot3_ws/install/gazebo_plugins/share/gazebo_plugins/environment/ament_prefix_path.dsv
[0.327s] -- Up-to-date symlink: /home/vamshin24/turtlebot3_ws/install/gazebo_plugins/share/gazebo_plugins/environment/path.sh
[0.327s] -- Up-to-date symlink: /home/vamshin24/turtlebot3_ws/install/gazebo_plugins/share/gazebo_plugins/environment/path.dsv
[0.328s] -- Up-to-date symlink: /home/vamshin24/turtlebot3_ws/install/gazebo_plugins/share/gazebo_plugins/local_setup.bash
[0.328s] -- Up-to-date symlink: /home/vamshin24/turtlebot3_ws/install/gazebo_plugins/share/gazebo_plugins/local_setup.sh
[0.328s] -- Up-to-date symlink: /home/vamshin24/turtlebot3_ws/install/gazebo_plugins/share/gazebo_plugins/local_setup.zsh
[0.328s] -- Up-to-date symlink: /home/vamshin24/turtlebot3_ws/install/gazebo_plugins/share/gazebo_plugins/local_setup.dsv
[0.328s] -- Symlinking: /home/vamshin24/turtlebot3_ws/install/gazebo_plugins/share/gazebo_plugins/package.dsv
[0.331s] -- Up-to-date symlink: /home/vamshin24/turtlebot3_ws/install/gazebo_plugins/share/ament_index/resource_index/packages/gazebo_plugins
[0.332s] -- Up-to-date symlink: /home/vamshin24/turtlebot3_ws/install/gazebo_plugins/share/gazebo_plugins/cmake/ament_cmake_export_libraries-extras.cmake
[0.332s] -- Up-to-date symlink: /home/vamshin24/turtlebot3_ws/install/gazebo_plugins/share/gazebo_plugins/cmake/ament_cmake_export_include_directories-extras.cmake
[0.332s] -- Up-to-date symlink: /home/vamshin24/turtlebot3_ws/install/gazebo_plugins/share/gazebo_plugins/cmake/ament_cmake_export_dependencies-extras.cmake
[0.332s] -- Up-to-date symlink: /home/vamshin24/turtlebot3_ws/install/gazebo_plugins/share/gazebo_plugins/cmake/gazebo_pluginsConfig.cmake
[0.332s] -- Up-to-date symlink: /home/vamshin24/turtlebot3_ws/install/gazebo_plugins/share/gazebo_plugins/cmake/gazebo_pluginsConfig-version.cmake
[0.332s] -- Up-to-date symlink: /home/vamshin24/turtlebot3_ws/install/gazebo_plugins/share/gazebo_plugins/package.xml
[0.333s] -- Up-to-date symlink: /home/vamshin24/turtlebot3_ws/install/gazebo_plugins/include/gazebo_plugins/gazebo_ros_ackermann_drive.hpp
[0.333s] -- Up-to-date symlink: /home/vamshin24/turtlebot3_ws/install/gazebo_plugins/include/gazebo_plugins/gazebo_ros_bumper.hpp
[0.333s] -- Up-to-date symlink: /home/vamshin24/turtlebot3_ws/install/gazebo_plugins/include/gazebo_plugins/gazebo_ros_camera.hpp
[0.333s] -- Up-to-date symlink: /home/vamshin24/turtlebot3_ws/install/gazebo_plugins/include/gazebo_plugins/gazebo_ros_diff_drive.hpp
[0.333s] -- Up-to-date symlink: /home/vamshin24/turtlebot3_ws/install/gazebo_plugins/include/gazebo_plugins/gazebo_ros_elevator.hpp
[0.334s] -- Up-to-date symlink: /home/vamshin24/turtlebot3_ws/install/gazebo_plugins/include/gazebo_plugins/gazebo_ros_force.hpp
[0.334s] -- Up-to-date symlink: /home/vamshin24/turtlebot3_ws/install/gazebo_plugins/include/gazebo_plugins/gazebo_ros_ft_sensor.hpp
[0.334s] -- Up-to-date symlink: /home/vamshin24/turtlebot3_ws/install/gazebo_plugins/include/gazebo_plugins/gazebo_ros_gps_sensor.hpp
[0.334s] -- Up-to-date symlink: /home/vamshin24/turtlebot3_ws/install/gazebo_plugins/include/gazebo_plugins/gazebo_ros_hand_of_god.hpp
[0.334s] -- Up-to-date symlink: /home/vamshin24/turtlebot3_ws/install/gazebo_plugins/include/gazebo_plugins/gazebo_ros_harness.hpp
[0.334s] -- Up-to-date symlink: /home/vamshin24/turtlebot3_ws/install/gazebo_plugins/include/gazebo_plugins/gazebo_ros_imu_sensor.hpp
[0.334s] -- Up-to-date symlink: /home/vamshin24/turtlebot3_ws/install/gazebo_plugins/include/gazebo_plugins/gazebo_ros_joint_pose_trajectory.hpp
[0.334s] -- Up-to-date symlink: /home/vamshin24/turtlebot3_ws/install/gazebo_plugins/include/gazebo_plugins/gazebo_ros_joint_state_publisher.hpp
[0.334s] -- Up-to-date symlink: /home/vamshin24/turtlebot3_ws/install/gazebo_plugins/include/gazebo_plugins/gazebo_ros_p3d.hpp
[0.335s] -- Up-to-date symlink: /home/vamshin24/turtlebot3_ws/install/gazebo_plugins/include/gazebo_plugins/gazebo_ros_planar_move.hpp
[0.335s] -- Up-to-date symlink: /home/vamshin24/turtlebot3_ws/install/gazebo_plugins/include/gazebo_plugins/gazebo_ros_projector.hpp
[0.335s] -- Up-to-date symlink: /home/vamshin24/turtlebot3_ws/install/gazebo_plugins/include/gazebo_plugins/gazebo_ros_ray_sensor.hpp
[0.335s] -- Up-to-date symlink: /home/vamshin24/turtlebot3_ws/install/gazebo_plugins/include/gazebo_plugins/gazebo_ros_template.hpp
[0.335s] -- Up-to-date symlink: /home/vamshin24/turtlebot3_ws/install/gazebo_plugins/include/gazebo_plugins/gazebo_ros_tricycle_drive.hpp
[0.335s] -- Up-to-date symlink: /home/vamshin24/turtlebot3_ws/install/gazebo_plugins/include/gazebo_plugins/gazebo_ros_vacuum_gripper.hpp
[0.335s] -- Up-to-date symlink: /home/vamshin24/turtlebot3_ws/install/gazebo_plugins/include/gazebo_plugins/gazebo_ros_video.hpp
[0.335s] -- Up-to-date symlink: /home/vamshin24/turtlebot3_ws/install/gazebo_plugins/include/gazebo_plugins/gazebo_ros_wheel_slip.hpp
[0.336s] -- Up-to-date symlink: /home/vamshin24/turtlebot3_ws/install/gazebo_plugins/include/gazebo_plugins/multi_camera_plugin.hpp
[0.336s] -- Up-to-date symlink: /home/vamshin24/turtlebot3_ws/install/gazebo_plugins/lib/libgazebo_ros_ackermann_drive.so
[0.336s] -- Up-to-date symlink: /home/vamshin24/turtlebot3_ws/install/gazebo_plugins/lib/libgazebo_ros_bumper.so
[0.336s] -- Up-to-date symlink: /home/vamshin24/turtlebot3_ws/install/gazebo_plugins/lib/libgazebo_ros_camera.so
[0.336s] -- Up-to-date symlink: /home/vamshin24/turtlebot3_ws/install/gazebo_plugins/lib/libgazebo_ros_diff_drive.so
[0.336s] -- Up-to-date symlink: /home/vamshin24/turtlebot3_ws/install/gazebo_plugins/lib/libgazebo_ros_elevator.so
[0.336s] -- Up-to-date symlink: /home/vamshin24/turtlebot3_ws/install/gazebo_plugins/lib/libgazebo_ros_force.so
[0.337s] -- Up-to-date symlink: /home/vamshin24/turtlebot3_ws/install/gazebo_plugins/lib/libgazebo_ros_ft_sensor.so
[0.337s] -- Up-to-date symlink: /home/vamshin24/turtlebot3_ws/install/gazebo_plugins/lib/libgazebo_ros_hand_of_god.so
[0.337s] -- Up-to-date symlink: /home/vamshin24/turtlebot3_ws/install/gazebo_plugins/lib/libgazebo_ros_harness.so
[0.337s] -- Up-to-date symlink: /home/vamshin24/turtlebot3_ws/install/gazebo_plugins/lib/libgazebo_ros_imu_sensor.so
[0.337s] -- Up-to-date symlink: /home/vamshin24/turtlebot3_ws/install/gazebo_plugins/lib/libgazebo_ros_gps_sensor.so
[0.337s] -- Up-to-date symlink: /home/vamshin24/turtlebot3_ws/install/gazebo_plugins/lib/libgazebo_ros_joint_pose_trajectory.so
[0.337s] -- Up-to-date symlink: /home/vamshin24/turtlebot3_ws/install/gazebo_plugins/lib/libgazebo_ros_joint_state_publisher.so
[0.337s] -- Up-to-date symlink: /home/vamshin24/turtlebot3_ws/install/gazebo_plugins/lib/libgazebo_ros_planar_move.so
[0.337s] -- Up-to-date symlink: /home/vamshin24/turtlebot3_ws/install/gazebo_plugins/lib/libgazebo_ros_projector.so
[0.338s] -- Up-to-date symlink: /home/vamshin24/turtlebot3_ws/install/gazebo_plugins/lib/libgazebo_ros_ray_sensor.so
[0.338s] -- Up-to-date symlink: /home/vamshin24/turtlebot3_ws/install/gazebo_plugins/lib/libgazebo_ros_p3d.so
[0.338s] -- Up-to-date symlink: /home/vamshin24/turtlebot3_ws/install/gazebo_plugins/lib/libgazebo_ros_template.so
[0.338s] -- Up-to-date symlink: /home/vamshin24/turtlebot3_ws/install/gazebo_plugins/lib/libgazebo_ros_tricycle_drive.so
[0.338s] -- Up-to-date symlink: /home/vamshin24/turtlebot3_ws/install/gazebo_plugins/lib/libgazebo_ros_vacuum_gripper.so
[0.338s] -- Up-to-date symlink: /home/vamshin24/turtlebot3_ws/install/gazebo_plugins/lib/libgazebo_ros_video.so
[0.338s] -- Up-to-date symlink: /home/vamshin24/turtlebot3_ws/install/gazebo_plugins/lib/libmulti_camera_plugin.so
[0.339s] -- Up-to-date symlink: /home/vamshin24/turtlebot3_ws/install/gazebo_plugins/lib/libgazebo_ros_wheel_slip.so
[0.339s] -- Up-to-date symlink: /home/vamshin24/turtlebot3_ws/install/gazebo_plugins/lib/gazebo_plugins//wheel_slip_drawbar_pull_publisher.py
[0.339s] -- Up-to-date symlink: /home/vamshin24/turtlebot3_ws/install/gazebo_plugins/share/gazebo_plugins//worlds/gazebo_ros_ackermann_drive_demo.world
[0.339s] -- Up-to-date symlink: /home/vamshin24/turtlebot3_ws/install/gazebo_plugins/share/gazebo_plugins//worlds/gazebo_ros_bumper_demo.world
[0.339s] -- Up-to-date symlink: /home/vamshin24/turtlebot3_ws/install/gazebo_plugins/share/gazebo_plugins//worlds/gazebo_ros_camera_demo.world
[0.340s] -- Up-to-date symlink: /home/vamshin24/turtlebot3_ws/install/gazebo_plugins/share/gazebo_plugins//worlds/gazebo_ros_camera_distortion_barrel_demo.world
[0.340s] -- Up-to-date symlink: /home/vamshin24/turtlebot3_ws/install/gazebo_plugins/share/gazebo_plugins//worlds/gazebo_ros_camera_distortion_pincushion_demo.world
[0.340s] -- Up-to-date symlink: /home/vamshin24/turtlebot3_ws/install/gazebo_plugins/share/gazebo_plugins//worlds/gazebo_ros_camera_triggered_demo.world
[0.340s] -- Up-to-date symlink: /home/vamshin24/turtlebot3_ws/install/gazebo_plugins/share/gazebo_plugins//worlds/gazebo_ros_depth_camera_demo.world
[0.340s] -- Up-to-date symlink: /home/vamshin24/turtlebot3_ws/install/gazebo_plugins/share/gazebo_plugins//worlds/gazebo_ros_diff_drive_demo.world
[0.340s] -- Up-to-date symlink: /home/vamshin24/turtlebot3_ws/install/gazebo_plugins/share/gazebo_plugins//worlds/gazebo_ros_elevator_demo.world
[0.340s] -- Up-to-date symlink: /home/vamshin24/turtlebot3_ws/install/gazebo_plugins/share/gazebo_plugins//worlds/gazebo_ros_force_demo.world
[0.340s] -- Up-to-date symlink: /home/vamshin24/turtlebot3_ws/install/gazebo_plugins/share/gazebo_plugins//worlds/gazebo_ros_ft_sensor_demo.world
[0.340s] -- Up-to-date symlink: /home/vamshin24/turtlebot3_ws/install/gazebo_plugins/share/gazebo_plugins//worlds/gazebo_ros_gps_sensor_demo.world
[0.340s] -- Up-to-date symlink: /home/vamshin24/turtlebot3_ws/install/gazebo_plugins/share/gazebo_plugins//worlds/gazebo_ros_hand_of_god_demo.world
[0.341s] -- Up-to-date symlink: /home/vamshin24/turtlebot3_ws/install/gazebo_plugins/share/gazebo_plugins//worlds/gazebo_ros_harness_demo.world
[0.341s] -- Up-to-date symlink: /home/vamshin24/turtlebot3_ws/install/gazebo_plugins/share/gazebo_plugins//worlds/gazebo_ros_joint_pose_trajectory_demo.world
[0.341s] -- Up-to-date symlink: /home/vamshin24/turtlebot3_ws/install/gazebo_plugins/share/gazebo_plugins//worlds/gazebo_ros_joint_state_publisher_demo.world
[0.341s] -- Up-to-date symlink: /home/vamshin24/turtlebot3_ws/install/gazebo_plugins/share/gazebo_plugins//worlds/gazebo_ros_multi_camera_demo.world
[0.341s] -- Up-to-date symlink: /home/vamshin24/turtlebot3_ws/install/gazebo_plugins/share/gazebo_plugins//worlds/gazebo_ros_multicamera_demo.world
[0.341s] -- Up-to-date symlink: /home/vamshin24/turtlebot3_ws/install/gazebo_plugins/share/gazebo_plugins//worlds/gazebo_ros_p3d_demo.world
[0.341s] -- Up-to-date symlink: /home/vamshin24/turtlebot3_ws/install/gazebo_plugins/share/gazebo_plugins//worlds/gazebo_ros_planar_move_demo.world
[0.341s] -- Up-to-date symlink: /home/vamshin24/turtlebot3_ws/install/gazebo_plugins/share/gazebo_plugins//worlds/gazebo_ros_projector_demo.world
[0.342s] -- Up-to-date symlink: /home/vamshin24/turtlebot3_ws/install/gazebo_plugins/share/gazebo_plugins//worlds/gazebo_ros_ray_sensor_demo.world
[0.342s] -- Up-to-date symlink: /home/vamshin24/turtlebot3_ws/install/gazebo_plugins/share/gazebo_plugins//worlds/gazebo_ros_skid_steer_drive_demo.world
[0.342s] -- Up-to-date symlink: /home/vamshin24/turtlebot3_ws/install/gazebo_plugins/share/gazebo_plugins//worlds/gazebo_ros_template_demo.world
[0.342s] -- Up-to-date symlink: /home/vamshin24/turtlebot3_ws/install/gazebo_plugins/share/gazebo_plugins//worlds/gazebo_ros_tricycle_drive_demo.world
[0.342s] -- Up-to-date symlink: /home/vamshin24/turtlebot3_ws/install/gazebo_plugins/share/gazebo_plugins//worlds/gazebo_ros_vacuum_gripper_demo.world
[0.342s] -- Up-to-date symlink: /home/vamshin24/turtlebot3_ws/install/gazebo_plugins/share/gazebo_plugins//worlds/gazebo_ros_video_demo.world
[0.342s] -- Up-to-date symlink: /home/vamshin24/turtlebot3_ws/install/gazebo_plugins/share/gazebo_plugins//worlds/gazebo_ros_wheel_slip_demo.world
[0.342s] -- Up-to-date symlink: /home/vamshin24/turtlebot3_ws/install/gazebo_plugins/share/gazebo_plugins//worlds/gazebo_ros_wheel_slip_drawbar_pull_demo.world
[0.344s] Invoked command in '/home/vamshin24/turtlebot3_ws/build/gazebo_plugins' returned '0': CMAKE_PREFIX_PATH=/home/vamshin24/turtlebot3_ws/install/gazebo_ros:/home/vamshin24/turtlebot3_ws/install/gazebo_msgs:/home/vamshin24/turtlebot3_ws/install/gazebo_dev:/home/vamshin24/turtlebot3_ws/install/turtlebot3:/home/vamshin24/turtlebot3_ws/install/turtlebot3_simulations:/home/vamshin24/turtlebot3_ws/install/turtlebot3_bringup:/home/vamshin24/turtlebot3_ws/install/turtlebot3_node:/home/vamshin24/turtlebot3_ws/install/turtlebot3_navigation2:/home/vamshin24/turtlebot3_ws/install/turtlebot3_fake_node:/home/vamshin24/turtlebot3_ws/install/turtlebot3_msgs:/home/vamshin24/turtlebot3_ws/install/turtlebot3_gazebo:/home/vamshin24/turtlebot3_ws/install/turtlebot3_description:/home/vamshin24/turtlebot3_ws/install/turtlebot3_cartographer:/home/vamshin24/turtlebot3_ws/install/gazebo_ros_pkgs:/home/vamshin24/turtlebot3_ws/install/gazebo_plugins:/home/vamshin24/turtlebot3_ws/install/dynamixel_sdk_examples:/home/vamshin24/turtlebot3_ws/install/dynamixel_sdk_custom_interfaces:/home/vamshin24/turtlebot3_ws/install/dynamixel_sdk:/home/vamshin24/turtlebot3_ws/install/turtlebot3_teleop:/home/vamshin24/turtlebot3_ws/install/turtlebot3_example:/opt/ros/humble LD_LIBRARY_PATH=/home/vamshin24/turtlebot3_ws/install/gazebo_ros/lib:/home/vamshin24/turtlebot3_ws/install/gazebo_msgs/lib:/home/vamshin24/turtlebot3_ws/install/turtlebot3_msgs/lib:/usr/local/lib/gazebo-11/plugins:/home/vamshin24/turtlebot3_ws/install/gazebo_plugins/lib:/home/vamshin24/turtlebot3_ws/install/dynamixel_sdk_custom_interfaces/lib:/home/vamshin24/turtlebot3_ws/install/dynamixel_sdk/lib:/opt/ros/humble/opt/rviz_ogre_vendor/lib:/opt/ros/humble/lib/aarch64-linux-gnu:/opt/ros/humble/lib /usr/bin/cmake --install /home/vamshin24/turtlebot3_ws/build/gazebo_plugins
