[0.025s] Invoking command in '/home/vamshin24/turtlebot3_ws/build/turtlebot3_node': CMAKE_PREFIX_PATH=/home/vamshin24/turtlebot3_ws/install/turtlebot3_msgs:/home/vamshin24/turtlebot3_ws/install/dynamixel_sdk:/home/vamshin24/turtlebot3_ws/install/turtlebot3:/home/vamshin24/turtlebot3_ws/install/turtlebot3_bringup:/home/vamshin24/turtlebot3_ws/install/turtlebot3_node:/home/vamshin24/turtlebot3_ws/install/turtlebot3_navigation2:/home/vamshin24/turtlebot3_ws/install/turtlebot3_description:/home/vamshin24/turtlebot3_ws/install/turtlebot3_cartographer:/home/vamshin24/turtlebot3_ws/install/dynamixel_sdk_examples:/home/vamshin24/turtlebot3_ws/install/dynamixel_sdk_custom_interfaces:/home/vamshin24/turtlebot3_ws/install/turtlebot3_simulations:/home/vamshin24/turtlebot3_ws/install/turtlebot3_gazebo:/home/vamshin24/turtlebot3_ws/install/turtlebot3_fake_node:/home/vamshin24/turtlebot3_ws/install/gazebo_ros_pkgs:/home/vamshin24/turtlebot3_ws/install/gazebo_plugins:/home/vamshin24/turtlebot3_ws/install/gazebo_ros:/home/vamshin24/turtlebot3_ws/install/gazebo_msgs:/home/vamshin24/turtlebot3_ws/install/gazebo_dev:/home/vamshin24/turtlebot3_ws/install/turtlebot3_teleop:/home/vamshin24/turtlebot3_ws/install/turtlebot3_example:/opt/ros/humble LD_LIBRARY_PATH=/home/vamshin24/turtlebot3_ws/install/turtlebot3_msgs/lib:/home/vamshin24/turtlebot3_ws/install/dynamixel_sdk/lib:/home/vamshin24/turtlebot3_ws/install/dynamixel_sdk_custom_interfaces/lib:/usr/local/lib/gazebo-11/plugins:/home/vamshin24/turtlebot3_ws/install/gazebo_plugins/lib:/home/vamshin24/turtlebot3_ws/install/gazebo_ros/lib:/home/vamshin24/turtlebot3_ws/install/gazebo_msgs/lib:/opt/ros/humble/opt/rviz_ogre_vendor/lib:/opt/ros/humble/lib/aarch64-linux-gnu:/opt/ros/humble/lib /usr/bin/cmake /home/vamshin24/turtlebot3_ws/src/turtlebot3/turtlebot3_node -DAMENT_CMAKE_SYMLINK_INSTALL=1 -DCMAKE_INSTALL_PREFIX=/home/vamshin24/turtlebot3_ws/install/turtlebot3_node
[0.041s] -- Found ament_cmake: 1.3.11 (/opt/ros/humble/share/ament_cmake/cmake)
[0.125s] -- Override CMake install command with custom implementation using symlinks instead of copying resources
[0.128s] -- Found dynamixel_sdk: 3.8.3 (/home/vamshin24/turtlebot3_ws/install/dynamixel_sdk/share/dynamixel_sdk/cmake)
[0.129s] -- Found geometry_msgs: 4.8.0 (/opt/ros/humble/share/geometry_msgs/cmake)
[0.142s] -- Found rosidl_generator_c: 3.1.6 (/opt/ros/humble/share/rosidl_generator_c/cmake)
[0.143s] -- Found rosidl_adapter: 3.1.6 (/opt/ros/humble/share/rosidl_adapter/cmake)
[0.146s] -- Found rosidl_generator_cpp: 3.1.6 (/opt/ros/humble/share/rosidl_generator_cpp/cmake)
[0.151s] -- Using all available rosidl_typesupport_c: rosidl_typesupport_fastrtps_c;rosidl_typesupport_introspection_c
[0.157s] -- Using all available rosidl_typesupport_cpp: rosidl_typesupport_fastrtps_cpp;rosidl_typesupport_introspection_cpp
[0.176s] -- Found message_filters: 4.3.7 (/opt/ros/humble/share/message_filters/cmake)
[0.190s] -- Found rmw_implementation_cmake: 6.1.2 (/opt/ros/humble/share/rmw_implementation_cmake/cmake)
[0.192s] -- Found rmw_fastrtps_cpp: 6.2.7 (/opt/ros/humble/share/rmw_fastrtps_cpp/cmake)
[0.255s] -- Using RMW implementation 'rmw_fastrtps_cpp' as default
[0.281s] -- Found nav_msgs: 4.8.0 (/opt/ros/humble/share/nav_msgs/cmake)
[0.289s] -- Found sensor_msgs: 4.8.0 (/opt/ros/humble/share/sensor_msgs/cmake)
[0.301s] -- Found std_srvs: 4.8.0 (/opt/ros/humble/share/std_srvs/cmake)
[0.307s] -- Found tf2: 0.25.12 (/opt/ros/humble/share/tf2/cmake)
[0.309s] -- Found tf2_ros: 0.25.12 (/opt/ros/humble/share/tf2_ros/cmake)
[0.350s] -- Found turtlebot3_msgs: 2.4.0 (/home/vamshin24/turtlebot3_ws/install/turtlebot3_msgs/share/turtlebot3_msgs/cmake)
[0.407s] -- Configuring done
[0.418s] -- Generating done
[0.421s] -- Build files have been written to: /home/vamshin24/turtlebot3_ws/build/turtlebot3_node
[0.426s] Invoked command in '/home/vamshin24/turtlebot3_ws/build/turtlebot3_node' returned '0': CMAKE_PREFIX_PATH=/home/vamshin24/turtlebot3_ws/install/turtlebot3_msgs:/home/vamshin24/turtlebot3_ws/install/dynamixel_sdk:/home/vamshin24/turtlebot3_ws/install/turtlebot3:/home/vamshin24/turtlebot3_ws/install/turtlebot3_bringup:/home/vamshin24/turtlebot3_ws/install/turtlebot3_node:/home/vamshin24/turtlebot3_ws/install/turtlebot3_navigation2:/home/vamshin24/turtlebot3_ws/install/turtlebot3_description:/home/vamshin24/turtlebot3_ws/install/turtlebot3_cartographer:/home/vamshin24/turtlebot3_ws/install/dynamixel_sdk_examples:/home/vamshin24/turtlebot3_ws/install/dynamixel_sdk_custom_interfaces:/home/vamshin24/turtlebot3_ws/install/turtlebot3_simulations:/home/vamshin24/turtlebot3_ws/install/turtlebot3_gazebo:/home/vamshin24/turtlebot3_ws/install/turtlebot3_fake_node:/home/vamshin24/turtlebot3_ws/install/gazebo_ros_pkgs:/home/vamshin24/turtlebot3_ws/install/gazebo_plugins:/home/vamshin24/turtlebot3_ws/install/gazebo_ros:/home/vamshin24/turtlebot3_ws/install/gazebo_msgs:/home/vamshin24/turtlebot3_ws/install/gazebo_dev:/home/vamshin24/turtlebot3_ws/install/turtlebot3_teleop:/home/vamshin24/turtlebot3_ws/install/turtlebot3_example:/opt/ros/humble LD_LIBRARY_PATH=/home/vamshin24/turtlebot3_ws/install/turtlebot3_msgs/lib:/home/vamshin24/turtlebot3_ws/install/dynamixel_sdk/lib:/home/vamshin24/turtlebot3_ws/install/dynamixel_sdk_custom_interfaces/lib:/usr/local/lib/gazebo-11/plugins:/home/vamshin24/turtlebot3_ws/install/gazebo_plugins/lib:/home/vamshin24/turtlebot3_ws/install/gazebo_ros/lib:/home/vamshin24/turtlebot3_ws/install/gazebo_msgs/lib:/opt/ros/humble/opt/rviz_ogre_vendor/lib:/opt/ros/humble/lib/aarch64-linux-gnu:/opt/ros/humble/lib /usr/bin/cmake /home/vamshin24/turtlebot3_ws/src/turtlebot3/turtlebot3_node -DAMENT_CMAKE_SYMLINK_INSTALL=1 -DCMAKE_INSTALL_PREFIX=/home/vamshin24/turtlebot3_ws/install/turtlebot3_node
[0.427s] Invoking command in '/home/vamshin24/turtlebot3_ws/build/turtlebot3_node': CMAKE_PREFIX_PATH=/home/vamshin24/turtlebot3_ws/install/turtlebot3_msgs:/home/vamshin24/turtlebot3_ws/install/dynamixel_sdk:/home/vamshin24/turtlebot3_ws/install/turtlebot3:/home/vamshin24/turtlebot3_ws/install/turtlebot3_bringup:/home/vamshin24/turtlebot3_ws/install/turtlebot3_node:/home/vamshin24/turtlebot3_ws/install/turtlebot3_navigation2:/home/vamshin24/turtlebot3_ws/install/turtlebot3_description:/home/vamshin24/turtlebot3_ws/install/turtlebot3_cartographer:/home/vamshin24/turtlebot3_ws/install/dynamixel_sdk_examples:/home/vamshin24/turtlebot3_ws/install/dynamixel_sdk_custom_interfaces:/home/vamshin24/turtlebot3_ws/install/turtlebot3_simulations:/home/vamshin24/turtlebot3_ws/install/turtlebot3_gazebo:/home/vamshin24/turtlebot3_ws/install/turtlebot3_fake_node:/home/vamshin24/turtlebot3_ws/install/gazebo_ros_pkgs:/home/vamshin24/turtlebot3_ws/install/gazebo_plugins:/home/vamshin24/turtlebot3_ws/install/gazebo_ros:/home/vamshin24/turtlebot3_ws/install/gazebo_msgs:/home/vamshin24/turtlebot3_ws/install/gazebo_dev:/home/vamshin24/turtlebot3_ws/install/turtlebot3_teleop:/home/vamshin24/turtlebot3_ws/install/turtlebot3_example:/opt/ros/humble LD_LIBRARY_PATH=/home/vamshin24/turtlebot3_ws/install/turtlebot3_msgs/lib:/home/vamshin24/turtlebot3_ws/install/dynamixel_sdk/lib:/home/vamshin24/turtlebot3_ws/install/dynamixel_sdk_custom_interfaces/lib:/usr/local/lib/gazebo-11/plugins:/home/vamshin24/turtlebot3_ws/install/gazebo_plugins/lib:/home/vamshin24/turtlebot3_ws/install/gazebo_ros/lib:/home/vamshin24/turtlebot3_ws/install/gazebo_msgs/lib:/opt/ros/humble/opt/rviz_ogre_vendor/lib:/opt/ros/humble/lib/aarch64-linux-gnu:/opt/ros/humble/lib /usr/bin/cmake --build /home/vamshin24/turtlebot3_ws/build/turtlebot3_node -- -j6 -l6
[0.450s] [35m[1mConsolidate compiler generated dependencies of target turtlebot3_node_lib[0m
[0.470s] [ 85%] Built target turtlebot3_node_lib
[0.476s] [35m[1mConsolidate compiler generated dependencies of target turtlebot3_ros[0m
[0.485s] [100%] Built target turtlebot3_ros
[0.492s] Invoked command in '/home/vamshin24/turtlebot3_ws/build/turtlebot3_node' returned '0': CMAKE_PREFIX_PATH=/home/vamshin24/turtlebot3_ws/install/turtlebot3_msgs:/home/vamshin24/turtlebot3_ws/install/dynamixel_sdk:/home/vamshin24/turtlebot3_ws/install/turtlebot3:/home/vamshin24/turtlebot3_ws/install/turtlebot3_bringup:/home/vamshin24/turtlebot3_ws/install/turtlebot3_node:/home/vamshin24/turtlebot3_ws/install/turtlebot3_navigation2:/home/vamshin24/turtlebot3_ws/install/turtlebot3_description:/home/vamshin24/turtlebot3_ws/install/turtlebot3_cartographer:/home/vamshin24/turtlebot3_ws/install/dynamixel_sdk_examples:/home/vamshin24/turtlebot3_ws/install/dynamixel_sdk_custom_interfaces:/home/vamshin24/turtlebot3_ws/install/turtlebot3_simulations:/home/vamshin24/turtlebot3_ws/install/turtlebot3_gazebo:/home/vamshin24/turtlebot3_ws/install/turtlebot3_fake_node:/home/vamshin24/turtlebot3_ws/install/gazebo_ros_pkgs:/home/vamshin24/turtlebot3_ws/install/gazebo_plugins:/home/vamshin24/turtlebot3_ws/install/gazebo_ros:/home/vamshin24/turtlebot3_ws/install/gazebo_msgs:/home/vamshin24/turtlebot3_ws/install/gazebo_dev:/home/vamshin24/turtlebot3_ws/install/turtlebot3_teleop:/home/vamshin24/turtlebot3_ws/install/turtlebot3_example:/opt/ros/humble LD_LIBRARY_PATH=/home/vamshin24/turtlebot3_ws/install/turtlebot3_msgs/lib:/home/vamshin24/turtlebot3_ws/install/dynamixel_sdk/lib:/home/vamshin24/turtlebot3_ws/install/dynamixel_sdk_custom_interfaces/lib:/usr/local/lib/gazebo-11/plugins:/home/vamshin24/turtlebot3_ws/install/gazebo_plugins/lib:/home/vamshin24/turtlebot3_ws/install/gazebo_ros/lib:/home/vamshin24/turtlebot3_ws/install/gazebo_msgs/lib:/opt/ros/humble/opt/rviz_ogre_vendor/lib:/opt/ros/humble/lib/aarch64-linux-gnu:/opt/ros/humble/lib /usr/bin/cmake --build /home/vamshin24/turtlebot3_ws/build/turtlebot3_node -- -j6 -l6
[0.492s] Invoking command in '/home/vamshin24/turtlebot3_ws/build/turtlebot3_node': CMAKE_PREFIX_PATH=/home/vamshin24/turtlebot3_ws/install/turtlebot3_msgs:/home/vamshin24/turtlebot3_ws/install/dynamixel_sdk:/home/vamshin24/turtlebot3_ws/install/turtlebot3:/home/vamshin24/turtlebot3_ws/install/turtlebot3_bringup:/home/vamshin24/turtlebot3_ws/install/turtlebot3_node:/home/vamshin24/turtlebot3_ws/install/turtlebot3_navigation2:/home/vamshin24/turtlebot3_ws/install/turtlebot3_description:/home/vamshin24/turtlebot3_ws/install/turtlebot3_cartographer:/home/vamshin24/turtlebot3_ws/install/dynamixel_sdk_examples:/home/vamshin24/turtlebot3_ws/install/dynamixel_sdk_custom_interfaces:/home/vamshin24/turtlebot3_ws/install/turtlebot3_simulations:/home/vamshin24/turtlebot3_ws/install/turtlebot3_gazebo:/home/vamshin24/turtlebot3_ws/install/turtlebot3_fake_node:/home/vamshin24/turtlebot3_ws/install/gazebo_ros_pkgs:/home/vamshin24/turtlebot3_ws/install/gazebo_plugins:/home/vamshin24/turtlebot3_ws/install/gazebo_ros:/home/vamshin24/turtlebot3_ws/install/gazebo_msgs:/home/vamshin24/turtlebot3_ws/install/gazebo_dev:/home/vamshin24/turtlebot3_ws/install/turtlebot3_teleop:/home/vamshin24/turtlebot3_ws/install/turtlebot3_example:/opt/ros/humble LD_LIBRARY_PATH=/home/vamshin24/turtlebot3_ws/install/turtlebot3_msgs/lib:/home/vamshin24/turtlebot3_ws/install/dynamixel_sdk/lib:/home/vamshin24/turtlebot3_ws/install/dynamixel_sdk_custom_interfaces/lib:/usr/local/lib/gazebo-11/plugins:/home/vamshin24/turtlebot3_ws/install/gazebo_plugins/lib:/home/vamshin24/turtlebot3_ws/install/gazebo_ros/lib:/home/vamshin24/turtlebot3_ws/install/gazebo_msgs/lib:/opt/ros/humble/opt/rviz_ogre_vendor/lib:/opt/ros/humble/lib/aarch64-linux-gnu:/opt/ros/humble/lib /usr/bin/cmake --install /home/vamshin24/turtlebot3_ws/build/turtlebot3_node
[0.497s] -- Install configuration: ""
[0.497s] -- Execute custom install script
[0.497s] -- Up-to-date symlink: /home/vamshin24/turtlebot3_ws/install/turtlebot3_node/share/turtlebot3_node/param/burger.yaml
[0.497s] -- Up-to-date symlink: /home/vamshin24/turtlebot3_ws/install/turtlebot3_node/share/turtlebot3_node/param/waffle.yaml
[0.497s] -- Up-to-date symlink: /home/vamshin24/turtlebot3_ws/install/turtlebot3_node/share/turtlebot3_node/param/waffle_pi.yaml
[0.497s] -- Up-to-date symlink: /home/vamshin24/turtlebot3_ws/install/turtlebot3_node/lib/turtlebot3_node/turtlebot3_ros
[0.497s] -- Up-to-date symlink: /home/vamshin24/turtlebot3_ws/install/turtlebot3_node/share/ament_index/resource_index/package_run_dependencies/turtlebot3_node
[0.498s] -- Up-to-date symlink: /home/vamshin24/turtlebot3_ws/install/turtlebot3_node/share/ament_index/resource_index/parent_prefix_path/turtlebot3_node
[0.498s] -- Up-to-date symlink: /home/vamshin24/turtlebot3_ws/install/turtlebot3_node/share/turtlebot3_node/environment/ament_prefix_path.sh
[0.498s] -- Up-to-date symlink: /home/vamshin24/turtlebot3_ws/install/turtlebot3_node/share/turtlebot3_node/environment/ament_prefix_path.dsv
[0.498s] -- Up-to-date symlink: /home/vamshin24/turtlebot3_ws/install/turtlebot3_node/share/turtlebot3_node/environment/path.sh
[0.498s] -- Up-to-date symlink: /home/vamshin24/turtlebot3_ws/install/turtlebot3_node/share/turtlebot3_node/environment/path.dsv
[0.498s] -- Up-to-date symlink: /home/vamshin24/turtlebot3_ws/install/turtlebot3_node/share/turtlebot3_node/local_setup.bash
[0.498s] -- Up-to-date symlink: /home/vamshin24/turtlebot3_ws/install/turtlebot3_node/share/turtlebot3_node/local_setup.sh
[0.498s] -- Up-to-date symlink: /home/vamshin24/turtlebot3_ws/install/turtlebot3_node/share/turtlebot3_node/local_setup.zsh
[0.498s] -- Up-to-date symlink: /home/vamshin24/turtlebot3_ws/install/turtlebot3_node/share/turtlebot3_node/local_setup.dsv
[0.498s] -- Symlinking: /home/vamshin24/turtlebot3_ws/install/turtlebot3_node/share/turtlebot3_node/package.dsv
[0.502s] -- Up-to-date symlink: /home/vamshin24/turtlebot3_ws/install/turtlebot3_node/share/ament_index/resource_index/packages/turtlebot3_node
[0.503s] -- Up-to-date symlink: /home/vamshin24/turtlebot3_ws/install/turtlebot3_node/share/turtlebot3_node/cmake/ament_cmake_export_include_directories-extras.cmake
[0.503s] -- Up-to-date symlink: /home/vamshin24/turtlebot3_ws/install/turtlebot3_node/share/turtlebot3_node/cmake/turtlebot3_nodeConfig.cmake
[0.503s] -- Up-to-date symlink: /home/vamshin24/turtlebot3_ws/install/turtlebot3_node/share/turtlebot3_node/cmake/turtlebot3_nodeConfig-version.cmake
[0.503s] -- Up-to-date symlink: /home/vamshin24/turtlebot3_ws/install/turtlebot3_node/share/turtlebot3_node/package.xml
[0.504s] Invoked command in '/home/vamshin24/turtlebot3_ws/build/turtlebot3_node' returned '0': CMAKE_PREFIX_PATH=/home/vamshin24/turtlebot3_ws/install/turtlebot3_msgs:/home/vamshin24/turtlebot3_ws/install/dynamixel_sdk:/home/vamshin24/turtlebot3_ws/install/turtlebot3:/home/vamshin24/turtlebot3_ws/install/turtlebot3_bringup:/home/vamshin24/turtlebot3_ws/install/turtlebot3_node:/home/vamshin24/turtlebot3_ws/install/turtlebot3_navigation2:/home/vamshin24/turtlebot3_ws/install/turtlebot3_description:/home/vamshin24/turtlebot3_ws/install/turtlebot3_cartographer:/home/vamshin24/turtlebot3_ws/install/dynamixel_sdk_examples:/home/vamshin24/turtlebot3_ws/install/dynamixel_sdk_custom_interfaces:/home/vamshin24/turtlebot3_ws/install/turtlebot3_simulations:/home/vamshin24/turtlebot3_ws/install/turtlebot3_gazebo:/home/vamshin24/turtlebot3_ws/install/turtlebot3_fake_node:/home/vamshin24/turtlebot3_ws/install/gazebo_ros_pkgs:/home/vamshin24/turtlebot3_ws/install/gazebo_plugins:/home/vamshin24/turtlebot3_ws/install/gazebo_ros:/home/vamshin24/turtlebot3_ws/install/gazebo_msgs:/home/vamshin24/turtlebot3_ws/install/gazebo_dev:/home/vamshin24/turtlebot3_ws/install/turtlebot3_teleop:/home/vamshin24/turtlebot3_ws/install/turtlebot3_example:/opt/ros/humble LD_LIBRARY_PATH=/home/vamshin24/turtlebot3_ws/install/turtlebot3_msgs/lib:/home/vamshin24/turtlebot3_ws/install/dynamixel_sdk/lib:/home/vamshin24/turtlebot3_ws/install/dynamixel_sdk_custom_interfaces/lib:/usr/local/lib/gazebo-11/plugins:/home/vamshin24/turtlebot3_ws/install/gazebo_plugins/lib:/home/vamshin24/turtlebot3_ws/install/gazebo_ros/lib:/home/vamshin24/turtlebot3_ws/install/gazebo_msgs/lib:/opt/ros/humble/opt/rviz_ogre_vendor/lib:/opt/ros/humble/lib/aarch64-linux-gnu:/opt/ros/humble/lib /usr/bin/cmake --install /home/vamshin24/turtlebot3_ws/build/turtlebot3_node
