[0.005s] Invoking command in '/home/vamshin24/turtlebot3_ws/build/turtlebot3_gazebo': CMAKE_PREFIX_PATH=/opt/ros/humble /usr/bin/cmake /home/vamshin24/turtlebot3_ws/src/turtlebot3_simulations/turtlebot3_gazebo -DAMENT_CMAKE_SYMLINK_INSTALL=1 -DCMAKE_INSTALL_PREFIX=/home/vamshin24/turtlebot3_ws/install/turtlebot3_gazebo
[0.103s] -- The C compiler identification is GNU 11.4.0
[0.170s] -- The CXX compiler identification is GNU 11.4.0
[0.176s] -- Detecting C compiler ABI info
[0.210s] -- Detecting C compiler ABI info - done
[0.213s] -- Check for working C compiler: /usr/bin/cc - skipped
[0.213s] -- Detecting C compile features
[0.213s] -- Detecting C compile features - done
[0.215s] -- Detecting CXX compiler ABI info
[0.248s] -- Detecting CXX compiler ABI info - done
[0.251s] -- Check for working CXX compiler: /usr/bin/c++ - skipped
[0.252s] -- Detecting CXX compile features
[0.252s] -- Detecting CXX compile features - done
[0.260s] -- Found ament_cmake: 1.3.11 (/opt/ros/humble/share/ament_cmake/cmake)
[0.328s] -- Found Python3: /usr/bin/python3 (found version "3.10.12") found components: Interpreter 
[0.363s] -- Override CMake install command with custom implementation using symlinks instead of copying resources
[0.388s] [31mCMake Error at CMakeLists.txt:23 (find_package):
[0.388s]   By not providing "Findgazebo.cmake" in CMAKE_MODULE_PATH this project has
[0.388s]   asked CMake to find a package configuration file provided by "gazebo", but
[0.388s]   CMake did not find one.
[0.388s] 
[0.388s]   Could not find a package configuration file provided by "gazebo" with any
[0.388s]   of the following names:
[0.388s] 
[0.388s]     gazeboConfig.cmake
[0.388s]     gazebo-config.cmake
[0.388s] 
[0.388s]   Add the installation prefix of "gazebo" to CMAKE_PREFIX_PATH or set
[0.388s]   "gazebo_DIR" to a directory containing one of the above files.  If "gazebo"
[0.388s]   provides a separate development package or SDK, be sure it has been
[0.388s]   installed.
[0.388s] 
[0.388s] [0m
[0.388s] -- Configuring incomplete, errors occurred!
[0.388s] See also "/home/vamshin24/turtlebot3_ws/build/turtlebot3_gazebo/CMakeFiles/CMakeOutput.log".
[0.391s] Invoked command in '/home/vamshin24/turtlebot3_ws/build/turtlebot3_gazebo' returned '1': CMAKE_PREFIX_PATH=/opt/ros/humble /usr/bin/cmake /home/vamshin24/turtlebot3_ws/src/turtlebot3_simulations/turtlebot3_gazebo -DAMENT_CMAKE_SYMLINK_INSTALL=1 -DCMAKE_INSTALL_PREFIX=/home/vamshin24/turtlebot3_ws/install/turtlebot3_gazebo
