[0.007s] Invoking command in '/home/vamshin24/turtlebot3_ws/build/gazebo_ros': AMENT_PREFIX_PATH=/home/vamshin24/turtlebot3_ws/install/gazebo_msgs:/home/vamshin24/turtlebot3_ws/install/gazebo_dev:${AMENT_PREFIX_PATH} CMAKE_PREFIX_PATH=/home/vamshin24/turtlebot3_ws/install/gazebo_msgs:/home/vamshin24/turtlebot3_ws/install/gazebo_dev:/opt/ros/humble LD_LIBRARY_PATH=/home/vamshin24/turtlebot3_ws/install/gazebo_msgs/lib:${LD_LIBRARY_PATH} PYTHONPATH=/home/vamshin24/turtlebot3_ws/install/gazebo_msgs/local/lib/python3.10/dist-packages:${PYTHONPATH} /usr/bin/cmake --build /home/vamshin24/turtlebot3_ws/build/gazebo_ros -- -j6 -l6
[0.050s] [  3%] Built target gtest_main
[0.052s] [  3%] Built target ament_cmake_python_symlink_scripts
[0.052s] [  6%] Built target gtest
[0.056s] [  9%] Built target mock_robot_state_publisher
[0.064s] [ 12%] Built target mock_gazebo_ros_factory
[0.075s] [ 18%] Built target gazebo_ros_node
[0.075s] [ 21%] Built target gazebo_ros_utils
[0.090s] [ 23%] [34m[1mAutomatic MOC for target gazebo_ros_eol_gui[0m
[0.099s] [ 26%] Built target args_init
[0.101s] [ 29%] Built target gazebo_ros_state
[0.101s] [ 32%] Built target gazebo_ros_force_system
[0.113s] [ 35%] Built target gazebo_ros_properties
[0.114s] [ 35%] Built target gazebo_ros_eol_gui_autogen
[0.122s] [ 39%] Built target create_node_without_init
[0.122s] [ 45%] Built target multiple_nodes
[0.122s] [ 45%] Built target ros_world_plugin
[0.135s] [ 48%] Built target test_conversions
[0.146s] [ 51%] Built target sdf_node
[0.159s] [ 57%] Built target test_gazebo_ros_factory
[0.159s] [ 57%] Built target test_gazebo_ros_joint_effort
[0.161s] [ 60%] Built target test_gazebo_ros_init
[0.164s] [ 64%] Built target test_gazebo_ros_link_wrench
[0.172s] running egg_info
[0.173s] writing scripts.egg-info/PKG-INFO
[0.173s] writing dependency_links to scripts.egg-info/dependency_links.txt
[0.173s] writing top-level names to scripts.egg-info/top_level.txt
[0.174s] [ 67%] Built target test_gazebo_ros_properties
[0.174s] reading manifest file 'scripts.egg-info/SOURCES.txt'
[0.175s] writing manifest file 'scripts.egg-info/SOURCES.txt'
[0.181s] [ 70%] Built target test_plugins
[0.184s] [ 76%] Built target test_node
[0.184s] [ 76%] Built target test_reject_duplicate_nodes
[0.190s] [ 78%] Built target ament_cmake_python_build_scripts_egg
[0.190s] [ 79%] Built target test_qos
[0.192s] [ 82%] Built target test_gazebo_ros_state
[0.198s] [ 85%] Built target test_sim_time
[0.204s] [ 89%] Built target test_utils
[0.212s] [ 92%] Built target gazebo_ros_init
[0.212s] [ 96%] Built target gazebo_ros_eol_gui
[0.214s] [100%] Built target gazebo_ros_factory
[0.218s] Invoked command in '/home/vamshin24/turtlebot3_ws/build/gazebo_ros' returned '0': AMENT_PREFIX_PATH=/home/vamshin24/turtlebot3_ws/install/gazebo_msgs:/home/vamshin24/turtlebot3_ws/install/gazebo_dev:${AMENT_PREFIX_PATH} CMAKE_PREFIX_PATH=/home/vamshin24/turtlebot3_ws/install/gazebo_msgs:/home/vamshin24/turtlebot3_ws/install/gazebo_dev:/opt/ros/humble LD_LIBRARY_PATH=/home/vamshin24/turtlebot3_ws/install/gazebo_msgs/lib:${LD_LIBRARY_PATH} PYTHONPATH=/home/vamshin24/turtlebot3_ws/install/gazebo_msgs/local/lib/python3.10/dist-packages:${PYTHONPATH} /usr/bin/cmake --build /home/vamshin24/turtlebot3_ws/build/gazebo_ros -- -j6 -l6
[0.220s] Invoking command in '/home/vamshin24/turtlebot3_ws/build/gazebo_ros': AMENT_PREFIX_PATH=/home/vamshin24/turtlebot3_ws/install/gazebo_msgs:/home/vamshin24/turtlebot3_ws/install/gazebo_dev:${AMENT_PREFIX_PATH} CMAKE_PREFIX_PATH=/home/vamshin24/turtlebot3_ws/install/gazebo_msgs:/home/vamshin24/turtlebot3_ws/install/gazebo_dev:/opt/ros/humble LD_LIBRARY_PATH=/home/vamshin24/turtlebot3_ws/install/gazebo_msgs/lib:${LD_LIBRARY_PATH} PYTHONPATH=/home/vamshin24/turtlebot3_ws/install/gazebo_msgs/local/lib/python3.10/dist-packages:${PYTHONPATH} /usr/bin/cmake --install /home/vamshin24/turtlebot3_ws/build/gazebo_ros
[0.223s] -- Install configuration: ""
[0.223s] -- Execute custom install script
[0.223s] -- Up-to-date symlink: /home/vamshin24/turtlebot3_ws/install/gazebo_ros/share/gazebo_ros/environment/pythonpath.sh
[0.224s] -- Up-to-date symlink: /home/vamshin24/turtlebot3_ws/install/gazebo_ros/share/gazebo_ros/environment/pythonpath.dsv
[0.224s] -- Up-to-date symlink: /home/vamshin24/turtlebot3_ws/install/gazebo_ros/local/lib/python3.10/dist-packages/scripts-3.9.0-py3.10.egg-info/PKG-INFO
[0.224s] -- Up-to-date symlink: /home/vamshin24/turtlebot3_ws/install/gazebo_ros/local/lib/python3.10/dist-packages/scripts-3.9.0-py3.10.egg-info/SOURCES.txt
[0.224s] -- Up-to-date symlink: /home/vamshin24/turtlebot3_ws/install/gazebo_ros/local/lib/python3.10/dist-packages/scripts-3.9.0-py3.10.egg-info/dependency_links.txt
[0.224s] -- Up-to-date symlink: /home/vamshin24/turtlebot3_ws/install/gazebo_ros/local/lib/python3.10/dist-packages/scripts-3.9.0-py3.10.egg-info/top_level.txt
[0.225s] -- Up-to-date symlink: /home/vamshin24/turtlebot3_ws/install/gazebo_ros/local/lib/python3.10/dist-packages/scripts/__init__.py
[0.225s] -- Up-to-date symlink: /home/vamshin24/turtlebot3_ws/install/gazebo_ros/local/lib/python3.10/dist-packages/scripts/gazebo_ros_paths.py
[0.225s] -- Up-to-date symlink: /home/vamshin24/turtlebot3_ws/install/gazebo_ros/local/lib/python3.10/dist-packages/scripts/spawn_entity.py
[0.225s] -- Up-to-date symlink: /home/vamshin24/turtlebot3_ws/install/gazebo_ros/share/gazebo_ros/environment/library_path.sh
[0.225s] -- Up-to-date symlink: /home/vamshin24/turtlebot3_ws/install/gazebo_ros/share/gazebo_ros/environment/library_path.dsv
[0.226s] -- Up-to-date symlink: /home/vamshin24/turtlebot3_ws/install/gazebo_ros/share/ament_index/resource_index/package_run_dependencies/gazebo_ros
[0.226s] -- Up-to-date symlink: /home/vamshin24/turtlebot3_ws/install/gazebo_ros/share/ament_index/resource_index/parent_prefix_path/gazebo_ros
[0.226s] -- Up-to-date symlink: /home/vamshin24/turtlebot3_ws/install/gazebo_ros/share/gazebo_ros/environment/ament_prefix_path.sh
[0.226s] -- Up-to-date symlink: /home/vamshin24/turtlebot3_ws/install/gazebo_ros/share/gazebo_ros/environment/ament_prefix_path.dsv
[0.226s] -- Up-to-date symlink: /home/vamshin24/turtlebot3_ws/install/gazebo_ros/share/gazebo_ros/environment/path.sh
[0.227s] -- Up-to-date symlink: /home/vamshin24/turtlebot3_ws/install/gazebo_ros/share/gazebo_ros/environment/path.dsv
[0.227s] -- Up-to-date symlink: /home/vamshin24/turtlebot3_ws/install/gazebo_ros/share/gazebo_ros/local_setup.bash
[0.227s] -- Up-to-date symlink: /home/vamshin24/turtlebot3_ws/install/gazebo_ros/share/gazebo_ros/local_setup.sh
[0.227s] -- Up-to-date symlink: /home/vamshin24/turtlebot3_ws/install/gazebo_ros/share/gazebo_ros/local_setup.zsh
[0.227s] -- Up-to-date symlink: /home/vamshin24/turtlebot3_ws/install/gazebo_ros/share/gazebo_ros/local_setup.dsv
[0.227s] -- Symlinking: /home/vamshin24/turtlebot3_ws/install/gazebo_ros/share/gazebo_ros/package.dsv
[0.231s] -- Up-to-date symlink: /home/vamshin24/turtlebot3_ws/install/gazebo_ros/share/ament_index/resource_index/packages/gazebo_ros
[0.231s] -- Up-to-date symlink: /home/vamshin24/turtlebot3_ws/install/gazebo_ros/share/gazebo_ros/cmake/ament_cmake_export_libraries-extras.cmake
[0.231s] -- Up-to-date symlink: /home/vamshin24/turtlebot3_ws/install/gazebo_ros/share/gazebo_ros/cmake/ament_cmake_export_include_directories-extras.cmake
[0.231s] -- Up-to-date symlink: /home/vamshin24/turtlebot3_ws/install/gazebo_ros/share/gazebo_ros/cmake/ament_cmake_export_dependencies-extras.cmake
[0.231s] -- Up-to-date symlink: /home/vamshin24/turtlebot3_ws/install/gazebo_ros/share/gazebo_ros/cmake/gazebo_rosConfig.cmake
[0.232s] -- Up-to-date symlink: /home/vamshin24/turtlebot3_ws/install/gazebo_ros/share/gazebo_ros/cmake/gazebo_rosConfig-version.cmake
[0.232s] -- Up-to-date symlink: /home/vamshin24/turtlebot3_ws/install/gazebo_ros/share/gazebo_ros/package.xml
[0.232s] -- Up-to-date symlink: /home/vamshin24/turtlebot3_ws/install/gazebo_ros/include/gazebo_ros/conversions/builtin_interfaces.hpp
[0.232s] -- Up-to-date symlink: /home/vamshin24/turtlebot3_ws/install/gazebo_ros/include/gazebo_ros/conversions/gazebo_msgs.hpp
[0.232s] -- Up-to-date symlink: /home/vamshin24/turtlebot3_ws/install/gazebo_ros/include/gazebo_ros/conversions/generic.hpp
[0.232s] -- Up-to-date symlink: /home/vamshin24/turtlebot3_ws/install/gazebo_ros/include/gazebo_ros/conversions/geometry_msgs.hpp
[0.232s] -- Up-to-date symlink: /home/vamshin24/turtlebot3_ws/install/gazebo_ros/include/gazebo_ros/conversions/sensor_msgs.hpp
[0.233s] -- Up-to-date symlink: /home/vamshin24/turtlebot3_ws/install/gazebo_ros/include/gazebo_ros/executor.hpp
[0.233s] -- Up-to-date symlink: /home/vamshin24/turtlebot3_ws/install/gazebo_ros/include/gazebo_ros/gazebo_ros_factory.hpp
[0.233s] -- Up-to-date symlink: /home/vamshin24/turtlebot3_ws/install/gazebo_ros/include/gazebo_ros/gazebo_ros_force_system.hpp
[0.233s] -- Up-to-date symlink: /home/vamshin24/turtlebot3_ws/install/gazebo_ros/include/gazebo_ros/gazebo_ros_init.hpp
[0.233s] -- Up-to-date symlink: /home/vamshin24/turtlebot3_ws/install/gazebo_ros/include/gazebo_ros/gazebo_ros_properties.hpp
[0.233s] -- Up-to-date symlink: /home/vamshin24/turtlebot3_ws/install/gazebo_ros/include/gazebo_ros/gazebo_ros_state.hpp
[0.233s] -- Up-to-date symlink: /home/vamshin24/turtlebot3_ws/install/gazebo_ros/include/gazebo_ros/node.hpp
[0.233s] -- Up-to-date symlink: /home/vamshin24/turtlebot3_ws/install/gazebo_ros/include/gazebo_ros/node_visibility_control.h
[0.234s] -- Up-to-date symlink: /home/vamshin24/turtlebot3_ws/install/gazebo_ros/include/gazebo_ros/qos.hpp
[0.234s] -- Up-to-date symlink: /home/vamshin24/turtlebot3_ws/install/gazebo_ros/include/gazebo_ros/testing_utils.hpp
[0.234s] -- Up-to-date symlink: /home/vamshin24/turtlebot3_ws/install/gazebo_ros/include/gazebo_ros/utils.hpp
[0.234s] -- Up-to-date symlink: /home/vamshin24/turtlebot3_ws/install/gazebo_ros/include/gazebo_ros/utils_visibility_control.h
[0.234s] -- Up-to-date symlink: /home/vamshin24/turtlebot3_ws/install/gazebo_ros/lib/gazebo_ros//gazebo_ros_paths.py
[0.235s] -- Up-to-date symlink: /home/vamshin24/turtlebot3_ws/install/gazebo_ros/lib/libgazebo_ros_factory.so
[0.235s] -- Up-to-date symlink: /home/vamshin24/turtlebot3_ws/install/gazebo_ros/lib/libgazebo_ros_force_system.so
[0.235s] -- Up-to-date symlink: /home/vamshin24/turtlebot3_ws/install/gazebo_ros/lib/libgazebo_ros_init.so
[0.235s] -- Up-to-date symlink: /home/vamshin24/turtlebot3_ws/install/gazebo_ros/lib/libgazebo_ros_node.so
[0.235s] -- Up-to-date symlink: /home/vamshin24/turtlebot3_ws/install/gazebo_ros/lib/libgazebo_ros_properties.so
[0.235s] -- Up-to-date symlink: /home/vamshin24/turtlebot3_ws/install/gazebo_ros/lib/libgazebo_ros_state.so
[0.235s] -- Up-to-date symlink: /home/vamshin24/turtlebot3_ws/install/gazebo_ros/lib/libgazebo_ros_utils.so
[0.235s] -- Up-to-date symlink: /home/vamshin24/turtlebot3_ws/install/gazebo_ros/lib/libgazebo_ros_eol_gui.so
[0.236s] -- Up-to-date symlink: /home/vamshin24/turtlebot3_ws/install/gazebo_ros/lib/gazebo_ros//spawn_entity.py
[0.236s] -- Up-to-date symlink: /home/vamshin24/turtlebot3_ws/install/gazebo_ros/share/gazebo_ros//launch/gazebo.launch.py
[0.236s] -- Up-to-date symlink: /home/vamshin24/turtlebot3_ws/install/gazebo_ros/share/gazebo_ros//launch/gzclient.launch.py
[0.236s] -- Up-to-date symlink: /home/vamshin24/turtlebot3_ws/install/gazebo_ros/share/gazebo_ros//launch/gzserver.launch.py
[0.236s] -- Up-to-date symlink: /home/vamshin24/turtlebot3_ws/install/gazebo_ros/share/gazebo_ros//launch/spawn_entity_demo.launch.py
[0.237s] -- Up-to-date symlink: /home/vamshin24/turtlebot3_ws/install/gazebo_ros/share/gazebo_ros//worlds/empty.world
[0.237s] -- Up-to-date symlink: /home/vamshin24/turtlebot3_ws/install/gazebo_ros/share/gazebo_ros//worlds/gazebo_ros_force_system_demo.world
[0.237s] -- Up-to-date symlink: /home/vamshin24/turtlebot3_ws/install/gazebo_ros/share/gazebo_ros//worlds/gazebo_ros_properties_demo.world
[0.237s] -- Up-to-date symlink: /home/vamshin24/turtlebot3_ws/install/gazebo_ros/share/gazebo_ros//worlds/gazebo_ros_state_demo.world
[0.252s] Listing '/home/vamshin24/turtlebot3_ws/install/gazebo_ros/local/lib/python3.10/dist-packages/scripts'...
[0.256s] Invoked command in '/home/vamshin24/turtlebot3_ws/build/gazebo_ros' returned '0': AMENT_PREFIX_PATH=/home/vamshin24/turtlebot3_ws/install/gazebo_msgs:/home/vamshin24/turtlebot3_ws/install/gazebo_dev:${AMENT_PREFIX_PATH} CMAKE_PREFIX_PATH=/home/vamshin24/turtlebot3_ws/install/gazebo_msgs:/home/vamshin24/turtlebot3_ws/install/gazebo_dev:/opt/ros/humble LD_LIBRARY_PATH=/home/vamshin24/turtlebot3_ws/install/gazebo_msgs/lib:${LD_LIBRARY_PATH} PYTHONPATH=/home/vamshin24/turtlebot3_ws/install/gazebo_msgs/local/lib/python3.10/dist-packages:${PYTHONPATH} /usr/bin/cmake --install /home/vamshin24/turtlebot3_ws/build/gazebo_ros
