[0.004s] Invoking command in '/home/vamshin24/turtlebot3_ws/build/gazebo_ros': AMENT_PREFIX_PATH=/home/vamshin24/turtlebot3_ws/install/gazebo_msgs:/home/vamshin24/turtlebot3_ws/install/gazebo_dev:${AMENT_PREFIX_PATH} CMAKE_PREFIX_PATH=/home/vamshin24/turtlebot3_ws/install/gazebo_msgs:/home/vamshin24/turtlebot3_ws/install/gazebo_dev:/opt/ros/humble LD_LIBRARY_PATH=/home/vamshin24/turtlebot3_ws/install/gazebo_msgs/lib:${LD_LIBRARY_PATH} PYTHONPATH=/home/vamshin24/turtlebot3_ws/install/gazebo_msgs/local/lib/python3.10/dist-packages:${PYTHONPATH} /usr/bin/cmake /home/vamshin24/turtlebot3_ws/src/gazebo_ros_pkgs/gazebo_ros -DAMENT_CMAKE_SYMLINK_INSTALL=1 -DCMAKE_INSTALL_PREFIX=/home/vamshin24/turtlebot3_ws/install/gazebo_ros
[0.027s] -- The C compiler identification is GNU 11.4.0
[0.052s] -- The CXX compiler identification is GNU 11.4.0
[0.055s] -- Detecting C compiler ABI info
[0.086s] -- Detecting C compiler ABI info - done
[0.089s] -- Check for working C compiler: /usr/bin/cc - skipped
[0.089s] -- Detecting C compile features
[0.090s] -- Detecting C compile features - done
[0.091s] -- Detecting CXX compiler ABI info
[0.125s] -- Detecting CXX compiler ABI info - done
[0.128s] -- Check for working CXX compiler: /usr/bin/c++ - skipped
[0.128s] -- Detecting CXX compile features
[0.129s] -- Detecting CXX compile features - done
[0.130s] -- Found ament_cmake: 1.3.11 (/opt/ros/humble/share/ament_cmake/cmake)
[0.195s] -- Found Python3: /usr/bin/python3 (found version "3.10.12") found components: Interpreter 
[0.223s] -- Override CMake install command with custom implementation using symlinks instead of copying resources
[0.236s] -- Found builtin_interfaces: 1.2.1 (/opt/ros/humble/share/builtin_interfaces/cmake)
[0.252s] -- Found rosidl_generator_c: 3.1.6 (/opt/ros/humble/share/rosidl_generator_c/cmake)
[0.254s] -- Found rosidl_adapter: 3.1.6 (/opt/ros/humble/share/rosidl_adapter/cmake)
[0.258s] -- Found rosidl_generator_cpp: 3.1.6 (/opt/ros/humble/share/rosidl_generator_cpp/cmake)
[0.264s] -- Using all available rosidl_typesupport_c: rosidl_typesupport_fastrtps_c;rosidl_typesupport_introspection_c
[0.271s] -- Using all available rosidl_typesupport_cpp: rosidl_typesupport_fastrtps_cpp;rosidl_typesupport_introspection_cpp
[0.277s] -- Found gazebo_dev: 3.9.0 (/home/vamshin24/turtlebot3_ws/install/gazebo_dev/share/gazebo_dev/cmake)
[0.280s] -- Found PkgConfig: /usr/bin/pkg-config (found version "0.29.2") 
[0.281s] -- Checking for module 'bullet>=2.82'
[0.284s] --   Found bullet, version 3.05
[0.370s] -- Found Boost: /usr/lib/aarch64-linux-gnu/cmake/Boost-1.74.0/BoostConfig.cmake (found suitable version "1.74.0", minimum required is "1.40.0") found components: thread system filesystem program_options regex iostreams date_time 
[0.377s] -- Found Protobuf: /usr/lib/aarch64-linux-gnu/libprotobuf.so (found version "3.12.4") 
[0.380s] -- Looking for ignition-math6 -- found version 6.15.1
[0.383s] -- Searching for dependencies of ignition-math6
[0.384s] -- Looking for OGRE...
[0.384s] -- OGRE_PREFIX_WATCH changed.
[0.386s] -- Checking for module 'OGRE'
[0.390s] --   Found OGRE, version 1.9.0
[0.399s] -- Found Ogre Ghadamon (1.9.0)
[0.404s] -- Found OGRE: optimized;/usr/lib/aarch64-linux-gnu/libOgreMain.so;debug;/usr/lib/aarch64-linux-gnu/libOgreMain.so
[0.409s] -- Looking for OGRE_Paging...
[0.411s] -- Found OGRE_Paging: optimized;/usr/lib/aarch64-linux-gnu/libOgrePaging.so;debug;/usr/lib/aarch64-linux-gnu/libOgrePaging.so
[0.411s] -- Looking for OGRE_Terrain...
[0.414s] -- Found OGRE_Terrain: optimized;/usr/lib/aarch64-linux-gnu/libOgreTerrain.so;debug;/usr/lib/aarch64-linux-gnu/libOgreTerrain.so
[0.414s] -- Looking for OGRE_Property...
[0.416s] -- Found OGRE_Property: optimized;/usr/lib/aarch64-linux-gnu/libOgreProperty.so;debug;/usr/lib/aarch64-linux-gnu/libOgreProperty.so
[0.416s] -- Looking for OGRE_RTShaderSystem...
[0.419s] -- Found OGRE_RTShaderSystem: optimized;/usr/lib/aarch64-linux-gnu/libOgreRTShaderSystem.so;debug;/usr/lib/aarch64-linux-gnu/libOgreRTShaderSystem.so
[0.419s] -- Looking for OGRE_Volume...
[0.421s] -- Found OGRE_Volume: optimized;/usr/lib/aarch64-linux-gnu/libOgreVolume.so;debug;/usr/lib/aarch64-linux-gnu/libOgreVolume.so
[0.421s] -- Looking for OGRE_Overlay...
[0.424s] -- Found OGRE_Overlay: optimized;/usr/lib/aarch64-linux-gnu/libOgreOverlay.so;debug;/usr/lib/aarch64-linux-gnu/libOgreOverlay.so
[0.478s] -- Looking for ignition-math6 -- found version 6.15.1
[0.479s] -- Looking for ignition-transport8 -- found version 8.2.1
[0.479s] -- Searching for dependencies of ignition-transport8
[0.489s] -- Found Protobuf: /usr/lib/aarch64-linux-gnu/libprotobuf.so (found suitable version "3.12.4", minimum required is "3") 
[0.495s] -- Config-file not installed for ZeroMQ -- checking for pkg-config
[0.497s] -- Checking for module 'libzmq >= 4'
[0.501s] --   Found libzmq , version 4.3.4
[0.513s] -- Found ZeroMQ: TRUE (Required is at least version "4") 
[0.515s] -- Checking for module 'uuid'
[0.519s] --   Found uuid, version 2.37.2
[0.529s] -- Found UUID: TRUE  
[0.531s] -- Looking for ignition-msgs5 -- found version 5.8.1
[0.531s] -- Searching for dependencies of ignition-msgs5
[0.541s] -- Looking for ignition-math6 -- found version 6.15.1
[0.543s] -- Checking for module 'tinyxml2'
[0.547s] --   Found tinyxml2, version 9.0.0
[0.557s] -- Looking for ignition-msgs5 -- found version 5.8.1
[0.558s] -- Looking for ignition-common3 -- found version 3.14.0
[0.559s] -- Searching for dependencies of ignition-common3
[0.559s] -- Looking for dlfcn.h - found
[0.559s] -- Looking for libdl - found
[0.560s] -- Found DL: TRUE  
[0.565s] -- Found tinyobjloader: /usr/lib/aarch64-linux-gnu/cmake/tinyobjloader/tinyobjloader-config.cmake (found version "2.0.0") 
[0.565s] -- Searching for <ignition-common3> component [graphics]
[0.566s] -- Looking for ignition-common3-graphics -- found version 3.14.0
[0.566s] -- Searching for dependencies of ignition-common3-graphics
[0.566s] -- Looking for ignition-math6 -- found version 6.15.1
[0.568s] -- Looking for ignition-fuel_tools4 -- found version 4.4.0
[0.568s] -- Searching for dependencies of ignition-fuel_tools4
[0.595s] -- Found CURL: /usr/lib/aarch64-linux-gnu/libcurl.so (found version "7.81.0")  
[0.599s] -- Checking for module 'jsoncpp'
[0.603s] --   Found jsoncpp, version 1.9.5
[0.614s] -- Found JSONCPP: TRUE  
[0.616s] -- Checking for module 'libzip'
[0.620s] --   Found libzip, version 1.7.3
[0.630s] -- Found ZIP: TRUE  
[0.630s] -- Looking for ignition-common3 -- found version 3.14.0
[0.631s] -- Looking for ignition-math6 -- found version 6.15.1
[0.631s] -- Looking for ignition-msgs5 -- found version 5.8.1
[0.633s] -- Gazebo version: 11.15
[0.633s] -- Checking for module 'tbb'
[0.639s] --   Found tbb, version 2021.5.0
[0.648s] -- Found gazebo_msgs: 3.9.0 (/home/vamshin24/turtlebot3_ws/install/gazebo_msgs/share/gazebo_msgs/cmake)
[0.683s] -- Found rcl: 5.3.9 (/opt/ros/humble/share/rcl/cmake)
[0.702s] -- Found rmw_implementation_cmake: 6.1.2 (/opt/ros/humble/share/rmw_implementation_cmake/cmake)
[0.705s] -- Found rmw_fastrtps_cpp: 6.2.7 (/opt/ros/humble/share/rmw_fastrtps_cpp/cmake)
[0.748s] -- Found OpenSSL: /usr/lib/aarch64-linux-gnu/libcrypto.so (found version "3.0.2")  
[0.762s] -- Found FastRTPS: /opt/ros/humble/include  
[0.784s] -- Using RMW implementation 'rmw_fastrtps_cpp' as default
[0.792s] -- Found Threads: TRUE  
[0.796s] -- Found rclcpp: 16.0.12 (/opt/ros/humble/share/rclcpp/cmake)
[0.824s] -- Found std_srvs: 4.8.0 (/opt/ros/humble/share/std_srvs/cmake)
[0.831s] -- Found tinyxml_vendor: 0.8.3 (/opt/ros/humble/share/tinyxml_vendor/cmake)
[0.892s] -- Found ament_cmake_gtest: 1.3.11 (/opt/ros/humble/share/ament_cmake_gtest/cmake)
[0.896s] -- Found launch_testing_ament_cmake: 1.0.8 (/opt/ros/humble/share/launch_testing_ament_cmake/cmake)
[0.897s] -- Found python_cmake_module: 0.10.0 (/opt/ros/humble/share/python_cmake_module/cmake)
[0.907s] -- Found PythonInterp: /usr/bin/python3 (found suitable version "3.10.12", minimum required is "3.6") 
[0.909s] -- Found PythonLibs: /usr/lib/aarch64-linux-gnu/libpython3.10.so (found suitable version "3.10.12", minimum required is "3.5") 
[0.909s] -- Using PYTHON_EXECUTABLE: /usr/bin/python3
[0.909s] -- Using PYTHON_INCLUDE_DIRS: /usr/include/python3.10
[0.909s] -- Using PYTHON_LIBRARIES: /usr/lib/aarch64-linux-gnu/libpython3.10.so
[0.919s] -- Found PythonExtra: .so  
[0.921s] -- Found sensor_msgs: 4.8.0 (/opt/ros/humble/share/sensor_msgs/cmake)
[0.940s] -- Found gtest sources under '/opt/ros/humble/src/gtest_vendor': C++ tests using 'Google Test' will be built
[0.984s] -- Found ament_lint_auto: 0.12.12 (/opt/ros/humble/share/ament_lint_auto/cmake)
[1.023s] -- Found python_cmake_module: 0.10.0 (/opt/ros/humble/share/python_cmake_module/cmake)
[1.034s] -- Using PYTHON_EXECUTABLE: /usr/bin/python3
[1.034s] -- Using PYTHON_INCLUDE_DIRS: /usr/include/python3.10
[1.034s] -- Using PYTHON_LIBRARIES: /usr/lib/aarch64-linux-gnu/libpython3.10.so
[1.052s] -- Added test 'copyright' to check source files copyright and LICENSE
[1.054s] -- Added test 'cppcheck' to perform static code analysis on C / C++ code
[1.054s] -- Configured cppcheck include dirs: $<BUILD_INTERFACE:/home/vamshin24/turtlebot3_ws/src/gazebo_ros_pkgs/gazebo_ros/include>
[1.054s] -- Configured cppcheck exclude dirs and/or files: 
[1.055s] -- Added test 'flake8' to check Python code syntax and style conventions
[1.055s] -- Added test 'lint_cmake' to check CMake code style
[1.056s] -- Added test 'pep257' to check Python code against some of the docstring style conventions in PEP 257
[1.057s] -- Added test 'uncrustify' to check C / C++ code style
[1.057s] -- Configured uncrustify additional arguments: 
[1.058s] -- Added test 'xmllint' to check XML markup files
[1.059s] -- Configuring done
[1.188s] -- Generating done
[1.214s] -- Build files have been written to: /home/vamshin24/turtlebot3_ws/build/gazebo_ros
[1.222s] Invoked command in '/home/vamshin24/turtlebot3_ws/build/gazebo_ros' returned '0': AMENT_PREFIX_PATH=/home/vamshin24/turtlebot3_ws/install/gazebo_msgs:/home/vamshin24/turtlebot3_ws/install/gazebo_dev:${AMENT_PREFIX_PATH} CMAKE_PREFIX_PATH=/home/vamshin24/turtlebot3_ws/install/gazebo_msgs:/home/vamshin24/turtlebot3_ws/install/gazebo_dev:/opt/ros/humble LD_LIBRARY_PATH=/home/vamshin24/turtlebot3_ws/install/gazebo_msgs/lib:${LD_LIBRARY_PATH} PYTHONPATH=/home/vamshin24/turtlebot3_ws/install/gazebo_msgs/local/lib/python3.10/dist-packages:${PYTHONPATH} /usr/bin/cmake /home/vamshin24/turtlebot3_ws/src/gazebo_ros_pkgs/gazebo_ros -DAMENT_CMAKE_SYMLINK_INSTALL=1 -DCMAKE_INSTALL_PREFIX=/home/vamshin24/turtlebot3_ws/install/gazebo_ros
[1.224s] Invoking command in '/home/vamshin24/turtlebot3_ws/build/gazebo_ros': AMENT_PREFIX_PATH=/home/vamshin24/turtlebot3_ws/install/gazebo_msgs:/home/vamshin24/turtlebot3_ws/install/gazebo_dev:${AMENT_PREFIX_PATH} CMAKE_PREFIX_PATH=/home/vamshin24/turtlebot3_ws/install/gazebo_msgs:/home/vamshin24/turtlebot3_ws/install/gazebo_dev:/opt/ros/humble LD_LIBRARY_PATH=/home/vamshin24/turtlebot3_ws/install/gazebo_msgs/lib:${LD_LIBRARY_PATH} PYTHONPATH=/home/vamshin24/turtlebot3_ws/install/gazebo_msgs/local/lib/python3.10/dist-packages:${PYTHONPATH} /usr/bin/cmake --build /home/vamshin24/turtlebot3_ws/build/gazebo_ros -- -j4 -l4
[1.245s] [  1%] [32mBuilding CXX object gtest/CMakeFiles/gtest_main.dir/src/gtest_main.cc.o[0m
[1.245s] [  3%] [32mBuilding CXX object CMakeFiles/gazebo_ros_node.dir/src/executor.cpp.o[0m
[1.245s] [  4%] [32mBuilding CXX object CMakeFiles/gazebo_ros_utils.dir/src/utils.cpp.o[0m
[1.247s] [  4%] Built target ament_cmake_python_symlink_scripts
[1.256s] [  6%] [32mBuilding CXX object gtest/CMakeFiles/gtest.dir/src/gtest-all.cc.o[0m
[1.615s] [  7%] [32m[1mLinking CXX static library libgtest_main.a[0m
[1.640s] [  7%] Built target gtest_main
[1.653s] [  9%] [32mBuilding CXX object test/CMakeFiles/mock_robot_state_publisher.dir/mock_robot_state_publisher/robot_state_publisher.cpp.o[0m
[3.112s] [ 10%] [32m[1mLinking CXX static library libgtest.a[0m
[3.158s] [ 10%] Built target gtest
[3.167s] [ 12%] [32mBuilding CXX object test/CMakeFiles/mock_gazebo_ros_factory.dir/mock_gazebo_ros_factory/gazebo_ros_factory.cpp.o[0m
[4.464s] [ 14%] [32m[1mLinking CXX executable mock_robot_state_publisher[0m
[4.594s] [ 14%] Built target mock_robot_state_publisher
[4.601s] [ 15%] [32mBuilding CXX object CMakeFiles/gazebo_ros_node.dir/src/node.cpp.o[0m
[5.225s] [ 17%] [32m[1mLinking CXX executable mock_gazebo_ros_factory[0m
[5.336s] [ 17%] Built target mock_gazebo_ros_factory
[5.573s] running egg_info
[5.573s] creating scripts.egg-info
[5.574s] writing scripts.egg-info/PKG-INFO
[5.574s] writing dependency_links to scripts.egg-info/dependency_links.txt
[5.574s] writing top-level names to scripts.egg-info/top_level.txt
[5.574s] writing manifest file 'scripts.egg-info/SOURCES.txt'
[5.575s] reading manifest file 'scripts.egg-info/SOURCES.txt'
[5.575s] writing manifest file 'scripts.egg-info/SOURCES.txt'
[5.592s] [ 17%] Built target ament_cmake_python_build_scripts_egg
[5.596s] [ 18%] [32mBuilding CXX object CMakeFiles/gazebo_ros_node.dir/src/qos.cpp.o[0m
[6.444s] [ 20%] [32m[1mLinking CXX shared library libgazebo_ros_utils.so[0m
[6.607s] [ 20%] Built target gazebo_ros_utils
[6.618s] [ 21%] [34m[1mAutomatic MOC for target gazebo_ros_eol_gui[0m
[7.683s] [ 21%] Built target gazebo_ros_eol_gui_autogen
[7.692s] [ 25%] [32mBuilding CXX object CMakeFiles/gazebo_ros_eol_gui.dir/src/gazebo_ros_eol_gui.cpp.o[0m
[7.692s] [ 25%] [32mBuilding CXX object CMakeFiles/gazebo_ros_eol_gui.dir/gazebo_ros_eol_gui_autogen/mocs_compilation.cpp.o[0m
[8.214s] [ 26%] [32m[1mLinking CXX shared library libgazebo_ros_node.so[0m
[8.413s] [ 26%] Built target gazebo_ros_node
[8.422s] [ 29%] [32mBuilding CXX object CMakeFiles/gazebo_ros_init.dir/src/gazebo_ros_init.cpp.o[0m
[8.422s] [ 29%] [32mBuilding CXX object CMakeFiles/gazebo_ros_properties.dir/src/gazebo_ros_properties.cpp.o[0m
[8.422s] [ 31%] [32mBuilding CXX object CMakeFiles/gazebo_ros_factory.dir/src/gazebo_ros_factory.cpp.o[0m
[24.761s] [ 32%] [32m[1mLinking CXX shared library libgazebo_ros_init.so[0m
[25.301s] [ 32%] Built target gazebo_ros_init
[35.628s] [ 34%] [32m[1mLinking CXX shared library libgazebo_ros_eol_gui.so[0m
[36.435s] [ 35%] [32m[1mLinking CXX shared library libgazebo_ros_factory.so[0m
[36.564s] [ 35%] Built target gazebo_ros_eol_gui
[36.845s] [ 35%] Built target gazebo_ros_factory
[36.903s] [ 37%] [32m[1mLinking CXX shared library libgazebo_ros_properties.so[0m
[37.264s] [ 37%] Built target gazebo_ros_properties
[37.281s] [ 39%] [32mBuilding CXX object test/CMakeFiles/args_init.dir/plugins/args_init.cpp.o[0m
[41.700s] [ 40%] [32m[1mLinking CXX shared library libargs_init.so[0m
[41.851s] [ 40%] Built target args_init
[41.860s] [ 42%] [32mBuilding CXX object test/CMakeFiles/create_node_without_init.dir/plugins/create_node_without_init.cpp.o[0m
[45.548s] [ 43%] [32m[1mLinking CXX shared library libcreate_node_without_init.so[0m
[45.700s] [ 43%] Built target create_node_without_init
[45.709s] [ 45%] [32mBuilding CXX object test/CMakeFiles/multiple_nodes.dir/plugins/multiple_nodes.cpp.o[0m
[49.273s] [ 46%] [32m[1mLinking CXX shared library libmultiple_nodes.so[0m
[49.425s] [ 46%] Built target multiple_nodes
[49.436s] [ 48%] [32mBuilding CXX object test/CMakeFiles/ros_world_plugin.dir/plugins/ros_world_plugin.cpp.o[0m
[53.036s] [ 50%] [32m[1mLinking CXX shared library libros_world_plugin.so[0m
[53.187s] [ 50%] Built target ros_world_plugin
[53.198s] [ 51%] [32mBuilding CXX object test/CMakeFiles/sdf_node.dir/plugins/sdf_node.cpp.o[0m
[56.868s] [ 53%] [32m[1mLinking CXX shared library libsdf_node.so[0m
[57.023s] [ 53%] Built target sdf_node
[57.032s] [ 54%] [32mBuilding CXX object test/CMakeFiles/test_conversions.dir/test_conversions.cpp.o[0m
[58.424s] [ 56%] [32m[1mLinking CXX executable test_conversions[0m
[59.107s] [ 56%] Built target test_conversions
[59.117s] [ 57%] [32mBuilding CXX object test/CMakeFiles/test_gazebo_ros_factory.dir/test_gazebo_ros_factory.cpp.o[0m
[70.539s] [ 59%] [32m[1mLinking CXX executable test_gazebo_ros_factory[0m
[71.174s] [ 59%] Built target test_gazebo_ros_factory
[71.183s] [ 60%] [32mBuilding CXX object test/CMakeFiles/test_gazebo_ros_init.dir/test_gazebo_ros_init.cpp.o[0m
[76.196s] [ 62%] [32mBuilding CXX object test/CMakeFiles/test_gazebo_ros_joint_effort.dir/test_gazebo_ros_joint_effort.cpp.o[0m
[77.204s] [ 64%] [32mBuilding CXX object CMakeFiles/gazebo_ros_force_system.dir/src/gazebo_ros_force_system.cpp.o[0m
[78.226s] [ 65%] [32mBuilding CXX object CMakeFiles/gazebo_ros_state.dir/src/gazebo_ros_state.cpp.o[0m
[95.462s] [ 67%] [32m[1mLinking CXX shared library libgazebo_ros_state.so[0m
[96.185s] [ 67%] Built target gazebo_ros_state
[99.542s] [ 68%] [32m[1mLinking CXX shared library libgazebo_ros_force_system.so[0m
[99.834s] [ 68%] Built target gazebo_ros_force_system
[109.134s] [ 70%] [32m[1mLinking CXX executable test_gazebo_ros_joint_effort[0m
[110.164s] [ 70%] Built target test_gazebo_ros_joint_effort
[116.435s] [ 71%] [32m[1mLinking CXX executable test_gazebo_ros_init[0m
[117.026s] [ 71%] Built target test_gazebo_ros_init
[117.042s] [ 73%] [32mBuilding CXX object test/CMakeFiles/test_gazebo_ros_state.dir/test_gazebo_ros_state.cpp.o[0m
[132.117s] [ 75%] [32m[1mLinking CXX executable test_gazebo_ros_state[0m
[133.029s] [ 75%] Built target test_gazebo_ros_state
[133.038s] [ 76%] [32mBuilding CXX object test/CMakeFiles/test_node.dir/test_node.cpp.o[0m
[136.325s] [ 78%] [32m[1mLinking CXX executable test_node[0m
[136.695s] [ 78%] Built target test_node
[136.705s] [ 79%] [32mBuilding CXX object test/CMakeFiles/test_reject_duplicate_nodes.dir/test_reject_duplicate_nodes.cpp.o[0m
[139.830s] [ 81%] [32m[1mLinking CXX executable test_reject_duplicate_nodes[0m
[140.197s] [ 81%] Built target test_reject_duplicate_nodes
[140.206s] [ 82%] [32mBuilding CXX object test/CMakeFiles/test_plugins.dir/test_plugins.cpp.o[0m
[143.988s] [ 84%] [32m[1mLinking CXX executable test_plugins[0m
[144.286s] [ 84%] Built target test_plugins
[144.295s] [ 85%] [32mBuilding CXX object test/CMakeFiles/test_qos.dir/test_qos.cpp.o[0m
[145.762s] [ 87%] [32m[1mLinking CXX executable test_qos[0m
[146.125s] [ 87%] Built target test_qos
[146.133s] [ 89%] [32mBuilding CXX object test/CMakeFiles/test_sim_time.dir/test_sim_time.cpp.o[0m
[149.874s] [ 90%] [32m[1mLinking CXX executable test_sim_time[0m
[150.181s] [ 90%] Built target test_sim_time
[150.191s] [ 92%] [32mBuilding CXX object test/CMakeFiles/test_utils.dir/test_utils.cpp.o[0m
[154.760s] [ 93%] [32m[1mLinking CXX executable test_utils[0m
[155.216s] [ 93%] Built target test_utils
[155.227s] [ 95%] [32mBuilding CXX object test/CMakeFiles/test_gazebo_ros_properties.dir/test_gazebo_ros_properties.cpp.o[0m
[167.662s] [ 96%] [32m[1mLinking CXX executable test_gazebo_ros_properties[0m
[168.378s] [ 96%] Built target test_gazebo_ros_properties
[168.388s] [ 98%] [32mBuilding CXX object test/CMakeFiles/test_gazebo_ros_link_wrench.dir/test_gazebo_ros_link_wrench.cpp.o[0m
[180.396s] [100%] [32m[1mLinking CXX executable test_gazebo_ros_link_wrench[0m
[181.002s] [100%] Built target test_gazebo_ros_link_wrench
[181.072s] Invoked command in '/home/vamshin24/turtlebot3_ws/build/gazebo_ros' returned '0': AMENT_PREFIX_PATH=/home/vamshin24/turtlebot3_ws/install/gazebo_msgs:/home/vamshin24/turtlebot3_ws/install/gazebo_dev:${AMENT_PREFIX_PATH} CMAKE_PREFIX_PATH=/home/vamshin24/turtlebot3_ws/install/gazebo_msgs:/home/vamshin24/turtlebot3_ws/install/gazebo_dev:/opt/ros/humble LD_LIBRARY_PATH=/home/vamshin24/turtlebot3_ws/install/gazebo_msgs/lib:${LD_LIBRARY_PATH} PYTHONPATH=/home/vamshin24/turtlebot3_ws/install/gazebo_msgs/local/lib/python3.10/dist-packages:${PYTHONPATH} /usr/bin/cmake --build /home/vamshin24/turtlebot3_ws/build/gazebo_ros -- -j4 -l4
[181.128s] Invoking command in '/home/vamshin24/turtlebot3_ws/build/gazebo_ros': AMENT_PREFIX_PATH=/home/vamshin24/turtlebot3_ws/install/gazebo_msgs:/home/vamshin24/turtlebot3_ws/install/gazebo_dev:${AMENT_PREFIX_PATH} CMAKE_PREFIX_PATH=/home/vamshin24/turtlebot3_ws/install/gazebo_msgs:/home/vamshin24/turtlebot3_ws/install/gazebo_dev:/opt/ros/humble LD_LIBRARY_PATH=/home/vamshin24/turtlebot3_ws/install/gazebo_msgs/lib:${LD_LIBRARY_PATH} PYTHONPATH=/home/vamshin24/turtlebot3_ws/install/gazebo_msgs/local/lib/python3.10/dist-packages:${PYTHONPATH} /usr/bin/cmake --install /home/vamshin24/turtlebot3_ws/build/gazebo_ros
[181.128s] -- Install configuration: ""
[181.128s] -- Execute custom install script
[181.129s] -- Symlinking: /home/vamshin24/turtlebot3_ws/install/gazebo_ros/share/gazebo_ros/environment/pythonpath.sh
[181.129s] -- Symlinking: /home/vamshin24/turtlebot3_ws/install/gazebo_ros/share/gazebo_ros/environment/pythonpath.dsv
[181.129s] -- Symlinking: /home/vamshin24/turtlebot3_ws/install/gazebo_ros/local/lib/python3.10/dist-packages/scripts-3.9.0-py3.10.egg-info/PKG-INFO
[181.129s] -- Symlinking: /home/vamshin24/turtlebot3_ws/install/gazebo_ros/local/lib/python3.10/dist-packages/scripts-3.9.0-py3.10.egg-info/SOURCES.txt
[181.129s] -- Symlinking: /home/vamshin24/turtlebot3_ws/install/gazebo_ros/local/lib/python3.10/dist-packages/scripts-3.9.0-py3.10.egg-info/dependency_links.txt
[181.132s] -- Symlinking: /home/vamshin24/turtlebot3_ws/install/gazebo_ros/local/lib/python3.10/dist-packages/scripts-3.9.0-py3.10.egg-info/top_level.txt
[181.136s] -- Symlinking: /home/vamshin24/turtlebot3_ws/install/gazebo_ros/local/lib/python3.10/dist-packages/scripts/__init__.py
[181.138s] -- Symlinking: /home/vamshin24/turtlebot3_ws/install/gazebo_ros/local/lib/python3.10/dist-packages/scripts/gazebo_ros_paths.py
[181.141s] -- Symlinking: /home/vamshin24/turtlebot3_ws/install/gazebo_ros/local/lib/python3.10/dist-packages/scripts/spawn_entity.py
[181.145s] -- Symlinking: /home/vamshin24/turtlebot3_ws/install/gazebo_ros/share/gazebo_ros/environment/library_path.sh
[181.148s] -- Symlinking: /home/vamshin24/turtlebot3_ws/install/gazebo_ros/share/gazebo_ros/environment/library_path.dsv
[181.152s] -- Symlinking: /home/vamshin24/turtlebot3_ws/install/gazebo_ros/share/ament_index/resource_index/package_run_dependencies/gazebo_ros
[181.155s] -- Symlinking: /home/vamshin24/turtlebot3_ws/install/gazebo_ros/share/ament_index/resource_index/parent_prefix_path/gazebo_ros
[181.159s] -- Symlinking: /home/vamshin24/turtlebot3_ws/install/gazebo_ros/share/gazebo_ros/environment/ament_prefix_path.sh
[181.162s] -- Symlinking: /home/vamshin24/turtlebot3_ws/install/gazebo_ros/share/gazebo_ros/environment/ament_prefix_path.dsv
[181.164s] -- Symlinking: /home/vamshin24/turtlebot3_ws/install/gazebo_ros/share/gazebo_ros/environment/path.sh
[181.168s] -- Symlinking: /home/vamshin24/turtlebot3_ws/install/gazebo_ros/share/gazebo_ros/environment/path.dsv
[181.172s] -- Symlinking: /home/vamshin24/turtlebot3_ws/install/gazebo_ros/share/gazebo_ros/local_setup.bash
[181.175s] -- Symlinking: /home/vamshin24/turtlebot3_ws/install/gazebo_ros/share/gazebo_ros/local_setup.sh
[181.178s] -- Symlinking: /home/vamshin24/turtlebot3_ws/install/gazebo_ros/share/gazebo_ros/local_setup.zsh
[181.181s] -- Symlinking: /home/vamshin24/turtlebot3_ws/install/gazebo_ros/share/gazebo_ros/local_setup.dsv
[181.183s] -- Symlinking: /home/vamshin24/turtlebot3_ws/install/gazebo_ros/share/gazebo_ros/package.dsv
[181.186s] -- Symlinking: /home/vamshin24/turtlebot3_ws/install/gazebo_ros/share/ament_index/resource_index/packages/gazebo_ros
[181.190s] -- Symlinking: /home/vamshin24/turtlebot3_ws/install/gazebo_ros/share/gazebo_ros/cmake/ament_cmake_export_libraries-extras.cmake
[181.193s] -- Symlinking: /home/vamshin24/turtlebot3_ws/install/gazebo_ros/share/gazebo_ros/cmake/ament_cmake_export_include_directories-extras.cmake
[181.196s] -- Symlinking: /home/vamshin24/turtlebot3_ws/install/gazebo_ros/share/gazebo_ros/cmake/ament_cmake_export_dependencies-extras.cmake
[181.199s] -- Symlinking: /home/vamshin24/turtlebot3_ws/install/gazebo_ros/share/gazebo_ros/cmake/gazebo_rosConfig.cmake
[181.201s] -- Symlinking: /home/vamshin24/turtlebot3_ws/install/gazebo_ros/share/gazebo_ros/cmake/gazebo_rosConfig-version.cmake
[181.204s] -- Symlinking: /home/vamshin24/turtlebot3_ws/install/gazebo_ros/share/gazebo_ros/package.xml
[181.207s] -- Symlinking: /home/vamshin24/turtlebot3_ws/install/gazebo_ros/include/gazebo_ros/conversions/builtin_interfaces.hpp
[181.210s] -- Symlinking: /home/vamshin24/turtlebot3_ws/install/gazebo_ros/include/gazebo_ros/conversions/gazebo_msgs.hpp
[181.213s] -- Symlinking: /home/vamshin24/turtlebot3_ws/install/gazebo_ros/include/gazebo_ros/conversions/generic.hpp
[181.216s] -- Symlinking: /home/vamshin24/turtlebot3_ws/install/gazebo_ros/include/gazebo_ros/conversions/geometry_msgs.hpp
[181.219s] -- Symlinking: /home/vamshin24/turtlebot3_ws/install/gazebo_ros/include/gazebo_ros/conversions/sensor_msgs.hpp
[181.221s] -- Symlinking: /home/vamshin24/turtlebot3_ws/install/gazebo_ros/include/gazebo_ros/executor.hpp
[181.224s] -- Symlinking: /home/vamshin24/turtlebot3_ws/install/gazebo_ros/include/gazebo_ros/gazebo_ros_factory.hpp
[181.227s] -- Symlinking: /home/vamshin24/turtlebot3_ws/install/gazebo_ros/include/gazebo_ros/gazebo_ros_force_system.hpp
[181.230s] -- Symlinking: /home/vamshin24/turtlebot3_ws/install/gazebo_ros/include/gazebo_ros/gazebo_ros_init.hpp
[181.233s] -- Symlinking: /home/vamshin24/turtlebot3_ws/install/gazebo_ros/include/gazebo_ros/gazebo_ros_properties.hpp
[181.235s] -- Symlinking: /home/vamshin24/turtlebot3_ws/install/gazebo_ros/include/gazebo_ros/gazebo_ros_state.hpp
[181.238s] -- Symlinking: /home/vamshin24/turtlebot3_ws/install/gazebo_ros/include/gazebo_ros/node.hpp
[181.241s] -- Symlinking: /home/vamshin24/turtlebot3_ws/install/gazebo_ros/include/gazebo_ros/node_visibility_control.h
[181.244s] -- Symlinking: /home/vamshin24/turtlebot3_ws/install/gazebo_ros/include/gazebo_ros/qos.hpp
[181.247s] -- Symlinking: /home/vamshin24/turtlebot3_ws/install/gazebo_ros/include/gazebo_ros/testing_utils.hpp
[181.249s] -- Symlinking: /home/vamshin24/turtlebot3_ws/install/gazebo_ros/include/gazebo_ros/utils.hpp
[181.252s] -- Symlinking: /home/vamshin24/turtlebot3_ws/install/gazebo_ros/include/gazebo_ros/utils_visibility_control.h
[181.255s] -- Symlinking: /home/vamshin24/turtlebot3_ws/install/gazebo_ros/lib/gazebo_ros//gazebo_ros_paths.py
[181.259s] -- Symlinking: /home/vamshin24/turtlebot3_ws/install/gazebo_ros/lib/libgazebo_ros_factory.so
[181.262s] -- Symlinking: /home/vamshin24/turtlebot3_ws/install/gazebo_ros/lib/libgazebo_ros_force_system.so
[181.265s] -- Symlinking: /home/vamshin24/turtlebot3_ws/install/gazebo_ros/lib/libgazebo_ros_init.so
[181.268s] -- Symlinking: /home/vamshin24/turtlebot3_ws/install/gazebo_ros/lib/libgazebo_ros_node.so
[181.271s] -- Symlinking: /home/vamshin24/turtlebot3_ws/install/gazebo_ros/lib/libgazebo_ros_properties.so
[181.273s] -- Symlinking: /home/vamshin24/turtlebot3_ws/install/gazebo_ros/lib/libgazebo_ros_state.so
[181.276s] -- Symlinking: /home/vamshin24/turtlebot3_ws/install/gazebo_ros/lib/libgazebo_ros_utils.so
[181.279s] -- Symlinking: /home/vamshin24/turtlebot3_ws/install/gazebo_ros/lib/libgazebo_ros_eol_gui.so
[181.282s] -- Symlinking: /home/vamshin24/turtlebot3_ws/install/gazebo_ros/lib/gazebo_ros//spawn_entity.py
[181.285s] -- Symlinking: /home/vamshin24/turtlebot3_ws/install/gazebo_ros/share/gazebo_ros//launch/gazebo.launch.py
[181.288s] -- Symlinking: /home/vamshin24/turtlebot3_ws/install/gazebo_ros/share/gazebo_ros//launch/gzclient.launch.py
[181.291s] -- Symlinking: /home/vamshin24/turtlebot3_ws/install/gazebo_ros/share/gazebo_ros//launch/gzserver.launch.py
[181.294s] -- Symlinking: /home/vamshin24/turtlebot3_ws/install/gazebo_ros/share/gazebo_ros//launch/spawn_entity_demo.launch.py
[181.297s] -- Symlinking: /home/vamshin24/turtlebot3_ws/install/gazebo_ros/share/gazebo_ros//worlds/empty.world
[181.300s] -- Symlinking: /home/vamshin24/turtlebot3_ws/install/gazebo_ros/share/gazebo_ros//worlds/gazebo_ros_force_system_demo.world
[181.304s] -- Symlinking: /home/vamshin24/turtlebot3_ws/install/gazebo_ros/share/gazebo_ros//worlds/gazebo_ros_properties_demo.world
[181.307s] -- Symlinking: /home/vamshin24/turtlebot3_ws/install/gazebo_ros/share/gazebo_ros//worlds/gazebo_ros_state_demo.world
[181.354s] Listing '/home/vamshin24/turtlebot3_ws/install/gazebo_ros/local/lib/python3.10/dist-packages/scripts'...
[181.354s] Compiling '/home/vamshin24/turtlebot3_ws/install/gazebo_ros/local/lib/python3.10/dist-packages/scripts/__init__.py'...
[181.354s] Compiling '/home/vamshin24/turtlebot3_ws/install/gazebo_ros/local/lib/python3.10/dist-packages/scripts/gazebo_ros_paths.py'...
[181.354s] Compiling '/home/vamshin24/turtlebot3_ws/install/gazebo_ros/local/lib/python3.10/dist-packages/scripts/spawn_entity.py'...
[181.366s] Invoked command in '/home/vamshin24/turtlebot3_ws/build/gazebo_ros' returned '0': AMENT_PREFIX_PATH=/home/vamshin24/turtlebot3_ws/install/gazebo_msgs:/home/vamshin24/turtlebot3_ws/install/gazebo_dev:${AMENT_PREFIX_PATH} CMAKE_PREFIX_PATH=/home/vamshin24/turtlebot3_ws/install/gazebo_msgs:/home/vamshin24/turtlebot3_ws/install/gazebo_dev:/opt/ros/humble LD_LIBRARY_PATH=/home/vamshin24/turtlebot3_ws/install/gazebo_msgs/lib:${LD_LIBRARY_PATH} PYTHONPATH=/home/vamshin24/turtlebot3_ws/install/gazebo_msgs/local/lib/python3.10/dist-packages:${PYTHONPATH} /usr/bin/cmake --install /home/vamshin24/turtlebot3_ws/build/gazebo_ros
