[0.584s] Invoking command in '/home/vamshin24/turtlebot3_ws/build/turtlebot3_teleop': PYTHONPATH=/home/vamshin24/turtlebot3_ws/build/turtlebot3_teleop/prefix_override:/usr/lib/python3/dist-packages/colcon_core/task/python/colcon_distutils_commands:/home/vamshin24/turtlebot3_ws/install/turtlebot3_teleop/lib/python3.10/site-packages:${PYTHONPATH} /usr/bin/python3 -W ignore:setup.py install is deprecated -W ignore:easy_install command is deprecated setup.py develop --editable --build-directory /home/vamshin24/turtlebot3_ws/build/turtlebot3_teleop/build --no-deps symlink_data
[0.969s] running develop
[1.107s] running egg_info
[1.117s] creating turtlebot3_teleop.egg-info
[1.117s] writing turtlebot3_teleop.egg-info/PKG-INFO
[1.118s] writing dependency_links to turtlebot3_teleop.egg-info/dependency_links.txt
[1.118s] writing entry points to turtlebot3_teleop.egg-info/entry_points.txt
[1.118s] writing requirements to turtlebot3_teleop.egg-info/requires.txt
[1.118s] writing top-level names to turtlebot3_teleop.egg-info/top_level.txt
[1.119s] writing manifest file 'turtlebot3_teleop.egg-info/SOURCES.txt'
[1.119s] reading manifest file 'turtlebot3_teleop.egg-info/SOURCES.txt'
[1.119s] writing manifest file 'turtlebot3_teleop.egg-info/SOURCES.txt'
[1.120s] running build_ext
[1.120s] Creating /home/vamshin24/turtlebot3_ws/install/turtlebot3_teleop/lib/python3.10/site-packages/turtlebot3-teleop.egg-link (link to .)
[1.120s] Installing teleop_keyboard script to /home/vamshin24/turtlebot3_ws/install/turtlebot3_teleop/lib/turtlebot3_teleop
[1.121s] 
[1.121s] Installed /home/vamshin24/turtlebot3_ws/build/turtlebot3_teleop
[1.121s] running symlink_data
[1.121s] creating /home/vamshin24/turtlebot3_ws/install/turtlebot3_teleop/share/ament_index
[1.121s] creating /home/vamshin24/turtlebot3_ws/install/turtlebot3_teleop/share/ament_index/resource_index
[1.121s] creating /home/vamshin24/turtlebot3_ws/install/turtlebot3_teleop/share/ament_index/resource_index/packages
[1.121s] symbolically linking /home/vamshin24/turtlebot3_ws/build/turtlebot3_teleop/resource/turtlebot3_teleop -> /home/vamshin24/turtlebot3_ws/install/turtlebot3_teleop/share/ament_index/resource_index/packages
[1.121s] symbolically linking /home/vamshin24/turtlebot3_ws/build/turtlebot3_teleop/package.xml -> /home/vamshin24/turtlebot3_ws/install/turtlebot3_teleop/share/turtlebot3_teleop
[1.186s] Invoked command in '/home/vamshin24/turtlebot3_ws/build/turtlebot3_teleop' returned '0': PYTHONPATH=/home/vamshin24/turtlebot3_ws/build/turtlebot3_teleop/prefix_override:/usr/lib/python3/dist-packages/colcon_core/task/python/colcon_distutils_commands:/home/vamshin24/turtlebot3_ws/install/turtlebot3_teleop/lib/python3.10/site-packages:${PYTHONPATH} /usr/bin/python3 -W ignore:setup.py install is deprecated -W ignore:easy_install command is deprecated setup.py develop --editable --build-directory /home/vamshin24/turtlebot3_ws/build/turtlebot3_teleop/build --no-deps symlink_data
