[  2%] Built target gazebo_ros_joint_state_publisher
[  4%] Built target gazebo_ros_imu_sensor
[  6%] Built target gazebo_ros_gps_sensor
[  9%] Built target gazebo_ros_ray_sensor
[ 11%] Built target gazebo_ros_p3d
[ 13%] Built target gazebo_ros_tricycle_drive
[ 16%] Built target gazebo_ros_video
[ 18%] Built target gazebo_ros_ft_sensor
[ 20%] Built target gazebo_ros_bumper
[ 23%] Built target gazebo_ros_harness
[ 25%] Built target gazebo_ros_hand_of_god
[ 27%] Built target gazebo_ros_ackermann_drive
[ 30%] Built target gazebo_ros_elevator
[ 32%] Built target gazebo_ros_vacuum_gripper
[ 34%] Built target gazebo_ros_joint_pose_trajectory
[ 37%] Built target gazebo_ros_planar_move
[ 39%] Built target gazebo_ros_projector
[ 41%] Built target gazebo_ros_wheel_slip
[ 44%] Built target gtest_main
[ 46%] Built target gtest
[ 48%] Built target multi_camera_plugin
[ 51%] Built target test_gazebo_ros_bumper
[ 53%] Built target test_gazebo_ros_diff_drive
[ 55%] Built target test_gazebo_ros_elevator
[ 58%] Built target test_gazebo_ros_force
[ 60%] Built target test_gazebo_ros_ft_sensor
[ 62%] Built target test_gazebo_ros_hand_of_god
[ 65%] Built target test_gazebo_ros_harness
[ 66%] [32mBuilding CXX object test/CMakeFiles/test_gazebo_ros_imu_sensor.dir/test_gazebo_ros_imu_sensor.cpp.o[0m
[ 67%] [32m[1mLinking CXX executable test_gazebo_ros_imu_sensor[0m
[ 67%] Built target test_gazebo_ros_imu_sensor
[ 69%] Built target test_gazebo_ros_gps_sensor
[ 72%] Built target test_gazebo_ros_joint_pose_trajectory
[ 74%] Built target test_gazebo_ros_joint_state_publisher
[ 75%] [32mBuilding CXX object test/CMakeFiles/test_gazebo_ros_p3d.dir/test_gazebo_ros_p3d.cpp.o[0m
[ 76%] [32m[1mLinking CXX executable test_gazebo_ros_p3d[0m
[ 76%] Built target test_gazebo_ros_p3d
[ 77%] [32mBuilding CXX object test/CMakeFiles/test_gazebo_ros_planar_move.dir/test_gazebo_ros_planar_move.cpp.o[0m
[ 79%] [32m[1mLinking CXX executable test_gazebo_ros_planar_move[0m
[ 79%] Built target test_gazebo_ros_planar_move
[ 80%] [32mBuilding CXX object test/CMakeFiles/test_gazebo_ros_ray_sensor.dir/test_gazebo_ros_ray_sensor.cpp.o[0m
[ 81%] [32mBuilding CXX object test/CMakeFiles/test_gazebo_ros_tricycle_drive.dir/test_gazebo_ros_tricycle_drive.cpp.o[0m
[ 83%] Built target test_gazebo_ros_ackermann_drive
[ 86%] Built target gazebo_ros_template
[ 87%] [32mBuilding CXX object test/CMakeFiles/test_gazebo_ros_vacuum_gripper.dir/test_gazebo_ros_vacuum_gripper.cpp.o[0m
[ 88%] [32m[1mLinking CXX executable test_gazebo_ros_ray_sensor[0m
[ 88%] Built target test_gazebo_ros_ray_sensor
[ 89%] [32mBuilding CXX object test/CMakeFiles/test_gazebo_ros_wheelslip.dir/test_gazebo_ros_wheelslip.cpp.o[0m
[ 90%] [32m[1mLinking CXX executable test_gazebo_ros_vacuum_gripper[0m
[ 90%] Built target test_gazebo_ros_vacuum_gripper
[ 93%] Built target gazebo_ros_force
[ 95%] Built target gazebo_ros_camera
[ 97%] Built target gazebo_ros_diff_drive
[ 98%] [32m[1mLinking CXX executable test_gazebo_ros_tricycle_drive[0m
[ 98%] Built target test_gazebo_ros_tricycle_drive
[100%] [32m[1mLinking CXX executable test_gazebo_ros_wheelslip[0m
[100%] Built target test_gazebo_ros_wheelslip
-- Install configuration: ""
-- Execute custom install script
-- Symlinking: /home/vamshin24/turtlebot3_ws/install/gazebo_plugins/share/gazebo_plugins/environment/library_path.sh
-- Symlinking: /home/vamshin24/turtlebot3_ws/install/gazebo_plugins/share/gazebo_plugins/environment/library_path.dsv
-- Symlinking: /home/vamshin24/turtlebot3_ws/install/gazebo_plugins/share/gazebo_plugins/environment/gazebo_plugins.sh
-- Symlinking: /home/vamshin24/turtlebot3_ws/install/gazebo_plugins/share/gazebo_plugins/environment/gazebo_plugins.dsv
-- Symlinking: /home/vamshin24/turtlebot3_ws/install/gazebo_plugins/share/ament_index/resource_index/package_run_dependencies/gazebo_plugins
-- Symlinking: /home/vamshin24/turtlebot3_ws/install/gazebo_plugins/share/ament_index/resource_index/parent_prefix_path/gazebo_plugins
-- Symlinking: /home/vamshin24/turtlebot3_ws/install/gazebo_plugins/share/gazebo_plugins/environment/ament_prefix_path.sh
-- Symlinking: /home/vamshin24/turtlebot3_ws/install/gazebo_plugins/share/gazebo_plugins/environment/ament_prefix_path.dsv
-- Symlinking: /home/vamshin24/turtlebot3_ws/install/gazebo_plugins/share/gazebo_plugins/environment/path.sh
-- Symlinking: /home/vamshin24/turtlebot3_ws/install/gazebo_plugins/share/gazebo_plugins/environment/path.dsv
-- Symlinking: /home/vamshin24/turtlebot3_ws/install/gazebo_plugins/share/gazebo_plugins/local_setup.bash
-- Symlinking: /home/vamshin24/turtlebot3_ws/install/gazebo_plugins/share/gazebo_plugins/local_setup.sh
-- Symlinking: /home/vamshin24/turtlebot3_ws/install/gazebo_plugins/share/gazebo_plugins/local_setup.zsh
-- Symlinking: /home/vamshin24/turtlebot3_ws/install/gazebo_plugins/share/gazebo_plugins/local_setup.dsv
-- Symlinking: /home/vamshin24/turtlebot3_ws/install/gazebo_plugins/share/gazebo_plugins/package.dsv
-- Symlinking: /home/vamshin24/turtlebot3_ws/install/gazebo_plugins/share/ament_index/resource_index/packages/gazebo_plugins
-- Symlinking: /home/vamshin24/turtlebot3_ws/install/gazebo_plugins/share/gazebo_plugins/cmake/ament_cmake_export_libraries-extras.cmake
-- Symlinking: /home/vamshin24/turtlebot3_ws/install/gazebo_plugins/share/gazebo_plugins/cmake/ament_cmake_export_include_directories-extras.cmake
-- Symlinking: /home/vamshin24/turtlebot3_ws/install/gazebo_plugins/share/gazebo_plugins/cmake/ament_cmake_export_dependencies-extras.cmake
-- Symlinking: /home/vamshin24/turtlebot3_ws/install/gazebo_plugins/share/gazebo_plugins/cmake/gazebo_pluginsConfig.cmake
-- Symlinking: /home/vamshin24/turtlebot3_ws/install/gazebo_plugins/share/gazebo_plugins/cmake/gazebo_pluginsConfig-version.cmake
-- Symlinking: /home/vamshin24/turtlebot3_ws/install/gazebo_plugins/share/gazebo_plugins/package.xml
-- Symlinking: /home/vamshin24/turtlebot3_ws/install/gazebo_plugins/include/gazebo_plugins/gazebo_ros_ackermann_drive.hpp
-- Symlinking: /home/vamshin24/turtlebot3_ws/install/gazebo_plugins/include/gazebo_plugins/gazebo_ros_bumper.hpp
-- Symlinking: /home/vamshin24/turtlebot3_ws/install/gazebo_plugins/include/gazebo_plugins/gazebo_ros_camera.hpp
-- Symlinking: /home/vamshin24/turtlebot3_ws/install/gazebo_plugins/include/gazebo_plugins/gazebo_ros_diff_drive.hpp
-- Symlinking: /home/vamshin24/turtlebot3_ws/install/gazebo_plugins/include/gazebo_plugins/gazebo_ros_elevator.hpp
-- Symlinking: /home/vamshin24/turtlebot3_ws/install/gazebo_plugins/include/gazebo_plugins/gazebo_ros_force.hpp
-- Symlinking: /home/vamshin24/turtlebot3_ws/install/gazebo_plugins/include/gazebo_plugins/gazebo_ros_ft_sensor.hpp
-- Symlinking: /home/vamshin24/turtlebot3_ws/install/gazebo_plugins/include/gazebo_plugins/gazebo_ros_gps_sensor.hpp
-- Symlinking: /home/vamshin24/turtlebot3_ws/install/gazebo_plugins/include/gazebo_plugins/gazebo_ros_hand_of_god.hpp
-- Symlinking: /home/vamshin24/turtlebot3_ws/install/gazebo_plugins/include/gazebo_plugins/gazebo_ros_harness.hpp
-- Symlinking: /home/vamshin24/turtlebot3_ws/install/gazebo_plugins/include/gazebo_plugins/gazebo_ros_imu_sensor.hpp
-- Symlinking: /home/vamshin24/turtlebot3_ws/install/gazebo_plugins/include/gazebo_plugins/gazebo_ros_joint_pose_trajectory.hpp
-- Symlinking: /home/vamshin24/turtlebot3_ws/install/gazebo_plugins/include/gazebo_plugins/gazebo_ros_joint_state_publisher.hpp
-- Symlinking: /home/vamshin24/turtlebot3_ws/install/gazebo_plugins/include/gazebo_plugins/gazebo_ros_p3d.hpp
-- Symlinking: /home/vamshin24/turtlebot3_ws/install/gazebo_plugins/include/gazebo_plugins/gazebo_ros_planar_move.hpp
-- Symlinking: /home/vamshin24/turtlebot3_ws/install/gazebo_plugins/include/gazebo_plugins/gazebo_ros_projector.hpp
-- Symlinking: /home/vamshin24/turtlebot3_ws/install/gazebo_plugins/include/gazebo_plugins/gazebo_ros_ray_sensor.hpp
-- Symlinking: /home/vamshin24/turtlebot3_ws/install/gazebo_plugins/include/gazebo_plugins/gazebo_ros_template.hpp
-- Symlinking: /home/vamshin24/turtlebot3_ws/install/gazebo_plugins/include/gazebo_plugins/gazebo_ros_tricycle_drive.hpp
-- Symlinking: /home/vamshin24/turtlebot3_ws/install/gazebo_plugins/include/gazebo_plugins/gazebo_ros_vacuum_gripper.hpp
-- Symlinking: /home/vamshin24/turtlebot3_ws/install/gazebo_plugins/include/gazebo_plugins/gazebo_ros_video.hpp
-- Symlinking: /home/vamshin24/turtlebot3_ws/install/gazebo_plugins/include/gazebo_plugins/gazebo_ros_wheel_slip.hpp
-- Symlinking: /home/vamshin24/turtlebot3_ws/install/gazebo_plugins/include/gazebo_plugins/multi_camera_plugin.hpp
-- Symlinking: /home/vamshin24/turtlebot3_ws/install/gazebo_plugins/lib/libgazebo_ros_ackermann_drive.so
-- Symlinking: /home/vamshin24/turtlebot3_ws/install/gazebo_plugins/lib/libgazebo_ros_bumper.so
-- Symlinking: /home/vamshin24/turtlebot3_ws/install/gazebo_plugins/lib/libgazebo_ros_camera.so
-- Symlinking: /home/vamshin24/turtlebot3_ws/install/gazebo_plugins/lib/libgazebo_ros_diff_drive.so
-- Symlinking: /home/vamshin24/turtlebot3_ws/install/gazebo_plugins/lib/libgazebo_ros_elevator.so
-- Symlinking: /home/vamshin24/turtlebot3_ws/install/gazebo_plugins/lib/libgazebo_ros_force.so
-- Symlinking: /home/vamshin24/turtlebot3_ws/install/gazebo_plugins/lib/libgazebo_ros_ft_sensor.so
-- Symlinking: /home/vamshin24/turtlebot3_ws/install/gazebo_plugins/lib/libgazebo_ros_hand_of_god.so
-- Symlinking: /home/vamshin24/turtlebot3_ws/install/gazebo_plugins/lib/libgazebo_ros_harness.so
-- Symlinking: /home/vamshin24/turtlebot3_ws/install/gazebo_plugins/lib/libgazebo_ros_imu_sensor.so
-- Symlinking: /home/vamshin24/turtlebot3_ws/install/gazebo_plugins/lib/libgazebo_ros_gps_sensor.so
-- Symlinking: /home/vamshin24/turtlebot3_ws/install/gazebo_plugins/lib/libgazebo_ros_joint_pose_trajectory.so
-- Symlinking: /home/vamshin24/turtlebot3_ws/install/gazebo_plugins/lib/libgazebo_ros_joint_state_publisher.so
-- Symlinking: /home/vamshin24/turtlebot3_ws/install/gazebo_plugins/lib/libgazebo_ros_planar_move.so
-- Symlinking: /home/vamshin24/turtlebot3_ws/install/gazebo_plugins/lib/libgazebo_ros_projector.so
-- Symlinking: /home/vamshin24/turtlebot3_ws/install/gazebo_plugins/lib/libgazebo_ros_ray_sensor.so
-- Symlinking: /home/vamshin24/turtlebot3_ws/install/gazebo_plugins/lib/libgazebo_ros_p3d.so
-- Symlinking: /home/vamshin24/turtlebot3_ws/install/gazebo_plugins/lib/libgazebo_ros_template.so
-- Symlinking: /home/vamshin24/turtlebot3_ws/install/gazebo_plugins/lib/libgazebo_ros_tricycle_drive.so
-- Symlinking: /home/vamshin24/turtlebot3_ws/install/gazebo_plugins/lib/libgazebo_ros_vacuum_gripper.so
-- Symlinking: /home/vamshin24/turtlebot3_ws/install/gazebo_plugins/lib/libgazebo_ros_video.so
-- Symlinking: /home/vamshin24/turtlebot3_ws/install/gazebo_plugins/lib/libmulti_camera_plugin.so
-- Symlinking: /home/vamshin24/turtlebot3_ws/install/gazebo_plugins/lib/libgazebo_ros_wheel_slip.so
-- Symlinking: /home/vamshin24/turtlebot3_ws/install/gazebo_plugins/lib/gazebo_plugins//wheel_slip_drawbar_pull_publisher.py
-- Symlinking: /home/vamshin24/turtlebot3_ws/install/gazebo_plugins/share/gazebo_plugins//worlds/gazebo_ros_ackermann_drive_demo.world
-- Symlinking: /home/vamshin24/turtlebot3_ws/install/gazebo_plugins/share/gazebo_plugins//worlds/gazebo_ros_bumper_demo.world
-- Symlinking: /home/vamshin24/turtlebot3_ws/install/gazebo_plugins/share/gazebo_plugins//worlds/gazebo_ros_camera_demo.world
-- Symlinking: /home/vamshin24/turtlebot3_ws/install/gazebo_plugins/share/gazebo_plugins//worlds/gazebo_ros_camera_distortion_barrel_demo.world
-- Symlinking: /home/vamshin24/turtlebot3_ws/install/gazebo_plugins/share/gazebo_plugins//worlds/gazebo_ros_camera_distortion_pincushion_demo.world
-- Symlinking: /home/vamshin24/turtlebot3_ws/install/gazebo_plugins/share/gazebo_plugins//worlds/gazebo_ros_camera_triggered_demo.world
-- Symlinking: /home/vamshin24/turtlebot3_ws/install/gazebo_plugins/share/gazebo_plugins//worlds/gazebo_ros_depth_camera_demo.world
-- Symlinking: /home/vamshin24/turtlebot3_ws/install/gazebo_plugins/share/gazebo_plugins//worlds/gazebo_ros_diff_drive_demo.world
-- Symlinking: /home/vamshin24/turtlebot3_ws/install/gazebo_plugins/share/gazebo_plugins//worlds/gazebo_ros_elevator_demo.world
-- Symlinking: /home/vamshin24/turtlebot3_ws/install/gazebo_plugins/share/gazebo_plugins//worlds/gazebo_ros_force_demo.world
-- Symlinking: /home/vamshin24/turtlebot3_ws/install/gazebo_plugins/share/gazebo_plugins//worlds/gazebo_ros_ft_sensor_demo.world
-- Symlinking: /home/vamshin24/turtlebot3_ws/install/gazebo_plugins/share/gazebo_plugins//worlds/gazebo_ros_gps_sensor_demo.world
-- Symlinking: /home/vamshin24/turtlebot3_ws/install/gazebo_plugins/share/gazebo_plugins//worlds/gazebo_ros_hand_of_god_demo.world
-- Symlinking: /home/vamshin24/turtlebot3_ws/install/gazebo_plugins/share/gazebo_plugins//worlds/gazebo_ros_harness_demo.world
-- Symlinking: /home/vamshin24/turtlebot3_ws/install/gazebo_plugins/share/gazebo_plugins//worlds/gazebo_ros_joint_pose_trajectory_demo.world
-- Symlinking: /home/vamshin24/turtlebot3_ws/install/gazebo_plugins/share/gazebo_plugins//worlds/gazebo_ros_joint_state_publisher_demo.world
-- Symlinking: /home/vamshin24/turtlebot3_ws/install/gazebo_plugins/share/gazebo_plugins//worlds/gazebo_ros_multi_camera_demo.world
-- Symlinking: /home/vamshin24/turtlebot3_ws/install/gazebo_plugins/share/gazebo_plugins//worlds/gazebo_ros_multicamera_demo.world
-- Symlinking: /home/vamshin24/turtlebot3_ws/install/gazebo_plugins/share/gazebo_plugins//worlds/gazebo_ros_p3d_demo.world
-- Symlinking: /home/vamshin24/turtlebot3_ws/install/gazebo_plugins/share/gazebo_plugins//worlds/gazebo_ros_planar_move_demo.world
-- Symlinking: /home/vamshin24/turtlebot3_ws/install/gazebo_plugins/share/gazebo_plugins//worlds/gazebo_ros_projector_demo.world
-- Symlinking: /home/vamshin24/turtlebot3_ws/install/gazebo_plugins/share/gazebo_plugins//worlds/gazebo_ros_ray_sensor_demo.world
-- Symlinking: /home/vamshin24/turtlebot3_ws/install/gazebo_plugins/share/gazebo_plugins//worlds/gazebo_ros_skid_steer_drive_demo.world
-- Symlinking: /home/vamshin24/turtlebot3_ws/install/gazebo_plugins/share/gazebo_plugins//worlds/gazebo_ros_template_demo.world
-- Symlinking: /home/vamshin24/turtlebot3_ws/install/gazebo_plugins/share/gazebo_plugins//worlds/gazebo_ros_tricycle_drive_demo.world
-- Symlinking: /home/vamshin24/turtlebot3_ws/install/gazebo_plugins/share/gazebo_plugins//worlds/gazebo_ros_vacuum_gripper_demo.world
-- Symlinking: /home/vamshin24/turtlebot3_ws/install/gazebo_plugins/share/gazebo_plugins//worlds/gazebo_ros_video_demo.world
-- Symlinking: /home/vamshin24/turtlebot3_ws/install/gazebo_plugins/share/gazebo_plugins//worlds/gazebo_ros_wheel_slip_demo.world
-- Symlinking: /home/vamshin24/turtlebot3_ws/install/gazebo_plugins/share/gazebo_plugins//worlds/gazebo_ros_wheel_slip_drawbar_pull_demo.world
