[0.016s] Invoking command in '/home/vamshin24/turtlebot3_ws/build/gazebo_ros': CMAKE_PREFIX_PATH=/home/vamshin24/turtlebot3_ws/install/gazebo_msgs:/home/vamshin24/turtlebot3_ws/install/gazebo_dev:/home/vamshin24/turtlebot3_ws/install/turtlebot3_simulations:/home/vamshin24/turtlebot3_ws/install/turtlebot3_gazebo:/home/vamshin24/turtlebot3_ws/install/turtlebot3_fake_node:/home/vamshin24/turtlebot3_ws/install/gazebo_ros_pkgs:/home/vamshin24/turtlebot3_ws/install/gazebo_plugins:/home/vamshin24/turtlebot3_ws/install/gazebo_ros:/opt/ros/humble LD_LIBRARY_PATH=/home/vamshin24/turtlebot3_ws/install/gazebo_msgs/lib:/usr/local/lib/gazebo-11/plugins:/home/vamshin24/turtlebot3_ws/install/gazebo_plugins/lib:/home/vamshin24/turtlebot3_ws/install/gazebo_ros/lib:/opt/ros/humble/opt/rviz_ogre_vendor/lib:/opt/ros/humble/lib/aarch64-linux-gnu:/opt/ros/humble/lib /usr/bin/cmake --build /home/vamshin24/turtlebot3_ws/build/gazebo_ros -- -j6 -l6
[0.077s] [  0%] Built target ament_cmake_python_symlink_scripts
[0.078s] [  3%] Built target gazebo_ros_utils
[0.090s] [  9%] Built target gtest
[0.092s] [ 12%] Built target gazebo_ros_node
[0.092s] [ 15%] Built target mock_robot_state_publisher
[0.095s] [ 18%] Built target gtest_main
[0.107s] [ 21%] Built target mock_gazebo_ros_factory
[0.138s] [ 23%] [34m[1mAutomatic MOC for target gazebo_ros_eol_gui[0m
[0.147s] [ 26%] Built target create_node_without_init
[0.158s] [ 29%] Built target args_init
[0.171s] [ 32%] Built target ros_world_plugin
[0.179s] [ 32%] Built target gazebo_ros_eol_gui_autogen
[0.183s] [ 35%] Built target multiple_nodes
[0.223s] [ 39%] Built target sdf_node
[0.244s] running egg_info
[0.244s] writing scripts.egg-info/PKG-INFO
[0.245s] writing dependency_links to scripts.egg-info/dependency_links.txt
[0.245s] writing top-level names to scripts.egg-info/top_level.txt
[0.248s] reading manifest file 'scripts.egg-info/SOURCES.txt'
[0.248s] writing manifest file 'scripts.egg-info/SOURCES.txt'
[0.297s] [ 42%] Built target test_conversions
[0.324s] [ 42%] Built target ament_cmake_python_build_scripts_egg
[0.380s] [ 45%] Built target test_gazebo_ros_factory
[0.383s] [ 48%] Built target test_gazebo_ros_init
[0.392s] [ 51%] Built target test_gazebo_ros_joint_effort
[0.482s] [ 54%] Built target test_gazebo_ros_link_wrench
[0.514s] [ 57%] Built target test_gazebo_ros_properties
[0.528s] [ 60%] Built target test_node
[0.530s] [ 64%] Built target test_reject_duplicate_nodes
[0.534s] [ 67%] Built target test_gazebo_ros_state
[0.558s] [ 70%] Built target test_plugins
[0.581s] [ 73%] Built target test_qos
[0.604s] [ 76%] Built target test_sim_time
[0.646s] [ 79%] Built target gazebo_ros_factory
[0.646s] [ 82%] Built target test_utils
[0.647s] [ 85%] Built target gazebo_ros_init
[0.683s] [ 89%] Built target gazebo_ros_properties
[0.686s] [ 92%] Built target gazebo_ros_state
[0.691s] [ 95%] Built target gazebo_ros_force_system
[0.704s] [100%] Built target gazebo_ros_eol_gui
[0.711s] Invoked command in '/home/vamshin24/turtlebot3_ws/build/gazebo_ros' returned '0': CMAKE_PREFIX_PATH=/home/vamshin24/turtlebot3_ws/install/gazebo_msgs:/home/vamshin24/turtlebot3_ws/install/gazebo_dev:/home/vamshin24/turtlebot3_ws/install/turtlebot3_simulations:/home/vamshin24/turtlebot3_ws/install/turtlebot3_gazebo:/home/vamshin24/turtlebot3_ws/install/turtlebot3_fake_node:/home/vamshin24/turtlebot3_ws/install/gazebo_ros_pkgs:/home/vamshin24/turtlebot3_ws/install/gazebo_plugins:/home/vamshin24/turtlebot3_ws/install/gazebo_ros:/opt/ros/humble LD_LIBRARY_PATH=/home/vamshin24/turtlebot3_ws/install/gazebo_msgs/lib:/usr/local/lib/gazebo-11/plugins:/home/vamshin24/turtlebot3_ws/install/gazebo_plugins/lib:/home/vamshin24/turtlebot3_ws/install/gazebo_ros/lib:/opt/ros/humble/opt/rviz_ogre_vendor/lib:/opt/ros/humble/lib/aarch64-linux-gnu:/opt/ros/humble/lib /usr/bin/cmake --build /home/vamshin24/turtlebot3_ws/build/gazebo_ros -- -j6 -l6
[0.713s] Invoking command in '/home/vamshin24/turtlebot3_ws/build/gazebo_ros': CMAKE_PREFIX_PATH=/home/vamshin24/turtlebot3_ws/install/gazebo_msgs:/home/vamshin24/turtlebot3_ws/install/gazebo_dev:/home/vamshin24/turtlebot3_ws/install/turtlebot3_simulations:/home/vamshin24/turtlebot3_ws/install/turtlebot3_gazebo:/home/vamshin24/turtlebot3_ws/install/turtlebot3_fake_node:/home/vamshin24/turtlebot3_ws/install/gazebo_ros_pkgs:/home/vamshin24/turtlebot3_ws/install/gazebo_plugins:/home/vamshin24/turtlebot3_ws/install/gazebo_ros:/opt/ros/humble LD_LIBRARY_PATH=/home/vamshin24/turtlebot3_ws/install/gazebo_msgs/lib:/usr/local/lib/gazebo-11/plugins:/home/vamshin24/turtlebot3_ws/install/gazebo_plugins/lib:/home/vamshin24/turtlebot3_ws/install/gazebo_ros/lib:/opt/ros/humble/opt/rviz_ogre_vendor/lib:/opt/ros/humble/lib/aarch64-linux-gnu:/opt/ros/humble/lib /usr/bin/cmake --install /home/vamshin24/turtlebot3_ws/build/gazebo_ros
[0.718s] -- Install configuration: ""
[0.718s] -- Execute custom install script
[0.718s] -- Up-to-date symlink: /home/vamshin24/turtlebot3_ws/install/gazebo_ros/share/gazebo_ros/environment/pythonpath.sh
[0.718s] -- Up-to-date symlink: /home/vamshin24/turtlebot3_ws/install/gazebo_ros/share/gazebo_ros/environment/pythonpath.dsv
[0.718s] -- Up-to-date symlink: /home/vamshin24/turtlebot3_ws/install/gazebo_ros/local/lib/python3.10/dist-packages/scripts-3.9.0-py3.10.egg-info/PKG-INFO
[0.718s] -- Up-to-date symlink: /home/vamshin24/turtlebot3_ws/install/gazebo_ros/local/lib/python3.10/dist-packages/scripts-3.9.0-py3.10.egg-info/SOURCES.txt
[0.718s] -- Up-to-date symlink: /home/vamshin24/turtlebot3_ws/install/gazebo_ros/local/lib/python3.10/dist-packages/scripts-3.9.0-py3.10.egg-info/dependency_links.txt
[0.718s] -- Up-to-date symlink: /home/vamshin24/turtlebot3_ws/install/gazebo_ros/local/lib/python3.10/dist-packages/scripts-3.9.0-py3.10.egg-info/top_level.txt
[0.719s] -- Up-to-date symlink: /home/vamshin24/turtlebot3_ws/install/gazebo_ros/local/lib/python3.10/dist-packages/scripts/__init__.py
[0.719s] -- Up-to-date symlink: /home/vamshin24/turtlebot3_ws/install/gazebo_ros/local/lib/python3.10/dist-packages/scripts/gazebo_ros_paths.py
[0.719s] -- Up-to-date symlink: /home/vamshin24/turtlebot3_ws/install/gazebo_ros/local/lib/python3.10/dist-packages/scripts/spawn_entity.py
[0.719s] -- Up-to-date symlink: /home/vamshin24/turtlebot3_ws/install/gazebo_ros/share/gazebo_ros/environment/library_path.sh
[0.719s] -- Up-to-date symlink: /home/vamshin24/turtlebot3_ws/install/gazebo_ros/share/gazebo_ros/environment/library_path.dsv
[0.719s] -- Up-to-date symlink: /home/vamshin24/turtlebot3_ws/install/gazebo_ros/share/ament_index/resource_index/package_run_dependencies/gazebo_ros
[0.719s] -- Up-to-date symlink: /home/vamshin24/turtlebot3_ws/install/gazebo_ros/share/ament_index/resource_index/parent_prefix_path/gazebo_ros
[0.719s] -- Up-to-date symlink: /home/vamshin24/turtlebot3_ws/install/gazebo_ros/share/gazebo_ros/environment/ament_prefix_path.sh
[0.719s] -- Up-to-date symlink: /home/vamshin24/turtlebot3_ws/install/gazebo_ros/share/gazebo_ros/environment/ament_prefix_path.dsv
[0.719s] -- Up-to-date symlink: /home/vamshin24/turtlebot3_ws/install/gazebo_ros/share/gazebo_ros/environment/path.sh
[0.719s] -- Up-to-date symlink: /home/vamshin24/turtlebot3_ws/install/gazebo_ros/share/gazebo_ros/environment/path.dsv
[0.719s] -- Up-to-date symlink: /home/vamshin24/turtlebot3_ws/install/gazebo_ros/share/gazebo_ros/local_setup.bash
[0.719s] -- Up-to-date symlink: /home/vamshin24/turtlebot3_ws/install/gazebo_ros/share/gazebo_ros/local_setup.sh
[0.719s] -- Up-to-date symlink: /home/vamshin24/turtlebot3_ws/install/gazebo_ros/share/gazebo_ros/local_setup.zsh
[0.719s] -- Up-to-date symlink: /home/vamshin24/turtlebot3_ws/install/gazebo_ros/share/gazebo_ros/local_setup.dsv
[0.719s] -- Symlinking: /home/vamshin24/turtlebot3_ws/install/gazebo_ros/share/gazebo_ros/package.dsv
[0.722s] -- Up-to-date symlink: /home/vamshin24/turtlebot3_ws/install/gazebo_ros/share/ament_index/resource_index/packages/gazebo_ros
[0.723s] -- Up-to-date symlink: /home/vamshin24/turtlebot3_ws/install/gazebo_ros/share/gazebo_ros/cmake/ament_cmake_export_libraries-extras.cmake
[0.723s] -- Up-to-date symlink: /home/vamshin24/turtlebot3_ws/install/gazebo_ros/share/gazebo_ros/cmake/ament_cmake_export_include_directories-extras.cmake
[0.723s] -- Up-to-date symlink: /home/vamshin24/turtlebot3_ws/install/gazebo_ros/share/gazebo_ros/cmake/ament_cmake_export_dependencies-extras.cmake
[0.724s] -- Up-to-date symlink: /home/vamshin24/turtlebot3_ws/install/gazebo_ros/share/gazebo_ros/cmake/gazebo_rosConfig.cmake
[0.724s] -- Up-to-date symlink: /home/vamshin24/turtlebot3_ws/install/gazebo_ros/share/gazebo_ros/cmake/gazebo_rosConfig-version.cmake
[0.724s] -- Up-to-date symlink: /home/vamshin24/turtlebot3_ws/install/gazebo_ros/share/gazebo_ros/package.xml
[0.724s] -- Up-to-date symlink: /home/vamshin24/turtlebot3_ws/install/gazebo_ros/include/gazebo_ros/conversions/builtin_interfaces.hpp
[0.724s] -- Up-to-date symlink: /home/vamshin24/turtlebot3_ws/install/gazebo_ros/include/gazebo_ros/conversions/gazebo_msgs.hpp
[0.724s] -- Up-to-date symlink: /home/vamshin24/turtlebot3_ws/install/gazebo_ros/include/gazebo_ros/conversions/generic.hpp
[0.725s] -- Up-to-date symlink: /home/vamshin24/turtlebot3_ws/install/gazebo_ros/include/gazebo_ros/conversions/geometry_msgs.hpp
[0.725s] -- Up-to-date symlink: /home/vamshin24/turtlebot3_ws/install/gazebo_ros/include/gazebo_ros/conversions/sensor_msgs.hpp
[0.731s] -- Up-to-date symlink: /home/vamshin24/turtlebot3_ws/install/gazebo_ros/include/gazebo_ros/executor.hpp
[0.731s] -- Up-to-date symlink: /home/vamshin24/turtlebot3_ws/install/gazebo_ros/include/gazebo_ros/gazebo_ros_factory.hpp
[0.731s] -- Up-to-date symlink: /home/vamshin24/turtlebot3_ws/install/gazebo_ros/include/gazebo_ros/gazebo_ros_force_system.hpp
[0.731s] -- Up-to-date symlink: /home/vamshin24/turtlebot3_ws/install/gazebo_ros/include/gazebo_ros/gazebo_ros_init.hpp
[0.731s] -- Up-to-date symlink: /home/vamshin24/turtlebot3_ws/install/gazebo_ros/include/gazebo_ros/gazebo_ros_properties.hpp
[0.731s] -- Up-to-date symlink: /home/vamshin24/turtlebot3_ws/install/gazebo_ros/include/gazebo_ros/gazebo_ros_state.hpp
[0.731s] -- Up-to-date symlink: /home/vamshin24/turtlebot3_ws/install/gazebo_ros/include/gazebo_ros/node.hpp
[0.731s] -- Up-to-date symlink: /home/vamshin24/turtlebot3_ws/install/gazebo_ros/include/gazebo_ros/node_visibility_control.h
[0.731s] -- Up-to-date symlink: /home/vamshin24/turtlebot3_ws/install/gazebo_ros/include/gazebo_ros/qos.hpp
[0.732s] -- Up-to-date symlink: /home/vamshin24/turtlebot3_ws/install/gazebo_ros/include/gazebo_ros/testing_utils.hpp
[0.732s] -- Up-to-date symlink: /home/vamshin24/turtlebot3_ws/install/gazebo_ros/include/gazebo_ros/utils.hpp
[0.732s] -- Up-to-date symlink: /home/vamshin24/turtlebot3_ws/install/gazebo_ros/include/gazebo_ros/utils_visibility_control.h
[0.732s] -- Up-to-date symlink: /home/vamshin24/turtlebot3_ws/install/gazebo_ros/lib/gazebo_ros//gazebo_ros_paths.py
[0.732s] -- Up-to-date symlink: /home/vamshin24/turtlebot3_ws/install/gazebo_ros/lib/libgazebo_ros_factory.so
[0.732s] -- Up-to-date symlink: /home/vamshin24/turtlebot3_ws/install/gazebo_ros/lib/libgazebo_ros_force_system.so
[0.732s] -- Up-to-date symlink: /home/vamshin24/turtlebot3_ws/install/gazebo_ros/lib/libgazebo_ros_init.so
[0.732s] -- Up-to-date symlink: /home/vamshin24/turtlebot3_ws/install/gazebo_ros/lib/libgazebo_ros_node.so
[0.732s] -- Up-to-date symlink: /home/vamshin24/turtlebot3_ws/install/gazebo_ros/lib/libgazebo_ros_properties.so
[0.732s] -- Up-to-date symlink: /home/vamshin24/turtlebot3_ws/install/gazebo_ros/lib/libgazebo_ros_state.so
[0.732s] -- Up-to-date symlink: /home/vamshin24/turtlebot3_ws/install/gazebo_ros/lib/libgazebo_ros_utils.so
[0.732s] -- Up-to-date symlink: /home/vamshin24/turtlebot3_ws/install/gazebo_ros/lib/libgazebo_ros_eol_gui.so
[0.732s] -- Up-to-date symlink: /home/vamshin24/turtlebot3_ws/install/gazebo_ros/lib/gazebo_ros//spawn_entity.py
[0.732s] -- Up-to-date symlink: /home/vamshin24/turtlebot3_ws/install/gazebo_ros/share/gazebo_ros//launch/gazebo.launch.py
[0.732s] -- Up-to-date symlink: /home/vamshin24/turtlebot3_ws/install/gazebo_ros/share/gazebo_ros//launch/gzclient.launch.py
[0.732s] -- Up-to-date symlink: /home/vamshin24/turtlebot3_ws/install/gazebo_ros/share/gazebo_ros//launch/gzserver.launch.py
[0.732s] -- Up-to-date symlink: /home/vamshin24/turtlebot3_ws/install/gazebo_ros/share/gazebo_ros//launch/spawn_entity_demo.launch.py
[0.732s] -- Up-to-date symlink: /home/vamshin24/turtlebot3_ws/install/gazebo_ros/share/gazebo_ros//worlds/empty.world
[0.732s] -- Up-to-date symlink: /home/vamshin24/turtlebot3_ws/install/gazebo_ros/share/gazebo_ros//worlds/gazebo_ros_force_system_demo.world
[0.733s] -- Up-to-date symlink: /home/vamshin24/turtlebot3_ws/install/gazebo_ros/share/gazebo_ros//worlds/gazebo_ros_properties_demo.world
[0.733s] -- Up-to-date symlink: /home/vamshin24/turtlebot3_ws/install/gazebo_ros/share/gazebo_ros//worlds/gazebo_ros_state_demo.world
[0.741s] Listing '/home/vamshin24/turtlebot3_ws/install/gazebo_ros/local/lib/python3.10/dist-packages/scripts'...
[0.747s] Invoked command in '/home/vamshin24/turtlebot3_ws/build/gazebo_ros' returned '0': CMAKE_PREFIX_PATH=/home/vamshin24/turtlebot3_ws/install/gazebo_msgs:/home/vamshin24/turtlebot3_ws/install/gazebo_dev:/home/vamshin24/turtlebot3_ws/install/turtlebot3_simulations:/home/vamshin24/turtlebot3_ws/install/turtlebot3_gazebo:/home/vamshin24/turtlebot3_ws/install/turtlebot3_fake_node:/home/vamshin24/turtlebot3_ws/install/gazebo_ros_pkgs:/home/vamshin24/turtlebot3_ws/install/gazebo_plugins:/home/vamshin24/turtlebot3_ws/install/gazebo_ros:/opt/ros/humble LD_LIBRARY_PATH=/home/vamshin24/turtlebot3_ws/install/gazebo_msgs/lib:/usr/local/lib/gazebo-11/plugins:/home/vamshin24/turtlebot3_ws/install/gazebo_plugins/lib:/home/vamshin24/turtlebot3_ws/install/gazebo_ros/lib:/opt/ros/humble/opt/rviz_ogre_vendor/lib:/opt/ros/humble/lib/aarch64-linux-gnu:/opt/ros/humble/lib /usr/bin/cmake --install /home/vamshin24/turtlebot3_ws/build/gazebo_ros
