[35m[1mConsolidate compiler generated dependencies of target gazebo_ros_force[0m
[35m[1mConsolidate compiler generated dependencies of target gazebo_ros_joint_state_publisher[0m
[35m[1mConsolidate compiler generated dependencies of target gazebo_ros_diff_drive[0m
[35m[1mConsolidate compiler generated dependencies of target gazebo_ros_template[0m
[  5%] Built target gazebo_ros_joint_state_publisher
[  5%] Built target gazebo_ros_template
[  8%] Built target gazebo_ros_force
[  9%] Built target gazebo_ros_diff_drive
[35m[1mConsolidate compiler generated dependencies of target gazebo_ros_imu_sensor[0m
[35m[1mConsolidate compiler generated dependencies of target gazebo_ros_ray_sensor[0m
[35m[1mConsolidate compiler generated dependencies of target multi_camera_plugin[0m
[35m[1mConsolidate compiler generated dependencies of target gazebo_ros_gps_sensor[0m
[ 11%] Built target gazebo_ros_imu_sensor
[ 13%] Built target gazebo_ros_ray_sensor
[ 16%] Built target multi_camera_plugin
[35m[1mConsolidate compiler generated dependencies of target gazebo_ros_p3d[0m
[ 18%] Built target gazebo_ros_gps_sensor
[35m[1mConsolidate compiler generated dependencies of target gazebo_ros_tricycle_drive[0m
[35m[1mConsolidate compiler generated dependencies of target gazebo_ros_video[0m
[35m[1mConsolidate compiler generated dependencies of target gazebo_ros_ft_sensor[0m
[ 20%] Built target gazebo_ros_p3d
[ 23%] Built target gazebo_ros_tricycle_drive
[35m[1mConsolidate compiler generated dependencies of target gazebo_ros_bumper[0m
[ 25%] Built target gazebo_ros_ft_sensor
[35m[1mConsolidate compiler generated dependencies of target gazebo_ros_harness[0m
[ 27%] Built target gazebo_ros_video
[35m[1mConsolidate compiler generated dependencies of target gazebo_ros_hand_of_god[0m
[ 30%] Built target gazebo_ros_harness
[ 32%] Built target gazebo_ros_bumper
[35m[1mConsolidate compiler generated dependencies of target gazebo_ros_ackermann_drive[0m
[ 34%] Built target gazebo_ros_hand_of_god
[35m[1mConsolidate compiler generated dependencies of target gazebo_ros_vacuum_gripper[0m
[35m[1mConsolidate compiler generated dependencies of target gazebo_ros_elevator[0m
[35m[1mConsolidate compiler generated dependencies of target gazebo_ros_joint_pose_trajectory[0m
[ 37%] Built target gazebo_ros_ackermann_drive
[ 40%] Built target gazebo_ros_elevator
[ 41%] Built target gazebo_ros_vacuum_gripper
[35m[1mConsolidate compiler generated dependencies of target gazebo_ros_planar_move[0m
[35m[1mConsolidate compiler generated dependencies of target gazebo_ros_projector[0m
[ 44%] Built target gazebo_ros_joint_pose_trajectory
[35m[1mConsolidate compiler generated dependencies of target gazebo_ros_wheel_slip[0m
[35m[1mConsolidate compiler generated dependencies of target gtest_main[0m
[ 46%] Built target gtest_main
[35m[1mConsolidate compiler generated dependencies of target gtest[0m
[ 48%] Built target gazebo_ros_projector
[ 52%] Built target gazebo_ros_planar_move
[ 53%] Built target gazebo_ros_wheel_slip
[ 55%] Built target gtest
[35m[1mConsolidate compiler generated dependencies of target gazebo_ros_camera[0m
[35m[1mConsolidate compiler generated dependencies of target test_gazebo_ros_diff_drive[0m
[35m[1mConsolidate compiler generated dependencies of target test_gazebo_ros_ackermann_drive[0m
[ 56%] [32mBuilding CXX object test/CMakeFiles/test_gazebo_ros_bumper.dir/test_gazebo_ros_bumper.cpp.o[0m
[ 59%] Built target gazebo_ros_camera
[ 61%] Built target test_gazebo_ros_ackermann_drive
[ 63%] Built target test_gazebo_ros_diff_drive
[35m[1mConsolidate compiler generated dependencies of target test_gazebo_ros_elevator[0m
[35m[1mConsolidate compiler generated dependencies of target test_gazebo_ros_force[0m
[35m[1mConsolidate compiler generated dependencies of target test_gazebo_ros_ft_sensor[0m
[ 69%] Built target test_gazebo_ros_force
[ 69%] Built target test_gazebo_ros_elevator
[ 70%] Built target test_gazebo_ros_ft_sensor
[35m[1mConsolidate compiler generated dependencies of target test_gazebo_ros_hand_of_god[0m
[ 72%] [32mBuilding CXX object test/CMakeFiles/test_gazebo_ros_harness.dir/test_gazebo_ros_harness.cpp.o[0m
[ 73%] [32mBuilding CXX object test/CMakeFiles/test_gazebo_ros_imu_sensor.dir/test_gazebo_ros_imu_sensor.cpp.o[0m
[ 75%] Built target test_gazebo_ros_hand_of_god
[ 76%] [32mBuilding CXX object test/CMakeFiles/test_gazebo_ros_gps_sensor.dir/test_gazebo_ros_gps_sensor.cpp.o[0m
