[0.011s] Invoking command in '/home/vamshin24/turtlebot3_ws/build/turtlebot3_description': CMAKE_PREFIX_PATH=${CMAKE_PREFIX_PATH}:/opt/ros/humble /usr/bin/cmake /home/vamshin24/turtlebot3_ws/src/turtlebot3/turtlebot3_description -DAMENT_CMAKE_SYMLINK_INSTALL=1 -DCMAKE_INSTALL_PREFIX=/home/vamshin24/turtlebot3_ws/install/turtlebot3_description
[0.054s] -- The C compiler identification is GNU 11.4.0
[0.100s] -- The CXX compiler identification is GNU 11.4.0
[0.113s] -- Detecting C compiler ABI info
[0.165s] -- Detecting C compiler ABI info - done
[0.169s] -- Check for working C compiler: /usr/bin/cc - skipped
[0.169s] -- Detecting C compile features
[0.169s] -- Detecting C compile features - done
[0.171s] -- Detecting CXX compiler ABI info
[0.218s] -- Detecting CXX compiler ABI info - done
[0.222s] -- Check for working CXX compiler: /usr/bin/c++ - skipped
[0.222s] -- Detecting CXX compile features
[0.222s] -- Detecting CXX compile features - done
[0.224s] -- Found ament_cmake: 1.3.11 (/opt/ros/humble/share/ament_cmake/cmake)
[0.329s] -- Found Python3: /usr/bin/python3 (found version "3.10.12") found components: Interpreter 
[0.373s] -- Override CMake install command with custom implementation using symlinks instead of copying resources
[0.400s] -- Found urdf: 2.6.1 (/opt/ros/humble/share/urdf/cmake)
[0.497s] -- Configuring done
[0.498s] -- Generating done
[0.499s] -- Build files have been written to: /home/vamshin24/turtlebot3_ws/build/turtlebot3_description
[0.513s] Invoked command in '/home/vamshin24/turtlebot3_ws/build/turtlebot3_description' returned '0': CMAKE_PREFIX_PATH=${CMAKE_PREFIX_PATH}:/opt/ros/humble /usr/bin/cmake /home/vamshin24/turtlebot3_ws/src/turtlebot3/turtlebot3_description -DAMENT_CMAKE_SYMLINK_INSTALL=1 -DCMAKE_INSTALL_PREFIX=/home/vamshin24/turtlebot3_ws/install/turtlebot3_description
[0.513s] Invoking command in '/home/vamshin24/turtlebot3_ws/build/turtlebot3_description': CMAKE_PREFIX_PATH=${CMAKE_PREFIX_PATH}:/opt/ros/humble /usr/bin/cmake --build /home/vamshin24/turtlebot3_ws/build/turtlebot3_description -- -j6 -l6
[0.857s] Invoked command in '/home/vamshin24/turtlebot3_ws/build/turtlebot3_description' returned '0': CMAKE_PREFIX_PATH=${CMAKE_PREFIX_PATH}:/opt/ros/humble /usr/bin/cmake --build /home/vamshin24/turtlebot3_ws/build/turtlebot3_description -- -j6 -l6
[0.857s] Invoking command in '/home/vamshin24/turtlebot3_ws/build/turtlebot3_description': CMAKE_PREFIX_PATH=${CMAKE_PREFIX_PATH}:/opt/ros/humble /usr/bin/cmake --install /home/vamshin24/turtlebot3_ws/build/turtlebot3_description
[0.899s] -- Install configuration: ""
[0.899s] -- Execute custom install script
[0.899s] -- Symlinking: /home/vamshin24/turtlebot3_ws/install/turtlebot3_description/share/turtlebot3_description/meshes/bases/burger_base.stl
[0.899s] -- Symlinking: /home/vamshin24/turtlebot3_ws/install/turtlebot3_description/share/turtlebot3_description/meshes/bases/waffle_base.stl
[0.899s] -- Symlinking: /home/vamshin24/turtlebot3_ws/install/turtlebot3_description/share/turtlebot3_description/meshes/bases/waffle_pi_base.stl
[0.899s] -- Symlinking: /home/vamshin24/turtlebot3_ws/install/turtlebot3_description/share/turtlebot3_description/meshes/sensors/astra.dae
[0.902s] -- Symlinking: /home/vamshin24/turtlebot3_ws/install/turtlebot3_description/share/turtlebot3_description/meshes/sensors/astra.jpg
[0.908s] -- Symlinking: /home/vamshin24/turtlebot3_ws/install/turtlebot3_description/share/turtlebot3_description/meshes/sensors/lds.stl
[0.919s] -- Symlinking: /home/vamshin24/turtlebot3_ws/install/turtlebot3_description/share/turtlebot3_description/meshes/sensors/r200.dae
[0.937s] -- Symlinking: /home/vamshin24/turtlebot3_ws/install/turtlebot3_description/share/turtlebot3_description/meshes/sensors/r200.jpg
[0.957s] -- Symlinking: /home/vamshin24/turtlebot3_ws/install/turtlebot3_description/share/turtlebot3_description/meshes/wheels/left_tire.stl
[0.962s] -- Symlinking: /home/vamshin24/turtlebot3_ws/install/turtlebot3_description/share/turtlebot3_description/meshes/wheels/right_tire.stl
[0.984s] -- Symlinking: /home/vamshin24/turtlebot3_ws/install/turtlebot3_description/share/turtlebot3_description/rviz/model.rviz
[0.997s] -- Symlinking: /home/vamshin24/turtlebot3_ws/install/turtlebot3_description/share/turtlebot3_description/urdf/common_properties.urdf
[1.005s] -- Symlinking: /home/vamshin24/turtlebot3_ws/install/turtlebot3_description/share/turtlebot3_description/urdf/turtlebot3_burger.urdf
[1.012s] -- Symlinking: /home/vamshin24/turtlebot3_ws/install/turtlebot3_description/share/turtlebot3_description/urdf/turtlebot3_waffle.urdf
[1.029s] -- Symlinking: /home/vamshin24/turtlebot3_ws/install/turtlebot3_description/share/turtlebot3_description/urdf/turtlebot3_waffle_pi.urdf
[1.034s] -- Symlinking: /home/vamshin24/turtlebot3_ws/install/turtlebot3_description/share/ament_index/resource_index/package_run_dependencies/turtlebot3_description
[1.045s] -- Symlinking: /home/vamshin24/turtlebot3_ws/install/turtlebot3_description/share/ament_index/resource_index/parent_prefix_path/turtlebot3_description
[1.054s] -- Symlinking: /home/vamshin24/turtlebot3_ws/install/turtlebot3_description/share/turtlebot3_description/environment/ament_prefix_path.sh
[1.059s] -- Symlinking: /home/vamshin24/turtlebot3_ws/install/turtlebot3_description/share/turtlebot3_description/environment/ament_prefix_path.dsv
[1.065s] -- Symlinking: /home/vamshin24/turtlebot3_ws/install/turtlebot3_description/share/turtlebot3_description/environment/path.sh
[1.069s] -- Symlinking: /home/vamshin24/turtlebot3_ws/install/turtlebot3_description/share/turtlebot3_description/environment/path.dsv
[1.073s] -- Symlinking: /home/vamshin24/turtlebot3_ws/install/turtlebot3_description/share/turtlebot3_description/local_setup.bash
[1.079s] -- Symlinking: /home/vamshin24/turtlebot3_ws/install/turtlebot3_description/share/turtlebot3_description/local_setup.sh
[1.084s] -- Symlinking: /home/vamshin24/turtlebot3_ws/install/turtlebot3_description/share/turtlebot3_description/local_setup.zsh
[1.088s] -- Symlinking: /home/vamshin24/turtlebot3_ws/install/turtlebot3_description/share/turtlebot3_description/local_setup.dsv
[1.091s] -- Symlinking: /home/vamshin24/turtlebot3_ws/install/turtlebot3_description/share/turtlebot3_description/package.dsv
[1.096s] -- Symlinking: /home/vamshin24/turtlebot3_ws/install/turtlebot3_description/share/ament_index/resource_index/packages/turtlebot3_description
[1.099s] -- Symlinking: /home/vamshin24/turtlebot3_ws/install/turtlebot3_description/share/turtlebot3_description/cmake/turtlebot3_descriptionConfig.cmake
[1.102s] -- Symlinking: /home/vamshin24/turtlebot3_ws/install/turtlebot3_description/share/turtlebot3_description/cmake/turtlebot3_descriptionConfig-version.cmake
[1.106s] -- Symlinking: /home/vamshin24/turtlebot3_ws/install/turtlebot3_description/share/turtlebot3_description/package.xml
[1.128s] Invoked command in '/home/vamshin24/turtlebot3_ws/build/turtlebot3_description' returned '0': CMAKE_PREFIX_PATH=${CMAKE_PREFIX_PATH}:/opt/ros/humble /usr/bin/cmake --install /home/vamshin24/turtlebot3_ws/build/turtlebot3_description
